Using pre-set license
Built from '2021.3/staging' branch; Version is '2021.3.10f1 (1c7d0df0160b) revision 1867021'; Using compiler version '192829333'; Build Type 'Release'
OS: 'Windows 10  (10.0.17134) 64bit Core' Language: 'en' Physical Memory: 4005 MB
BatchMode: 1, IsHumanControllingUs: 0, StartBugReporterOnCrash: 0, Is64bit: 1, IsPro: 1

COMMAND LINE ARGUMENTS:
C:\Program Files\Unity\Hub\Editor\2021.3.10f1\Editor\Unity.exe
-adb2
-batchMode
-noUpm
-name
AssetImportWorker5
-projectPath
C:/Users/bqo97/Documents/GitHub/TowerDifence/TowerDifence2.0
-logFile
Logs/AssetImportWorker5.log
-srvPort
63896
Successfully changed project path to: C:/Users/bqo97/Documents/GitHub/TowerDifence/TowerDifence2.0
C:/Users/bqo97/Documents/GitHub/TowerDifence/TowerDifence2.0
[UnityMemory] Configuration Parameters - Can be set up in boot.config
    "memorysetup-bucket-allocator-granularity=16"
    "memorysetup-bucket-allocator-bucket-count=8"
    "memorysetup-bucket-allocator-block-size=33554432"
    "memorysetup-bucket-allocator-block-count=8"
    "memorysetup-main-allocator-block-size=16777216"
    "memorysetup-thread-allocator-block-size=16777216"
    "memorysetup-gfx-main-allocator-block-size=16777216"
    "memorysetup-gfx-thread-allocator-block-size=16777216"
    "memorysetup-cache-allocator-block-size=4194304"
    "memorysetup-typetree-allocator-block-size=2097152"
    "memorysetup-profiler-bucket-allocator-granularity=16"
    "memorysetup-profiler-bucket-allocator-bucket-count=8"
    "memorysetup-profiler-bucket-allocator-block-size=33554432"
    "memorysetup-profiler-bucket-allocator-block-count=8"
    "memorysetup-profiler-allocator-block-size=16777216"
    "memorysetup-profiler-editor-allocator-block-size=1048576"
    "memorysetup-temp-allocator-size-main=16777216"
    "memorysetup-job-temp-allocator-block-size=2097152"
    "memorysetup-job-temp-allocator-block-size-background=1048576"
    "memorysetup-job-temp-allocator-reduction-small-platforms=262144"
    "memorysetup-temp-allocator-size-background-worker=32768"
    "memorysetup-temp-allocator-size-job-worker=262144"
    "memorysetup-temp-allocator-size-preload-manager=33554432"
    "memorysetup-temp-allocator-size-nav-mesh-worker=65536"
    "memorysetup-temp-allocator-size-audio-worker=65536"
    "memorysetup-temp-allocator-size-cloud-worker=32768"
    "memorysetup-temp-allocator-size-gi-baking-worker=262144"
    "memorysetup-temp-allocator-size-gfx=262144"
Refreshing native plugins compatible for Editor in 300.50 ms, found 3 plugins.
Preloading 0 native plugins for Editor in 0.00 ms.
Initialize engine version: 2021.3.10f1 (1c7d0df0160b)
[Subsystems] Discovering subsystems at path C:/Program Files/Unity/Hub/Editor/2021.3.10f1/Editor/Data/Resources/UnitySubsystems
[Subsystems] Discovering subsystems at path C:/Users/bqo97/Documents/GitHub/TowerDifence/TowerDifence2.0/Assets
GfxDevice: creating device client; threaded=0; jobified=0
Direct3D:
    Version:  Direct3D 11.0 [level 11.1]
    Renderer: Intel(R) HD Graphics 520 (ID=0x1921)
    Vendor:   Intel
    VRAM:     2002 MB
    Driver:   24.20.100.6286
Initialize mono
Mono path[0] = 'C:/Program Files/Unity/Hub/Editor/2021.3.10f1/Editor/Data/Managed'
Mono path[1] = 'C:/Program Files/Unity/Hub/Editor/2021.3.10f1/Editor/Data/MonoBleedingEdge/lib/mono/unityjit-win32'
Mono config path = 'C:/Program Files/Unity/Hub/Editor/2021.3.10f1/Editor/Data/MonoBleedingEdge/etc'
Using monoOptions --debugger-agent=transport=dt_socket,embedding=1,server=y,suspend=n,address=127.0.0.1:56704
Begin MonoManager ReloadAssembly
Registering precompiled unity dll's ...
Register platform support module: C:/Program Files/Unity/Hub/Editor/2021.3.10f1/Editor/Data/PlaybackEngines/WebGLSupport/UnityEditor.WebGL.Extensions.dll
Register platform support module: C:/Program Files/Unity/Hub/Editor/2021.3.10f1/Editor/Data/PlaybackEngines/WindowsStandaloneSupport/UnityEditor.WindowsStandalone.Extensions.dll
Registered in 0.022671 seconds.
Native extension for WindowsStandalone target not found
Native extension for WebGL target not found
Refreshing native plugins compatible for Editor in 243.08 ms, found 3 plugins.
Preloading 0 native plugins for Editor in 0.00 ms.
Mono: successfully reloaded assembly
- Completed reload, in  1.958 seconds
Domain Reload Profiling:
	ReloadAssembly (1959ms)
		BeginReloadAssembly (276ms)
			ExecutionOrderSort (0ms)
			DisableScriptedObjects (0ms)
			BackupInstance (0ms)
			ReleaseScriptingObjects (0ms)
			CreateAndSetChildDomain (2ms)
		EndReloadAssembly (1204ms)
			LoadAssemblies (255ms)
			RebuildTransferFunctionScriptingTraits (0ms)
			SetupTypeCache (250ms)
			ReleaseScriptCaches (0ms)
			RebuildScriptCaches (70ms)
			SetupLoadedEditorAssemblies (756ms)
				LogAssemblyErrors (0ms)
				InitializePlatformSupportModulesInManaged (25ms)
				SetLoadedEditorAssemblies (0ms)
				RefreshPlugins (243ms)
				BeforeProcessingInitializeOnLoad (3ms)
				ProcessInitializeOnLoadAttributes (371ms)
				ProcessInitializeOnLoadMethodAttributes (113ms)
				AfterProcessingInitializeOnLoad (0ms)
				EditorAssembliesLoaded (0ms)
			ExecutionOrderSort2 (0ms)
			AwakeInstancesAfterBackupRestoration (0ms)
Platform modules already initialized, skipping
Registering precompiled user dll's ...
Registered in 0.024261 seconds.
Begin MonoManager ReloadAssembly
Symbol file LoadedFromMemory doesn't match image C:\Users\bqo97\Documents\GitHub\TowerDifence\TowerDifence2.0\Library\PackageCache\com.unity.visualscripting@1.7.8\Editor\VisualScripting.Core\Dependencies\YamlDotNet\Unity.VisualScripting.YamlDotNet.dll
Symbol file LoadedFromMemory doesn't match image C:\Users\bqo97\Documents\GitHub\TowerDifence\TowerDifence2.0\Library\PackageCache\com.unity.visualscripting@1.7.8\Editor\VisualScripting.Core\Dependencies\DotNetZip\Unity.VisualScripting.IonicZip.dll
Native extension for WindowsStandalone target not found
Native extension for WebGL target not found
Refreshing native plugins compatible for Editor in 1.20 ms, found 3 plugins.
Preloading 0 native plugins for Editor in 0.00 ms.
Mono: successfully reloaded assembly
- Completed reload, in  3.358 seconds
Domain Reload Profiling:
	ReloadAssembly (3360ms)
		BeginReloadAssembly (289ms)
			ExecutionOrderSort (0ms)
			DisableScriptedObjects (12ms)
			BackupInstance (0ms)
			ReleaseScriptingObjects (0ms)
			CreateAndSetChildDomain (38ms)
		EndReloadAssembly (2784ms)
			LoadAssemblies (423ms)
			RebuildTransferFunctionScriptingTraits (0ms)
			SetupTypeCache (827ms)
			ReleaseScriptCaches (1ms)
			RebuildScriptCaches (108ms)
			SetupLoadedEditorAssemblies (1309ms)
				LogAssemblyErrors (0ms)
				InitializePlatformSupportModulesInManaged (15ms)
				SetLoadedEditorAssemblies (1ms)
				RefreshPlugins (1ms)
				BeforeProcessingInitializeOnLoad (225ms)
				ProcessInitializeOnLoadAttributes (920ms)
				ProcessInitializeOnLoadMethodAttributes (103ms)
				AfterProcessingInitializeOnLoad (43ms)
				EditorAssembliesLoaded (0ms)
			ExecutionOrderSort2 (0ms)
			AwakeInstancesAfterBackupRestoration (15ms)
Platform modules already initialized, skipping
========================================================================
Worker process is ready to serve import requests
Launched and connected shader compiler UnityShaderCompiler.exe after 0.10 seconds
Refreshing native plugins compatible for Editor in 0.94 ms, found 3 plugins.
Preloading 0 native plugins for Editor in 0.00 ms.
Unloading 3385 Unused Serialized files (Serialized files now loaded: 0)
Unloading 27 unused Assets / (113.4 KB). Loaded Objects now: 3842.
Memory consumption went from 118.6 MB to 118.5 MB.
Total: 6.269942 ms (FindLiveObjects: 0.430779 ms CreateObjectMapping: 0.390169 ms MarkObjects: 5.234119 ms  DeleteObjects: 0.212305 ms)

AssetImportParameters requested are different than current active one (requested -> active):
  custom:video-decoder-ogg-theora: a1e56fd34408186e4bbccfd4996cb3dc -> 
  custom:container-muxer-webm: aa71ff27fc2769a1b78a27578f13a17b -> 
  custom:container-demuxer-webm: 4f35f7cbe854078d1ac9338744f61a02 -> 
  custom:video-encoder-webm-vp8: eb34c28f22e8b96e1ab97ce403110664 -> 
  custom:video-codec-MediaFoundation-h265: 746d11721c4dcdbdad8f713fa42b33f4 -> 
  custom:audio-encoder-webm-vorbis: bf7c407c2cedff20999df2af8eb42d56 -> 
  custom:framework-win-MediaFoundation: 216162199b28c13a410421893ffa2e32 -> 
  custom:container-demuxer-ogg: 62fdf1f143b41e24485cea50d1cbac27 -> 
  custom:video-decoder-webm-vp8: 9c59270c3fd7afecdb556c50c9e8de78 -> 
  custom:audio-decoder-ogg-vorbis: bf7c407c2cedff20999df2af8eb42d56 -> 
========================================================================
Received Import Request.
  Time since last request: 338273.028092 seconds.
  path: Assets/PreFabs/TowerPrefabs/Turret_1.prefab
  artifactKey: Guid(e79eff340f82f86468f00e92498d9e69) Importer(815301076,1909f56bfc062723c751e8b465ee728b)
Start importing Assets/PreFabs/TowerPrefabs/Turret_1.prefab using Guid(e79eff340f82f86468f00e92498d9e69) Importer(815301076,1909f56bfc062723c751e8b465ee728b)  -> (artifact id: '8dfdb1c9a7a83a378c21fc2aa81a729e') in 0.351202 seconds 
========================================================================
Received Import Request.
  Time since last request: 0.000048 seconds.
  path: Assets/PreFabs/TowerPrefabs/Turret_4.prefab
  artifactKey: Guid(2141c6879ddc3fb4b857d5b2917034ac) Importer(815301076,1909f56bfc062723c751e8b465ee728b)
Start importing Assets/PreFabs/TowerPrefabs/Turret_4.prefab using Guid(2141c6879ddc3fb4b857d5b2917034ac) Importer(815301076,1909f56bfc062723c751e8b465ee728b)  -> (artifact id: 'e32cac209bf88d8c812e60a2f2b57ba6') in 0.121780 seconds 
========================================================================
Received Import Request.
  Time since last request: 0.000095 seconds.
  path: Assets/PreFabs/TowerPrefabs/Turret_2.prefab
  artifactKey: Guid(713eabbd44d57ff46b3d1e8c28ca2681) Importer(815301076,1909f56bfc062723c751e8b465ee728b)
Start importing Assets/PreFabs/TowerPrefabs/Turret_2.prefab using Guid(713eabbd44d57ff46b3d1e8c28ca2681) Importer(815301076,1909f56bfc062723c751e8b465ee728b)  -> (artifact id: '0e09d772f7658eed12a7735b7312b551') in 0.088517 seconds 
========================================================================
Received Import Request.
  Time since last request: 0.000217 seconds.
  path: Assets/PreFabs/TowerPrefabs/Turret_3.prefab
  artifactKey: Guid(9f16a9eeb0efb6e4e8c0ec2e8ad2a228) Importer(815301076,1909f56bfc062723c751e8b465ee728b)
Start importing Assets/PreFabs/TowerPrefabs/Turret_3.prefab using Guid(9f16a9eeb0efb6e4e8c0ec2e8ad2a228) Importer(815301076,1909f56bfc062723c751e8b465ee728b)  -> (artifact id: 'f31f64178bfbb2b4ee90066751ebad52') in 0.091286 seconds 
========================================================================
Received Import Request.
  Time since last request: 1.851529 seconds.
  path: Assets/PreFabs/TowerPrefabs/Bullet.prefab
  artifactKey: Guid(4bba92ac26acf524485ed73ea6be97eb) Importer(815301076,1909f56bfc062723c751e8b465ee728b)
Start importing Assets/PreFabs/TowerPrefabs/Bullet.prefab using Guid(4bba92ac26acf524485ed73ea6be97eb) Importer(815301076,1909f56bfc062723c751e8b465ee728b)  -> (artifact id: '5dfd65243ad6ba41ad19e9d1ea207c53') in 0.083729 seconds 
========================================================================
Received Import Request.
  Time since last request: 162.326933 seconds.
  path: Assets/UIAssets/PNG/Black/1x/arrowDown.png
  artifactKey: Guid(3cfbedcf9c3d4f948ae6ab085e5a330c) Importer(815301076,1909f56bfc062723c751e8b465ee728b)
Start importing Assets/UIAssets/PNG/Black/1x/arrowDown.png using Guid(3cfbedcf9c3d4f948ae6ab085e5a330c) Importer(815301076,1909f56bfc062723c751e8b465ee728b)  -> (artifact id: '271b4123b97fbab160dba0f3e08f4220') in 0.545242 seconds 
========================================================================
Received Import Request.
  Time since last request: 0.000065 seconds.
  path: Assets/UIAssets/PNG/White/1x/arrowLeft.png
  artifactKey: Guid(adcbe910c769ba6459941aea1c444b8a) Importer(815301076,1909f56bfc062723c751e8b465ee728b)
Start importing Assets/UIAssets/PNG/White/1x/arrowLeft.png using Guid(adcbe910c769ba6459941aea1c444b8a) Importer(815301076,1909f56bfc062723c751e8b465ee728b)  -> (artifact id: 'e237ca80730634759aca1eab828453ba') in 0.185677 seconds 
========================================================================
Received Import Request.
  Time since last request: 0.000073 seconds.
  path: Assets/UIAssets/PNG/Black/2x/arrowLeft.png
  artifactKey: Guid(d815478769ba56a428d69f521db730f1) Importer(815301076,1909f56bfc062723c751e8b465ee728b)
Start importing Assets/UIAssets/PNG/Black/2x/arrowLeft.png using Guid(d815478769ba56a428d69f521db730f1) Importer(815301076,1909f56bfc062723c751e8b465ee728b)  -> (artifact id: '0c391a3a18ec9f725444db320f940476') in 0.121661 seconds 
========================================================================
Received Import Request.
  Time since last request: 0.000052 seconds.
  path: Assets/UIAssets/PNG/Black/2x/arrowDown.png
  artifactKey: Guid(f6c175dd43222c840b140fce616cb9b7) Importer(815301076,1909f56bfc062723c751e8b465ee728b)
Start importing Assets/UIAssets/PNG/Black/2x/arrowDown.png using Guid(f6c175dd43222c840b140fce616cb9b7) Importer(815301076,1909f56bfc062723c751e8b465ee728b)  -> (artifact id: '70cb27cd049f6176456b148241422179') in 0.099167 seconds 
========================================================================
Received Import Request.
  Time since last request: 0.000164 seconds.
  path: Assets/UIAssets/PNG/Black/1x/arrowLeft.png
  artifactKey: Guid(932f0d010929a8646bec3906f40ed3ce) Importer(815301076,1909f56bfc062723c751e8b465ee728b)
Start importing Assets/UIAssets/PNG/Black/1x/arrowLeft.png using Guid(932f0d010929a8646bec3906f40ed3ce) Importer(815301076,1909f56bfc062723c751e8b465ee728b)  -> (artifact id: '9bf18fd411e18f8cd510e93f67a517c5') in 0.127677 seconds 
========================================================================
Received Import Request.
  Time since last request: 0.000092 seconds.
  path: Assets/UIAssets/PNG/White/1x/arrowDown.png
  artifactKey: Guid(548e4a4272b43384f8d8cd7bcf48b869) Importer(815301076,1909f56bfc062723c751e8b465ee728b)
Start importing Assets/UIAssets/PNG/White/1x/arrowDown.png using Guid(548e4a4272b43384f8d8cd7bcf48b869) Importer(815301076,1909f56bfc062723c751e8b465ee728b)  -> (artifact id: '17be9321ed1f6c0b3bcdf6ea754a356b') in 0.088505 seconds 
========================================================================
Received Import Request.
  Time since last request: 0.000035 seconds.
  path: Assets/UIAssets/PNG/White/2x/arrowDown.png
  artifactKey: Guid(83f85e8ae35935c418217ef73b4916cd) Importer(815301076,1909f56bfc062723c751e8b465ee728b)
Start importing Assets/UIAssets/PNG/White/2x/arrowDown.png using Guid(83f85e8ae35935c418217ef73b4916cd) Importer(815301076,1909f56bfc062723c751e8b465ee728b)  -> (artifact id: '34b4a2e004c23cc4a523219e8ee2ca3e') in 0.110079 seconds 
========================================================================
Received Import Request.
  Time since last request: 0.000158 seconds.
  path: Assets/UIAssets/PNG/White/2x/arrowLeft.png
  artifactKey: Guid(9656d486737117948943d7cd7c0fff12) Importer(815301076,1909f56bfc062723c751e8b465ee728b)
Start importing Assets/UIAssets/PNG/White/2x/arrowLeft.png using Guid(9656d486737117948943d7cd7c0fff12) Importer(815301076,1909f56bfc062723c751e8b465ee728b)  -> (artifact id: '0d325c368ec7dc35cddccfe2d891c347') in 0.100037 seconds 
========================================================================
Received Import Request.
  Time since last request: 0.574611 seconds.
  path: Assets/UIAssets/PNG/White/1x/arrowRight.png
  artifactKey: Guid(7db322c66b4f9504cb282b6803f2b951) Importer(815301076,1909f56bfc062723c751e8b465ee728b)
Start importing Assets/UIAssets/PNG/White/1x/arrowRight.png using Guid(7db322c66b4f9504cb282b6803f2b951) Importer(815301076,1909f56bfc062723c751e8b465ee728b)  -> (artifact id: 'f800cfbee9cea608b2c77ef5bc2f51e3') in 0.102331 seconds 
========================================================================
Received Import Request.
  Time since last request: 0.000063 seconds.
  path: Assets/UIAssets/PNG/Black/1x/arrowRight.png
  artifactKey: Guid(6d4fdd58519289848a84665ad191377b) Importer(815301076,1909f56bfc062723c751e8b465ee728b)
Start importing Assets/UIAssets/PNG/Black/1x/arrowRight.png using Guid(6d4fdd58519289848a84665ad191377b) Importer(815301076,1909f56bfc062723c751e8b465ee728b)  -> (artifact id: '89cd5737a0ca7d0fa211b215794351c3') in 0.089949 seconds 
========================================================================
Received Import Request.
  Time since last request: 1.183328 seconds.
  path: Assets/UIAssets/PNG/White/2x/arrowRight.png
  artifactKey: Guid(6e5a83ac1a0cc4c4b80d7b64b7bf70da) Importer(815301076,1909f56bfc062723c751e8b465ee728b)
Start importing Assets/UIAssets/PNG/White/2x/arrowRight.png using Guid(6e5a83ac1a0cc4c4b80d7b64b7bf70da) Importer(815301076,1909f56bfc062723c751e8b465ee728b)  -> (artifact id: '02aa01a799eecd99de5ef5c8e310d883') in 0.099821 seconds 
========================================================================
Received Import Request.
  Time since last request: 0.000711 seconds.
  path: Assets/UIAssets/PNG/White/1x/arrowUp.png
  artifactKey: Guid(701e83ffd21f8b44ab0ef596a07eb2c4) Importer(815301076,1909f56bfc062723c751e8b465ee728b)
Start importing Assets/UIAssets/PNG/White/1x/arrowUp.png using Guid(701e83ffd21f8b44ab0ef596a07eb2c4) Importer(815301076,1909f56bfc062723c751e8b465ee728b)  -> (artifact id: '4adca27923ec35b06485a36eed435156') in 0.114644 seconds 
========================================================================
Received Import Request.
  Time since last request: 0.000077 seconds.
  path: Assets/UIAssets/PNG/Black/2x/arrowRight.png
  artifactKey: Guid(953d6c5b06bd9ea408849cf0bc436cfb) Importer(815301076,1909f56bfc062723c751e8b465ee728b)
Start importing Assets/UIAssets/PNG/Black/2x/arrowRight.png using Guid(953d6c5b06bd9ea408849cf0bc436cfb) Importer(815301076,1909f56bfc062723c751e8b465ee728b)  -> (artifact id: '9949c89bee067d9e20b9d6b6b1515b60') in 0.101352 seconds 
========================================================================
Received Import Request.
  Time since last request: 0.000058 seconds.
  path: Assets/UIAssets/PNG/Black/1x/arrowUp.png
  artifactKey: Guid(390e47a4b0be50c4ca64131d4202d0f7) Importer(815301076,1909f56bfc062723c751e8b465ee728b)
Start importing Assets/UIAssets/PNG/Black/1x/arrowUp.png using Guid(390e47a4b0be50c4ca64131d4202d0f7) Importer(815301076,1909f56bfc062723c751e8b465ee728b)  -> (artifact id: 'bf2ddeb50ae9db88107cfbd97fe19bc1') in 0.092964 seconds 
========================================================================
Received Import Request.
  Time since last request: 0.000072 seconds.
  path: Assets/UIAssets/PNG/Black/2x/arrowUp.png
  artifactKey: Guid(c8e5aec448008ad429dbf55b99ff47a0) Importer(815301076,1909f56bfc062723c751e8b465ee728b)
Start importing Assets/UIAssets/PNG/Black/2x/arrowUp.png using Guid(c8e5aec448008ad429dbf55b99ff47a0) Importer(815301076,1909f56bfc062723c751e8b465ee728b)  -> (artifact id: 'fb13ed67bb48aaed9f065154df546c45') in 0.071682 seconds 
========================================================================
Received Import Request.
  Time since last request: 0.000051 seconds.
  path: Assets/UIAssets/PNG/White/2x/arrowUp.png
  artifactKey: Guid(abb652618a2b09346a3bc113fa52bf6e) Importer(815301076,1909f56bfc062723c751e8b465ee728b)
Start importing Assets/UIAssets/PNG/White/2x/arrowUp.png using Guid(abb652618a2b09346a3bc113fa52bf6e) Importer(815301076,1909f56bfc062723c751e8b465ee728b)  -> (artifact id: '1c3fafa462bd690eeb22f7badfe88ae9') in 0.067208 seconds 
========================================================================
Received Import Request.
  Time since last request: 0.009474 seconds.
  path: Assets/UIAssets/PNG/White/1x/audioOff.png
  artifactKey: Guid(abeef4fcc3005a84eb2362674151a00f) Importer(815301076,1909f56bfc062723c751e8b465ee728b)
Start importing Assets/UIAssets/PNG/White/1x/audioOff.png using Guid(abeef4fcc3005a84eb2362674151a00f) Importer(815301076,1909f56bfc062723c751e8b465ee728b)  -> (artifact id: 'f190ddef56ecbf482ff75d170818b1ab') in 0.106586 seconds 
========================================================================
Received Import Request.
  Time since last request: 0.000225 seconds.
  path: Assets/UIAssets/PNG/White/2x/audioOff.png
  artifactKey: Guid(52a8bba03aaebf34a89ffa49062b6055) Importer(815301076,1909f56bfc062723c751e8b465ee728b)
Start importing Assets/UIAssets/PNG/White/2x/audioOff.png using Guid(52a8bba03aaebf34a89ffa49062b6055) Importer(815301076,1909f56bfc062723c751e8b465ee728b)  -> (artifact id: '07eda468204c43a4eb37029b2424880e') in 0.085118 seconds 
========================================================================
Received Prepare
Registering precompiled user dll's ...
Registered in 0.027855 seconds.
Begin MonoManager ReloadAssembly
Symbol file LoadedFromMemory doesn't match image C:\Users\bqo97\Documents\GitHub\TowerDifence\TowerDifence2.0\Library\PackageCache\com.unity.visualscripting@1.7.8\Editor\VisualScripting.Core\Dependencies\YamlDotNet\Unity.VisualScripting.YamlDotNet.dll
Symbol file LoadedFromMemory doesn't match image C:\Users\bqo97\Documents\GitHub\TowerDifence\TowerDifence2.0\Library\PackageCache\com.unity.visualscripting@1.7.8\Editor\VisualScripting.Core\Dependencies\DotNetZip\Unity.VisualScripting.IonicZip.dll
Native extension for WindowsStandalone target not found
Native extension for WebGL target not found
Refreshing native plugins compatible for Editor in 3.17 ms, found 3 plugins.
Preloading 0 native plugins for Editor in 0.00 ms.
Mono: successfully reloaded assembly
- Completed reload, in  7.757 seconds
Domain Reload Profiling:
	ReloadAssembly (7761ms)
		BeginReloadAssembly (468ms)
			ExecutionOrderSort (0ms)
			DisableScriptedObjects (11ms)
			BackupInstance (0ms)
			ReleaseScriptingObjects (0ms)
			CreateAndSetChildDomain (94ms)
		EndReloadAssembly (6720ms)
			LoadAssemblies (654ms)
			RebuildTransferFunctionScriptingTraits (0ms)
			SetupTypeCache (2578ms)
			ReleaseScriptCaches (5ms)
			RebuildScriptCaches (449ms)
			SetupLoadedEditorAssemblies (2462ms)
				LogAssemblyErrors (0ms)
				InitializePlatformSupportModulesInManaged (92ms)
				SetLoadedEditorAssemblies (13ms)
				RefreshPlugins (3ms)
				BeforeProcessingInitializeOnLoad (477ms)
				ProcessInitializeOnLoadAttributes (1604ms)
				ProcessInitializeOnLoadMethodAttributes (207ms)
				AfterProcessingInitializeOnLoad (64ms)
				EditorAssembliesLoaded (1ms)
			ExecutionOrderSort2 (0ms)
			AwakeInstancesAfterBackupRestoration (39ms)
Platform modules already initialized, skipping
Refreshing native plugins compatible for Editor in 4.65 ms, found 3 plugins.
Preloading 0 native plugins for Editor in 0.00 ms.
Unloading 3380 Unused Serialized files (Serialized files now loaded: 0)
Unloading 20 unused Assets / (79.7 KB). Loaded Objects now: 3857.
Memory consumption went from 123.1 MB to 123.0 MB.
Total: 5.023870 ms (FindLiveObjects: 0.352128 ms CreateObjectMapping: 0.231325 ms MarkObjects: 4.306762 ms  DeleteObjects: 0.131084 ms)

AssetImportParameters requested are different than current active one (requested -> active):
  custom:video-decoder-ogg-theora: a1e56fd34408186e4bbccfd4996cb3dc -> 
  custom:container-muxer-webm: aa71ff27fc2769a1b78a27578f13a17b -> 
  custom:container-demuxer-webm: 4f35f7cbe854078d1ac9338744f61a02 -> 
  custom:video-encoder-webm-vp8: eb34c28f22e8b96e1ab97ce403110664 -> 
  custom:video-codec-MediaFoundation-h265: 746d11721c4dcdbdad8f713fa42b33f4 -> 
  custom:audio-encoder-webm-vorbis: bf7c407c2cedff20999df2af8eb42d56 -> 
  custom:framework-win-MediaFoundation: 216162199b28c13a410421893ffa2e32 -> 
  custom:container-demuxer-ogg: 62fdf1f143b41e24485cea50d1cbac27 -> 
  custom:video-decoder-webm-vp8: 9c59270c3fd7afecdb556c50c9e8de78 -> 
  custom:audio-decoder-ogg-vorbis: bf7c407c2cedff20999df2af8eb42d56 -> 
========================================================================
Received Prepare
Registering precompiled user dll's ...
Registered in 0.032003 seconds.
Begin MonoManager ReloadAssembly
Symbol file LoadedFromMemory doesn't match image C:\Users\bqo97\Documents\GitHub\TowerDifence\TowerDifence2.0\Library\PackageCache\com.unity.visualscripting@1.7.8\Editor\VisualScripting.Core\Dependencies\YamlDotNet\Unity.VisualScripting.YamlDotNet.dll
Symbol file LoadedFromMemory doesn't match image C:\Users\bqo97\Documents\GitHub\TowerDifence\TowerDifence2.0\Library\PackageCache\com.unity.visualscripting@1.7.8\Editor\VisualScripting.Core\Dependencies\DotNetZip\Unity.VisualScripting.IonicZip.dll
Native extension for WindowsStandalone target not found
Native extension for WebGL target not found
Refreshing native plugins compatible for Editor in 4.29 ms, found 3 plugins.
Preloading 0 native plugins for Editor in 0.00 ms.
Mono: successfully reloaded assembly
- Completed reload, in  7.422 seconds
Domain Reload Profiling:
	ReloadAssembly (7429ms)
		BeginReloadAssembly (854ms)
			ExecutionOrderSort (0ms)
			DisableScriptedObjects (16ms)
			BackupInstance (0ms)
			ReleaseScriptingObjects (0ms)
			CreateAndSetChildDomain (211ms)
		EndReloadAssembly (5709ms)
			LoadAssemblies (741ms)
			RebuildTransferFunctionScriptingTraits (0ms)
			SetupTypeCache (1907ms)
			ReleaseScriptCaches (5ms)
			RebuildScriptCaches (312ms)
			SetupLoadedEditorAssemblies (2492ms)
				LogAssemblyErrors (0ms)
				InitializePlatformSupportModulesInManaged (104ms)
				SetLoadedEditorAssemblies (2ms)
				RefreshPlugins (5ms)
				BeforeProcessingInitializeOnLoad (523ms)
				ProcessInitializeOnLoadAttributes (1592ms)
				ProcessInitializeOnLoadMethodAttributes (198ms)
				AfterProcessingInitializeOnLoad (67ms)
				EditorAssembliesLoaded (2ms)
			ExecutionOrderSort2 (0ms)
			AwakeInstancesAfterBackupRestoration (43ms)
Platform modules already initialized, skipping
Refreshing native plugins compatible for Editor in 13.97 ms, found 3 plugins.
Preloading 0 native plugins for Editor in 0.00 ms.
Unloading 3380 Unused Serialized files (Serialized files now loaded: 0)
Unloading 20 unused Assets / (79.8 KB). Loaded Objects now: 3860.
Memory consumption went from 123.1 MB to 123.0 MB.
Total: 17.015257 ms (FindLiveObjects: 0.820948 ms CreateObjectMapping: 1.152514 ms MarkObjects: 14.649571 ms  DeleteObjects: 0.389655 ms)

AssetImportParameters requested are different than current active one (requested -> active):
  custom:video-decoder-ogg-theora: a1e56fd34408186e4bbccfd4996cb3dc -> 
  custom:container-muxer-webm: aa71ff27fc2769a1b78a27578f13a17b -> 
  custom:container-demuxer-webm: 4f35f7cbe854078d1ac9338744f61a02 -> 
  custom:video-encoder-webm-vp8: eb34c28f22e8b96e1ab97ce403110664 -> 
  custom:video-codec-MediaFoundation-h265: 746d11721c4dcdbdad8f713fa42b33f4 -> 
  custom:audio-encoder-webm-vorbis: bf7c407c2cedff20999df2af8eb42d56 -> 
  custom:framework-win-MediaFoundation: 216162199b28c13a410421893ffa2e32 -> 
  custom:container-demuxer-ogg: 62fdf1f143b41e24485cea50d1cbac27 -> 
  custom:video-decoder-webm-vp8: 9c59270c3fd7afecdb556c50c9e8de78 -> 
  custom:audio-decoder-ogg-vorbis: bf7c407c2cedff20999df2af8eb42d56 -> 
========================================================================
Received Import Request.
  Time since last request: 317.661646 seconds.
  path: Assets/PreFabs/TowerPrefabs/Bullet.prefab
  artifactKey: Guid(4bba92ac26acf524485ed73ea6be97eb) Importer(815301076,1909f56bfc062723c751e8b465ee728b)
Start importing Assets/PreFabs/TowerPrefabs/Bullet.prefab using Guid(4bba92ac26acf524485ed73ea6be97eb) Importer(815301076,1909f56bfc062723c751e8b465ee728b)  -> (artifact id: '8fe30c7322d738f2bcb106057574abee') in 0.225240 seconds 
========================================================================
Received Prepare
Registering precompiled user dll's ...
Registered in 0.029059 seconds.
Begin MonoManager ReloadAssembly
Symbol file LoadedFromMemory doesn't match image C:\Users\bqo97\Documents\GitHub\TowerDifence\TowerDifence2.0\Library\PackageCache\com.unity.visualscripting@1.7.8\Editor\VisualScripting.Core\Dependencies\YamlDotNet\Unity.VisualScripting.YamlDotNet.dll
Symbol file LoadedFromMemory doesn't match image C:\Users\bqo97\Documents\GitHub\TowerDifence\TowerDifence2.0\Library\PackageCache\com.unity.visualscripting@1.7.8\Editor\VisualScripting.Core\Dependencies\DotNetZip\Unity.VisualScripting.IonicZip.dll
Native extension for WindowsStandalone target not found
Native extension for WebGL target not found
Refreshing native plugins compatible for Editor in 1.82 ms, found 3 plugins.
Preloading 0 native plugins for Editor in 0.00 ms.
Mono: successfully reloaded assembly
- Completed reload, in  5.843 seconds
Domain Reload Profiling:
	ReloadAssembly (5845ms)
		BeginReloadAssembly (560ms)
			ExecutionOrderSort (0ms)
			DisableScriptedObjects (16ms)
			BackupInstance (0ms)
			ReleaseScriptingObjects (0ms)
			CreateAndSetChildDomain (114ms)
		EndReloadAssembly (4657ms)
			LoadAssemblies (526ms)
			RebuildTransferFunctionScriptingTraits (0ms)
			SetupTypeCache (1564ms)
			ReleaseScriptCaches (6ms)
			RebuildScriptCaches (254ms)
			SetupLoadedEditorAssemblies (2056ms)
				LogAssemblyErrors (0ms)
				InitializePlatformSupportModulesInManaged (86ms)
				SetLoadedEditorAssemblies (3ms)
				RefreshPlugins (2ms)
				BeforeProcessingInitializeOnLoad (426ms)
				ProcessInitializeOnLoadAttributes (1301ms)
				ProcessInitializeOnLoadMethodAttributes (170ms)
				AfterProcessingInitializeOnLoad (67ms)
				EditorAssembliesLoaded (1ms)
			ExecutionOrderSort2 (0ms)
			AwakeInstancesAfterBackupRestoration (38ms)
Platform modules already initialized, skipping
Refreshing native plugins compatible for Editor in 18.63 ms, found 3 plugins.
Preloading 0 native plugins for Editor in 0.00 ms.
Unloading 3380 Unused Serialized files (Serialized files now loaded: 0)
Unloading 20 unused Assets / (79.9 KB). Loaded Objects now: 3863.
Memory consumption went from 123.1 MB to 123.1 MB.
Total: 14.254775 ms (FindLiveObjects: 0.795759 ms CreateObjectMapping: 0.439518 ms MarkObjects: 12.577924 ms  DeleteObjects: 0.438490 ms)

AssetImportParameters requested are different than current active one (requested -> active):
  custom:video-decoder-ogg-theora: a1e56fd34408186e4bbccfd4996cb3dc -> 
  custom:container-muxer-webm: aa71ff27fc2769a1b78a27578f13a17b -> 
  custom:container-demuxer-webm: 4f35f7cbe854078d1ac9338744f61a02 -> 
  custom:video-encoder-webm-vp8: eb34c28f22e8b96e1ab97ce403110664 -> 
  custom:video-codec-MediaFoundation-h265: 746d11721c4dcdbdad8f713fa42b33f4 -> 
  custom:audio-encoder-webm-vorbis: bf7c407c2cedff20999df2af8eb42d56 -> 
  custom:framework-win-MediaFoundation: 216162199b28c13a410421893ffa2e32 -> 
  custom:container-demuxer-ogg: 62fdf1f143b41e24485cea50d1cbac27 -> 
  custom:video-decoder-webm-vp8: 9c59270c3fd7afecdb556c50c9e8de78 -> 
  custom:audio-decoder-ogg-vorbis: bf7c407c2cedff20999df2af8eb42d56 -> 
========================================================================
Received Import Request.
  Time since last request: 29.800501 seconds.
  path: Assets/PreFabs/TowerPrefabs/Bullet.prefab
  artifactKey: Guid(4bba92ac26acf524485ed73ea6be97eb) Importer(815301076,1909f56bfc062723c751e8b465ee728b)
Start importing Assets/PreFabs/TowerPrefabs/Bullet.prefab using Guid(4bba92ac26acf524485ed73ea6be97eb) Importer(815301076,1909f56bfc062723c751e8b465ee728b)  -> (artifact id: '69e449e5b9861f78fe7bc497b60d7f5f') in 0.541642 seconds 
========================================================================
Received Import Request.
  Time since last request: 7.521046 seconds.
  path: Assets/PreFabs/TowerPrefabs/Bullet.prefab
  artifactKey: Guid(4bba92ac26acf524485ed73ea6be97eb) Importer(815301076,1909f56bfc062723c751e8b465ee728b)
Start importing Assets/PreFabs/TowerPrefabs/Bullet.prefab using Guid(4bba92ac26acf524485ed73ea6be97eb) Importer(815301076,1909f56bfc062723c751e8b465ee728b)  -> (artifact id: '70d447fedfa4f983b2b29a1743f42b3f') in 0.043499 seconds 
========================================================================
Received Import Request.
  Time since last request: 13.432348 seconds.
  path: Assets/PreFabs/TowerPrefabs/Bullet.prefab
  artifactKey: Guid(4bba92ac26acf524485ed73ea6be97eb) Importer(815301076,1909f56bfc062723c751e8b465ee728b)
Start importing Assets/PreFabs/TowerPrefabs/Bullet.prefab using Guid(4bba92ac26acf524485ed73ea6be97eb) Importer(815301076,1909f56bfc062723c751e8b465ee728b)  -> (artifact id: '9bf43fdbf32a850c8ae0175c6cc16387') in 0.035606 seconds 
========================================================================
Received Import Request.
  Time since last request: 82.424821 seconds.
  path: Assets/PreFabs/TowerPrefabs/Bullet.prefab
  artifactKey: Guid(4bba92ac26acf524485ed73ea6be97eb) Importer(815301076,1909f56bfc062723c751e8b465ee728b)
Start importing Assets/PreFabs/TowerPrefabs/Bullet.prefab using Guid(4bba92ac26acf524485ed73ea6be97eb) Importer(815301076,1909f56bfc062723c751e8b465ee728b)  -> (artifact id: '68e42c4a51ce5eb2805f89793506d7de') in 0.079725 seconds 
========================================================================
Received Prepare
Registering precompiled user dll's ...
Registered in 0.019782 seconds.
Begin MonoManager ReloadAssembly
Symbol file LoadedFromMemory doesn't match image C:\Users\bqo97\Documents\GitHub\TowerDifence\TowerDifence2.0\Library\PackageCache\com.unity.visualscripting@1.7.8\Editor\VisualScripting.Core\Dependencies\YamlDotNet\Unity.VisualScripting.YamlDotNet.dll
Symbol file LoadedFromMemory doesn't match image C:\Users\bqo97\Documents\GitHub\TowerDifence\TowerDifence2.0\Library\PackageCache\com.unity.visualscripting@1.7.8\Editor\VisualScripting.Core\Dependencies\DotNetZip\Unity.VisualScripting.IonicZip.dll
Native extension for WindowsStandalone target not found
Native extension for WebGL target not found
Refreshing native plugins compatible for Editor in 1.47 ms, found 3 plugins.
Preloading 0 native plugins for Editor in 0.00 ms.
Mono: successfully reloaded assembly
- Completed reload, in  3.790 seconds
Domain Reload Profiling:
	ReloadAssembly (3792ms)
		BeginReloadAssembly (536ms)
			ExecutionOrderSort (0ms)
			DisableScriptedObjects (18ms)
			BackupInstance (0ms)
			ReleaseScriptingObjects (0ms)
			CreateAndSetChildDomain (137ms)
		EndReloadAssembly (2836ms)
			LoadAssemblies (439ms)
			RebuildTransferFunctionScriptingTraits (0ms)
			SetupTypeCache (941ms)
			ReleaseScriptCaches (6ms)
			RebuildScriptCaches (137ms)
			SetupLoadedEditorAssemblies (1243ms)
				LogAssemblyErrors (0ms)
				InitializePlatformSupportModulesInManaged (56ms)
				SetLoadedEditorAssemblies (1ms)
				RefreshPlugins (2ms)
				BeforeProcessingInitializeOnLoad (255ms)
				ProcessInitializeOnLoadAttributes (784ms)
				ProcessInitializeOnLoadMethodAttributes (103ms)
				AfterProcessingInitializeOnLoad (40ms)
				EditorAssembliesLoaded (2ms)
			ExecutionOrderSort2 (0ms)
			AwakeInstancesAfterBackupRestoration (14ms)
Platform modules already initialized, skipping
Refreshing native plugins compatible for Editor in 6.06 ms, found 3 plugins.
Preloading 0 native plugins for Editor in 0.00 ms.
Unloading 3380 Unused Serialized files (Serialized files now loaded: 0)
Unloading 20 unused Assets / (79.8 KB). Loaded Objects now: 3866.
Memory consumption went from 123.1 MB to 123.1 MB.
Total: 8.953315 ms (FindLiveObjects: 0.720707 ms CreateObjectMapping: 1.473799 ms MarkObjects: 6.576834 ms  DeleteObjects: 0.179920 ms)

AssetImportParameters requested are different than current active one (requested -> active):
  custom:video-decoder-ogg-theora: a1e56fd34408186e4bbccfd4996cb3dc -> 
  custom:container-muxer-webm: aa71ff27fc2769a1b78a27578f13a17b -> 
  custom:container-demuxer-webm: 4f35f7cbe854078d1ac9338744f61a02 -> 
  custom:video-encoder-webm-vp8: eb34c28f22e8b96e1ab97ce403110664 -> 
  custom:video-codec-MediaFoundation-h265: 746d11721c4dcdbdad8f713fa42b33f4 -> 
  custom:audio-encoder-webm-vorbis: bf7c407c2cedff20999df2af8eb42d56 -> 
  custom:framework-win-MediaFoundation: 216162199b28c13a410421893ffa2e32 -> 
  custom:container-demuxer-ogg: 62fdf1f143b41e24485cea50d1cbac27 -> 
  custom:video-decoder-webm-vp8: 9c59270c3fd7afecdb556c50c9e8de78 -> 
  custom:audio-decoder-ogg-vorbis: bf7c407c2cedff20999df2af8eb42d56 -> 
========================================================================
Received Prepare
Registering precompiled user dll's ...
Registered in 0.022971 seconds.
Begin MonoManager ReloadAssembly
Symbol file LoadedFromMemory doesn't match image C:\Users\bqo97\Documents\GitHub\TowerDifence\TowerDifence2.0\Library\PackageCache\com.unity.visualscripting@1.7.8\Editor\VisualScripting.Core\Dependencies\YamlDotNet\Unity.VisualScripting.YamlDotNet.dll
Symbol file LoadedFromMemory doesn't match image C:\Users\bqo97\Documents\GitHub\TowerDifence\TowerDifence2.0\Library\PackageCache\com.unity.visualscripting@1.7.8\Editor\VisualScripting.Core\Dependencies\DotNetZip\Unity.VisualScripting.IonicZip.dll
Native extension for WindowsStandalone target not found
Native extension for WebGL target not found
Refreshing native plugins compatible for Editor in 2.67 ms, found 3 plugins.
Preloading 0 native plugins for Editor in 0.00 ms.
Mono: successfully reloaded assembly
- Completed reload, in  8.223 seconds
Domain Reload Profiling:
	ReloadAssembly (8235ms)
		BeginReloadAssembly (2447ms)
			ExecutionOrderSort (0ms)
			DisableScriptedObjects (112ms)
			BackupInstance (0ms)
			ReleaseScriptingObjects (0ms)
			CreateAndSetChildDomain (886ms)
		EndReloadAssembly (5193ms)
			LoadAssemblies (1208ms)
			RebuildTransferFunctionScriptingTraits (0ms)
			SetupTypeCache (1887ms)
			ReleaseScriptCaches (6ms)
			RebuildScriptCaches (251ms)
			SetupLoadedEditorAssemblies (2115ms)
				LogAssemblyErrors (0ms)
				InitializePlatformSupportModulesInManaged (89ms)
				SetLoadedEditorAssemblies (4ms)
				RefreshPlugins (3ms)
				BeforeProcessingInitializeOnLoad (420ms)
				ProcessInitializeOnLoadAttributes (1328ms)
				ProcessInitializeOnLoadMethodAttributes (197ms)
				AfterProcessingInitializeOnLoad (73ms)
				EditorAssembliesLoaded (1ms)
			ExecutionOrderSort2 (0ms)
			AwakeInstancesAfterBackupRestoration (37ms)
Platform modules already initialized, skipping
Refreshing native plugins compatible for Editor in 13.82 ms, found 3 plugins.
Preloading 0 native plugins for Editor in 0.00 ms.
Unloading 3380 Unused Serialized files (Serialized files now loaded: 0)
Unloading 20 unused Assets / (79.8 KB). Loaded Objects now: 3869.
Memory consumption went from 123.2 MB to 123.1 MB.
Total: 13.508366 ms (FindLiveObjects: 1.976032 ms CreateObjectMapping: 1.131952 ms MarkObjects: 9.970118 ms  DeleteObjects: 0.419984 ms)

AssetImportParameters requested are different than current active one (requested -> active):
  custom:video-decoder-ogg-theora: a1e56fd34408186e4bbccfd4996cb3dc -> 
  custom:container-muxer-webm: aa71ff27fc2769a1b78a27578f13a17b -> 
  custom:container-demuxer-webm: 4f35f7cbe854078d1ac9338744f61a02 -> 
  custom:video-encoder-webm-vp8: eb34c28f22e8b96e1ab97ce403110664 -> 
  custom:video-codec-MediaFoundation-h265: 746d11721c4dcdbdad8f713fa42b33f4 -> 
  custom:audio-encoder-webm-vorbis: bf7c407c2cedff20999df2af8eb42d56 -> 
  custom:framework-win-MediaFoundation: 216162199b28c13a410421893ffa2e32 -> 
  custom:container-demuxer-ogg: 62fdf1f143b41e24485cea50d1cbac27 -> 
  custom:video-decoder-webm-vp8: 9c59270c3fd7afecdb556c50c9e8de78 -> 
  custom:audio-decoder-ogg-vorbis: bf7c407c2cedff20999df2af8eb42d56 -> 
========================================================================
Received Import Request.
  Time since last request: 214.656397 seconds.
  path: Assets/PreFabs/TowerPrefabs/Bullet.prefab
  artifactKey: Guid(4bba92ac26acf524485ed73ea6be97eb) Importer(815301076,1909f56bfc062723c751e8b465ee728b)
Start importing Assets/PreFabs/TowerPrefabs/Bullet.prefab using Guid(4bba92ac26acf524485ed73ea6be97eb) Importer(815301076,1909f56bfc062723c751e8b465ee728b)  -> (artifact id: '8999cde60a6301f1419c32803304b4b7') in 0.190820 seconds 
========================================================================
Received Prepare
Registering precompiled user dll's ...
Registered in 0.019607 seconds.
Begin MonoManager ReloadAssembly
Symbol file LoadedFromMemory doesn't match image C:\Users\bqo97\Documents\GitHub\TowerDifence\TowerDifence2.0\Library\PackageCache\com.unity.visualscripting@1.7.8\Editor\VisualScripting.Core\Dependencies\YamlDotNet\Unity.VisualScripting.YamlDotNet.dll
Symbol file LoadedFromMemory doesn't match image C:\Users\bqo97\Documents\GitHub\TowerDifence\TowerDifence2.0\Library\PackageCache\com.unity.visualscripting@1.7.8\Editor\VisualScripting.Core\Dependencies\DotNetZip\Unity.VisualScripting.IonicZip.dll
Native extension for WindowsStandalone target not found
Native extension for WebGL target not found
Refreshing native plugins compatible for Editor in 1.82 ms, found 3 plugins.
Preloading 0 native plugins for Editor in 0.00 ms.
Mono: successfully reloaded assembly
- Completed reload, in  5.475 seconds
Domain Reload Profiling:
	ReloadAssembly (5477ms)
		BeginReloadAssembly (753ms)
			ExecutionOrderSort (0ms)
			DisableScriptedObjects (33ms)
			BackupInstance (0ms)
			ReleaseScriptingObjects (0ms)
			CreateAndSetChildDomain (173ms)
		EndReloadAssembly (4163ms)
			LoadAssemblies (576ms)
			RebuildTransferFunctionScriptingTraits (0ms)
			SetupTypeCache (1362ms)
			ReleaseScriptCaches (4ms)
			RebuildScriptCaches (228ms)
			SetupLoadedEditorAssemblies (1841ms)
				LogAssemblyErrors (0ms)
				InitializePlatformSupportModulesInManaged (89ms)
				SetLoadedEditorAssemblies (4ms)
				RefreshPlugins (2ms)
				BeforeProcessingInitializeOnLoad (389ms)
				ProcessInitializeOnLoadAttributes (1147ms)
				ProcessInitializeOnLoadMethodAttributes (147ms)
				AfterProcessingInitializeOnLoad (63ms)
				EditorAssembliesLoaded (0ms)
			ExecutionOrderSort2 (0ms)
			AwakeInstancesAfterBackupRestoration (36ms)
Platform modules already initialized, skipping
Refreshing native plugins compatible for Editor in 14.28 ms, found 3 plugins.
Preloading 0 native plugins for Editor in 0.00 ms.
Unloading 3380 Unused Serialized files (Serialized files now loaded: 0)
Unloading 20 unused Assets / (80.0 KB). Loaded Objects now: 3872.
Memory consumption went from 123.2 MB to 123.1 MB.
Total: 15.214004 ms (FindLiveObjects: 1.184385 ms CreateObjectMapping: 0.802956 ms MarkObjects: 13.028238 ms  DeleteObjects: 0.194313 ms)

AssetImportParameters requested are different than current active one (requested -> active):
  custom:video-decoder-ogg-theora: a1e56fd34408186e4bbccfd4996cb3dc -> 
  custom:container-muxer-webm: aa71ff27fc2769a1b78a27578f13a17b -> 
  custom:container-demuxer-webm: 4f35f7cbe854078d1ac9338744f61a02 -> 
  custom:video-encoder-webm-vp8: eb34c28f22e8b96e1ab97ce403110664 -> 
  custom:video-codec-MediaFoundation-h265: 746d11721c4dcdbdad8f713fa42b33f4 -> 
  custom:audio-encoder-webm-vorbis: bf7c407c2cedff20999df2af8eb42d56 -> 
  custom:framework-win-MediaFoundation: 216162199b28c13a410421893ffa2e32 -> 
  custom:container-demuxer-ogg: 62fdf1f143b41e24485cea50d1cbac27 -> 
  custom:video-decoder-webm-vp8: 9c59270c3fd7afecdb556c50c9e8de78 -> 
  custom:audio-decoder-ogg-vorbis: bf7c407c2cedff20999df2af8eb42d56 -> 
