Using pre-set license
Built from '2021.3/staging' branch; Version is '2021.3.10f1 (1c7d0df0160b) revision 1867021'; Using compiler version '192829333'; Build Type 'Release'
OS: 'Windows 10  (10.0.17134) 64bit Core' Language: 'en' Physical Memory: 4005 MB
BatchMode: 1, IsHumanControllingUs: 0, StartBugReporterOnCrash: 0, Is64bit: 1, IsPro: 1

COMMAND LINE ARGUMENTS:
C:\Program Files\Unity\Hub\Editor\2021.3.10f1\Editor\Unity.exe
-adb2
-batchMode
-noUpm
-name
AssetImportWorker3
-projectPath
C:/Users/bqo97/Documents/GitHub/TowerDifence/TowerDifence2.0
-logFile
Logs/AssetImportWorker3.log
-srvPort
54786
Successfully changed project path to: C:/Users/bqo97/Documents/GitHub/TowerDifence/TowerDifence2.0
C:/Users/bqo97/Documents/GitHub/TowerDifence/TowerDifence2.0
[UnityMemory] Configuration Parameters - Can be set up in boot.config
    "memorysetup-bucket-allocator-granularity=16"
    "memorysetup-bucket-allocator-bucket-count=8"
    "memorysetup-bucket-allocator-block-size=33554432"
    "memorysetup-bucket-allocator-block-count=8"
    "memorysetup-main-allocator-block-size=16777216"
    "memorysetup-thread-allocator-block-size=16777216"
    "memorysetup-gfx-main-allocator-block-size=16777216"
    "memorysetup-gfx-thread-allocator-block-size=16777216"
    "memorysetup-cache-allocator-block-size=4194304"
    "memorysetup-typetree-allocator-block-size=2097152"
    "memorysetup-profiler-bucket-allocator-granularity=16"
    "memorysetup-profiler-bucket-allocator-bucket-count=8"
    "memorysetup-profiler-bucket-allocator-block-size=33554432"
    "memorysetup-profiler-bucket-allocator-block-count=8"
    "memorysetup-profiler-allocator-block-size=16777216"
    "memorysetup-profiler-editor-allocator-block-size=1048576"
    "memorysetup-temp-allocator-size-main=16777216"
    "memorysetup-job-temp-allocator-block-size=2097152"
    "memorysetup-job-temp-allocator-block-size-background=1048576"
    "memorysetup-job-temp-allocator-reduction-small-platforms=262144"
    "memorysetup-temp-allocator-size-background-worker=32768"
    "memorysetup-temp-allocator-size-job-worker=262144"
    "memorysetup-temp-allocator-size-preload-manager=33554432"
    "memorysetup-temp-allocator-size-nav-mesh-worker=65536"
    "memorysetup-temp-allocator-size-audio-worker=65536"
    "memorysetup-temp-allocator-size-cloud-worker=32768"
    "memorysetup-temp-allocator-size-gi-baking-worker=262144"
    "memorysetup-temp-allocator-size-gfx=262144"
Refreshing native plugins compatible for Editor in 442.72 ms, found 3 plugins.
Preloading 0 native plugins for Editor in 0.00 ms.
Initialize engine version: 2021.3.10f1 (1c7d0df0160b)
[Subsystems] Discovering subsystems at path C:/Program Files/Unity/Hub/Editor/2021.3.10f1/Editor/Data/Resources/UnitySubsystems
[Subsystems] Discovering subsystems at path C:/Users/bqo97/Documents/GitHub/TowerDifence/TowerDifence2.0/Assets
GfxDevice: creating device client; threaded=0; jobified=0
Direct3D:
    Version:  Direct3D 11.0 [level 11.1]
    Renderer: Intel(R) HD Graphics 520 (ID=0x1921)
    Vendor:   Intel
    VRAM:     2002 MB
    Driver:   24.20.100.6286
Initialize mono
Mono path[0] = 'C:/Program Files/Unity/Hub/Editor/2021.3.10f1/Editor/Data/Managed'
Mono path[1] = 'C:/Program Files/Unity/Hub/Editor/2021.3.10f1/Editor/Data/MonoBleedingEdge/lib/mono/unityjit-win32'
Mono config path = 'C:/Program Files/Unity/Hub/Editor/2021.3.10f1/Editor/Data/MonoBleedingEdge/etc'
Using monoOptions --debugger-agent=transport=dt_socket,embedding=1,server=y,suspend=n,address=127.0.0.1:56576
Begin MonoManager ReloadAssembly
Registering precompiled unity dll's ...
Register platform support module: C:/Program Files/Unity/Hub/Editor/2021.3.10f1/Editor/Data/PlaybackEngines/WebGLSupport/UnityEditor.WebGL.Extensions.dll
Register platform support module: C:/Program Files/Unity/Hub/Editor/2021.3.10f1/Editor/Data/PlaybackEngines/WindowsStandaloneSupport/UnityEditor.WindowsStandalone.Extensions.dll
Registered in 0.032407 seconds.
Native extension for WindowsStandalone target not found
Native extension for WebGL target not found
Refreshing native plugins compatible for Editor in 302.40 ms, found 3 plugins.
Preloading 0 native plugins for Editor in 0.00 ms.
Mono: successfully reloaded assembly
- Completed reload, in  2.195 seconds
Domain Reload Profiling:
	ReloadAssembly (2197ms)
		BeginReloadAssembly (321ms)
			ExecutionOrderSort (0ms)
			DisableScriptedObjects (0ms)
			BackupInstance (0ms)
			ReleaseScriptingObjects (0ms)
			CreateAndSetChildDomain (4ms)
		EndReloadAssembly (1467ms)
			LoadAssemblies (313ms)
			RebuildTransferFunctionScriptingTraits (2ms)
			SetupTypeCache (297ms)
			ReleaseScriptCaches (0ms)
			RebuildScriptCaches (70ms)
			SetupLoadedEditorAssemblies (941ms)
				LogAssemblyErrors (0ms)
				InitializePlatformSupportModulesInManaged (33ms)
				SetLoadedEditorAssemblies (0ms)
				RefreshPlugins (304ms)
				BeforeProcessingInitializeOnLoad (8ms)
				ProcessInitializeOnLoadAttributes (471ms)
				ProcessInitializeOnLoadMethodAttributes (123ms)
				AfterProcessingInitializeOnLoad (0ms)
				EditorAssembliesLoaded (1ms)
			ExecutionOrderSort2 (0ms)
			AwakeInstancesAfterBackupRestoration (0ms)
Platform modules already initialized, skipping
Registering precompiled user dll's ...
Registered in 0.055611 seconds.
Begin MonoManager ReloadAssembly
Symbol file LoadedFromMemory doesn't match image C:\Users\bqo97\Documents\GitHub\TowerDifence\TowerDifence2.0\Library\PackageCache\com.unity.visualscripting@1.7.8\Editor\VisualScripting.Core\Dependencies\YamlDotNet\Unity.VisualScripting.YamlDotNet.dll
Symbol file LoadedFromMemory doesn't match image C:\Users\bqo97\Documents\GitHub\TowerDifence\TowerDifence2.0\Library\PackageCache\com.unity.visualscripting@1.7.8\Editor\VisualScripting.Core\Dependencies\DotNetZip\Unity.VisualScripting.IonicZip.dll
Native extension for WindowsStandalone target not found
Native extension for WebGL target not found
Refreshing native plugins compatible for Editor in 7.68 ms, found 3 plugins.
Preloading 0 native plugins for Editor in 0.00 ms.
Mono: successfully reloaded assembly
- Completed reload, in  4.156 seconds
Domain Reload Profiling:
	ReloadAssembly (4165ms)
		BeginReloadAssembly (473ms)
			ExecutionOrderSort (0ms)
			DisableScriptedObjects (22ms)
			BackupInstance (0ms)
			ReleaseScriptingObjects (2ms)
			CreateAndSetChildDomain (54ms)
		EndReloadAssembly (3362ms)
			LoadAssemblies (472ms)
			RebuildTransferFunctionScriptingTraits (2ms)
			SetupTypeCache (739ms)
			ReleaseScriptCaches (1ms)
			RebuildScriptCaches (239ms)
			SetupLoadedEditorAssemblies (1872ms)
				LogAssemblyErrors (0ms)
				InitializePlatformSupportModulesInManaged (35ms)
				SetLoadedEditorAssemblies (7ms)
				RefreshPlugins (10ms)
				BeforeProcessingInitializeOnLoad (270ms)
				ProcessInitializeOnLoadAttributes (1454ms)
				ProcessInitializeOnLoadMethodAttributes (74ms)
				AfterProcessingInitializeOnLoad (23ms)
				EditorAssembliesLoaded (1ms)
			ExecutionOrderSort2 (0ms)
			AwakeInstancesAfterBackupRestoration (18ms)
Platform modules already initialized, skipping
========================================================================
Worker process is ready to serve import requests
Launched and connected shader compiler UnityShaderCompiler.exe after 0.15 seconds
Refreshing native plugins compatible for Editor in 1.02 ms, found 3 plugins.
Preloading 0 native plugins for Editor in 0.00 ms.
Unloading 3384 Unused Serialized files (Serialized files now loaded: 0)
Unloading 27 unused Assets / (113.4 KB). Loaded Objects now: 3841.
Memory consumption went from 118.7 MB to 118.6 MB.
Total: 11.498921 ms (FindLiveObjects: 1.510811 ms CreateObjectMapping: 0.564434 ms MarkObjects: 7.677428 ms  DeleteObjects: 1.743678 ms)

AssetImportParameters requested are different than current active one (requested -> active):
  custom:video-decoder-ogg-theora: a1e56fd34408186e4bbccfd4996cb3dc -> 
  custom:container-muxer-webm: aa71ff27fc2769a1b78a27578f13a17b -> 
  custom:container-demuxer-webm: 4f35f7cbe854078d1ac9338744f61a02 -> 
  custom:video-encoder-webm-vp8: eb34c28f22e8b96e1ab97ce403110664 -> 
  custom:video-codec-MediaFoundation-h265: 746d11721c4dcdbdad8f713fa42b33f4 -> 
  custom:audio-encoder-webm-vorbis: bf7c407c2cedff20999df2af8eb42d56 -> 
  custom:framework-win-MediaFoundation: 216162199b28c13a410421893ffa2e32 -> 
  custom:container-demuxer-ogg: 62fdf1f143b41e24485cea50d1cbac27 -> 
  custom:video-decoder-webm-vp8: 9c59270c3fd7afecdb556c50c9e8de78 -> 
  custom:audio-decoder-ogg-vorbis: bf7c407c2cedff20999df2af8eb42d56 -> 
========================================================================
Received Import Request.
  Time since last request: 251592.553827 seconds.
  path: Assets/Scripts/Turret.cs
  artifactKey: Guid(7a8664f94d98e184cb5dc1eaa792d4b8) Importer(815301076,1909f56bfc062723c751e8b465ee728b)
Start importing Assets/Scripts/Turret.cs using Guid(7a8664f94d98e184cb5dc1eaa792d4b8) Importer(815301076,1909f56bfc062723c751e8b465ee728b)  -> (artifact id: '27aeaf05410d580dcee128030a57c2f7') in 0.116936 seconds 
========================================================================
Received Import Request.
  Time since last request: 140.693264 seconds.
  path: Assets/Scripts/Turret.cs
  artifactKey: Guid(7a8664f94d98e184cb5dc1eaa792d4b8) Importer(815301076,1909f56bfc062723c751e8b465ee728b)
Start importing Assets/Scripts/Turret.cs using Guid(7a8664f94d98e184cb5dc1eaa792d4b8) Importer(815301076,1909f56bfc062723c751e8b465ee728b)  -> (artifact id: 'c6353e2d77008db5b3898359b9a8d355') in 0.031289 seconds 
========================================================================
Received Prepare
Registering precompiled user dll's ...
Registered in 0.026204 seconds.
Begin MonoManager ReloadAssembly
Symbol file LoadedFromMemory doesn't match image C:\Users\bqo97\Documents\GitHub\TowerDifence\TowerDifence2.0\Library\PackageCache\com.unity.visualscripting@1.7.8\Editor\VisualScripting.Core\Dependencies\YamlDotNet\Unity.VisualScripting.YamlDotNet.dll
Symbol file LoadedFromMemory doesn't match image C:\Users\bqo97\Documents\GitHub\TowerDifence\TowerDifence2.0\Library\PackageCache\com.unity.visualscripting@1.7.8\Editor\VisualScripting.Core\Dependencies\DotNetZip\Unity.VisualScripting.IonicZip.dll
Native extension for WindowsStandalone target not found
Native extension for WebGL target not found
Refreshing native plugins compatible for Editor in 1.38 ms, found 3 plugins.
Preloading 0 native plugins for Editor in 0.00 ms.
Mono: successfully reloaded assembly
- Completed reload, in  3.900 seconds
Domain Reload Profiling:
	ReloadAssembly (3904ms)
		BeginReloadAssembly (1062ms)
			ExecutionOrderSort (0ms)
			DisableScriptedObjects (40ms)
			BackupInstance (0ms)
			ReleaseScriptingObjects (0ms)
			CreateAndSetChildDomain (272ms)
		EndReloadAssembly (2530ms)
			LoadAssemblies (600ms)
			RebuildTransferFunctionScriptingTraits (0ms)
			SetupTypeCache (644ms)
			ReleaseScriptCaches (3ms)
			RebuildScriptCaches (154ms)
			SetupLoadedEditorAssemblies (724ms)
				LogAssemblyErrors (0ms)
				InitializePlatformSupportModulesInManaged (33ms)
				SetLoadedEditorAssemblies (1ms)
				RefreshPlugins (2ms)
				BeforeProcessingInitializeOnLoad (156ms)
				ProcessInitializeOnLoadAttributes (450ms)
				ProcessInitializeOnLoadMethodAttributes (61ms)
				AfterProcessingInitializeOnLoad (21ms)
				EditorAssembliesLoaded (0ms)
			ExecutionOrderSort2 (0ms)
			AwakeInstancesAfterBackupRestoration (12ms)
Platform modules already initialized, skipping
Refreshing native plugins compatible for Editor in 10.16 ms, found 3 plugins.
Preloading 0 native plugins for Editor in 0.00 ms.
Unloading 3379 Unused Serialized files (Serialized files now loaded: 0)
Unloading 20 unused Assets / (79.9 KB). Loaded Objects now: 3844.
Memory consumption went from 118.6 MB to 118.5 MB.
Total: 8.623291 ms (FindLiveObjects: 0.356755 ms CreateObjectMapping: 0.272450 ms MarkObjects: 7.781781 ms  DeleteObjects: 0.210763 ms)

AssetImportParameters requested are different than current active one (requested -> active):
  custom:video-decoder-ogg-theora: a1e56fd34408186e4bbccfd4996cb3dc -> 
  custom:container-muxer-webm: aa71ff27fc2769a1b78a27578f13a17b -> 
  custom:container-demuxer-webm: 4f35f7cbe854078d1ac9338744f61a02 -> 
  custom:video-encoder-webm-vp8: eb34c28f22e8b96e1ab97ce403110664 -> 
  custom:video-codec-MediaFoundation-h265: 746d11721c4dcdbdad8f713fa42b33f4 -> 
  custom:audio-encoder-webm-vorbis: bf7c407c2cedff20999df2af8eb42d56 -> 
  custom:framework-win-MediaFoundation: 216162199b28c13a410421893ffa2e32 -> 
  custom:container-demuxer-ogg: 62fdf1f143b41e24485cea50d1cbac27 -> 
  custom:video-decoder-webm-vp8: 9c59270c3fd7afecdb556c50c9e8de78 -> 
  custom:audio-decoder-ogg-vorbis: bf7c407c2cedff20999df2af8eb42d56 -> 
========================================================================
Received Import Request.
  Time since last request: 61.653383 seconds.
  path: Assets/PreFabs/TowerPrefabs/Turret_1.prefab
  artifactKey: Guid(e79eff340f82f86468f00e92498d9e69) Importer(815301076,1909f56bfc062723c751e8b465ee728b)
Start importing Assets/PreFabs/TowerPrefabs/Turret_1.prefab using Guid(e79eff340f82f86468f00e92498d9e69) Importer(815301076,1909f56bfc062723c751e8b465ee728b)  -> (artifact id: '0ab13e2704e594972c9dd324510f6a05') in 0.441189 seconds 
========================================================================
Received Import Request.
  Time since last request: 0.000041 seconds.
  path: Assets/PreFabs/TowerPrefabs/Turret_4.prefab
  artifactKey: Guid(2141c6879ddc3fb4b857d5b2917034ac) Importer(815301076,1909f56bfc062723c751e8b465ee728b)
Start importing Assets/PreFabs/TowerPrefabs/Turret_4.prefab using Guid(2141c6879ddc3fb4b857d5b2917034ac) Importer(815301076,1909f56bfc062723c751e8b465ee728b)  -> (artifact id: '56885fb6379ad39fb55840dc901b236f') in 0.142850 seconds 
========================================================================
Received Import Request.
  Time since last request: 0.000069 seconds.
  path: Assets/PreFabs/TowerPrefabs/Turret_2.prefab
  artifactKey: Guid(713eabbd44d57ff46b3d1e8c28ca2681) Importer(815301076,1909f56bfc062723c751e8b465ee728b)
Start importing Assets/PreFabs/TowerPrefabs/Turret_2.prefab using Guid(713eabbd44d57ff46b3d1e8c28ca2681) Importer(815301076,1909f56bfc062723c751e8b465ee728b)  -> (artifact id: '4eea7ff83506b064330868e02491e528') in 0.101253 seconds 
========================================================================
Received Import Request.
  Time since last request: 0.000046 seconds.
  path: Assets/PreFabs/TowerPrefabs/Turret_3.prefab
  artifactKey: Guid(9f16a9eeb0efb6e4e8c0ec2e8ad2a228) Importer(815301076,1909f56bfc062723c751e8b465ee728b)
Start importing Assets/PreFabs/TowerPrefabs/Turret_3.prefab using Guid(9f16a9eeb0efb6e4e8c0ec2e8ad2a228) Importer(815301076,1909f56bfc062723c751e8b465ee728b)  -> (artifact id: '7034f5aa7eede08e57bae184d98e537d') in 0.107538 seconds 
========================================================================
Received Import Request.
  Time since last request: 353.502447 seconds.
  path: Assets/PreFabs/Turret_1.prefab
  artifactKey: Guid(875780faa707def4f9fa25fd16401ea4) Importer(815301076,1909f56bfc062723c751e8b465ee728b)
Start importing Assets/PreFabs/Turret_1.prefab using Guid(875780faa707def4f9fa25fd16401ea4) Importer(815301076,1909f56bfc062723c751e8b465ee728b)  -> (artifact id: 'bebb8aff11b32638bb35d07296f99ec1') in 0.113352 seconds 
========================================================================
Received Import Request.
  Time since last request: 0.000070 seconds.
  path: Assets/PreFabs/Turret_2.prefab
  artifactKey: Guid(a4d7280df27204045b24d681d944d428) Importer(815301076,1909f56bfc062723c751e8b465ee728b)
Start importing Assets/PreFabs/Turret_2.prefab using Guid(a4d7280df27204045b24d681d944d428) Importer(815301076,1909f56bfc062723c751e8b465ee728b)  -> (artifact id: '79d5a0ca2201159befb0485aa710cc17') in 0.078611 seconds 
========================================================================
Received Import Request.
  Time since last request: 0.000071 seconds.
  path: Assets/PreFabs/Turret_4.prefab
  artifactKey: Guid(f4045f8a1a1016c4089610496be8aaf9) Importer(815301076,1909f56bfc062723c751e8b465ee728b)
Start importing Assets/PreFabs/Turret_4.prefab using Guid(f4045f8a1a1016c4089610496be8aaf9) Importer(815301076,1909f56bfc062723c751e8b465ee728b)  -> (artifact id: '5837a6cf833326fd584bb15deed886b9') in 0.091488 seconds 
========================================================================
Received Import Request.
  Time since last request: 0.000066 seconds.
  path: Assets/PreFabs/Turret_3.prefab
  artifactKey: Guid(31ddf33d6283c594ab57ecbee37e3416) Importer(815301076,1909f56bfc062723c751e8b465ee728b)
Start importing Assets/PreFabs/Turret_3.prefab using Guid(31ddf33d6283c594ab57ecbee37e3416) Importer(815301076,1909f56bfc062723c751e8b465ee728b)  -> (artifact id: 'c9c621d74e759d61d07a4707259a3893') in 0.078749 seconds 
========================================================================
Received Import Request.
  Time since last request: 58.890938 seconds.
  path: Assets/PreFabs/TowerPrefabs/Bullet colour.mat
  artifactKey: Guid(8d128b8c884dd1d4fa7fb1e91ebeeb7f) Importer(815301076,1909f56bfc062723c751e8b465ee728b)
Start importing Assets/PreFabs/TowerPrefabs/Bullet colour.mat using Guid(8d128b8c884dd1d4fa7fb1e91ebeeb7f) Importer(815301076,1909f56bfc062723c751e8b465ee728b)  -> (artifact id: '47a0cf5b930487d74f53285604bfc524') in 0.184377 seconds 
========================================================================
Received Import Request.
  Time since last request: 254.771067 seconds.
  path: Assets/PreFabs/TowerPrefabs/Bullet_turret1.prefab
  artifactKey: Guid(4bba92ac26acf524485ed73ea6be97eb) Importer(815301076,1909f56bfc062723c751e8b465ee728b)
Start importing Assets/PreFabs/TowerPrefabs/Bullet_turret1.prefab using Guid(4bba92ac26acf524485ed73ea6be97eb) Importer(815301076,1909f56bfc062723c751e8b465ee728b)  -> (artifact id: '5906d3673628a6718d4c6d3b80a5cfd5') in 0.294200 seconds 
========================================================================
Received Import Request.
  Time since last request: 35.594043 seconds.
  path: Assets/PreFabs/TowerPrefabs/Turret_1.prefab
  artifactKey: Guid(e79eff340f82f86468f00e92498d9e69) Importer(815301076,1909f56bfc062723c751e8b465ee728b)
Start importing Assets/PreFabs/TowerPrefabs/Turret_1.prefab using Guid(e79eff340f82f86468f00e92498d9e69) Importer(815301076,1909f56bfc062723c751e8b465ee728b)  -> (artifact id: 'b7798e0c4148c412ba2d6bad73d0c824') in 0.365001 seconds 
========================================================================
Received Import Request.
  Time since last request: 0.000076 seconds.
  path: Assets/PreFabs/TowerPrefabs/Turret_4.prefab
  artifactKey: Guid(2141c6879ddc3fb4b857d5b2917034ac) Importer(815301076,1909f56bfc062723c751e8b465ee728b)
Start importing Assets/PreFabs/TowerPrefabs/Turret_4.prefab using Guid(2141c6879ddc3fb4b857d5b2917034ac) Importer(815301076,1909f56bfc062723c751e8b465ee728b)  -> (artifact id: 'e4719add7cf50bef9e783a20b3069909') in 0.137267 seconds 
========================================================================
Received Import Request.
  Time since last request: 0.000078 seconds.
  path: Assets/PreFabs/TowerPrefabs/Turret_2.prefab
  artifactKey: Guid(713eabbd44d57ff46b3d1e8c28ca2681) Importer(815301076,1909f56bfc062723c751e8b465ee728b)
Start importing Assets/PreFabs/TowerPrefabs/Turret_2.prefab using Guid(713eabbd44d57ff46b3d1e8c28ca2681) Importer(815301076,1909f56bfc062723c751e8b465ee728b)  -> (artifact id: 'e2461d185d3bca3250f0ce4c2437f4f8') in 0.061487 seconds 
========================================================================
Received Import Request.
  Time since last request: 0.000047 seconds.
  path: Assets/PreFabs/TowerPrefabs/Turret_3.prefab
  artifactKey: Guid(9f16a9eeb0efb6e4e8c0ec2e8ad2a228) Importer(815301076,1909f56bfc062723c751e8b465ee728b)
Start importing Assets/PreFabs/TowerPrefabs/Turret_3.prefab using Guid(9f16a9eeb0efb6e4e8c0ec2e8ad2a228) Importer(815301076,1909f56bfc062723c751e8b465ee728b)  -> (artifact id: 'ee3972297917d739cc324fc739db597f') in 0.040946 seconds 
========================================================================
Received Prepare
Registering precompiled user dll's ...
Registered in 0.021247 seconds.
Begin MonoManager ReloadAssembly
Symbol file LoadedFromMemory doesn't match image C:\Users\bqo97\Documents\GitHub\TowerDifence\TowerDifence2.0\Library\PackageCache\com.unity.visualscripting@1.7.8\Editor\VisualScripting.Core\Dependencies\YamlDotNet\Unity.VisualScripting.YamlDotNet.dll
Symbol file LoadedFromMemory doesn't match image C:\Users\bqo97\Documents\GitHub\TowerDifence\TowerDifence2.0\Library\PackageCache\com.unity.visualscripting@1.7.8\Editor\VisualScripting.Core\Dependencies\DotNetZip\Unity.VisualScripting.IonicZip.dll
Native extension for WindowsStandalone target not found
Native extension for WebGL target not found
Refreshing native plugins compatible for Editor in 0.87 ms, found 3 plugins.
Preloading 0 native plugins for Editor in 0.00 ms.
Mono: successfully reloaded assembly
- Completed reload, in  3.198 seconds
Domain Reload Profiling:
	ReloadAssembly (3201ms)
		BeginReloadAssembly (1056ms)
			ExecutionOrderSort (0ms)
			DisableScriptedObjects (39ms)
			BackupInstance (0ms)
			ReleaseScriptingObjects (0ms)
			CreateAndSetChildDomain (496ms)
		EndReloadAssembly (1892ms)
			LoadAssemblies (564ms)
			RebuildTransferFunctionScriptingTraits (0ms)
			SetupTypeCache (633ms)
			ReleaseScriptCaches (2ms)
			RebuildScriptCaches (78ms)
			SetupLoadedEditorAssemblies (709ms)
				LogAssemblyErrors (0ms)
				InitializePlatformSupportModulesInManaged (31ms)
				SetLoadedEditorAssemblies (3ms)
				RefreshPlugins (1ms)
				BeforeProcessingInitializeOnLoad (151ms)
				ProcessInitializeOnLoadAttributes (448ms)
				ProcessInitializeOnLoadMethodAttributes (50ms)
				AfterProcessingInitializeOnLoad (24ms)
				EditorAssembliesLoaded (0ms)
			ExecutionOrderSort2 (0ms)
			AwakeInstancesAfterBackupRestoration (12ms)
Platform modules already initialized, skipping
Refreshing native plugins compatible for Editor in 9.00 ms, found 3 plugins.
Preloading 0 native plugins for Editor in 0.00 ms.
Unloading 3379 Unused Serialized files (Serialized files now loaded: 0)
Unloading 20 unused Assets / (79.8 KB). Loaded Objects now: 3889.
Memory consumption went from 123.3 MB to 123.2 MB.
Total: 7.764817 ms (FindLiveObjects: 0.378345 ms CreateObjectMapping: 0.303807 ms MarkObjects: 6.955693 ms  DeleteObjects: 0.125430 ms)

AssetImportParameters requested are different than current active one (requested -> active):
  custom:video-decoder-ogg-theora: a1e56fd34408186e4bbccfd4996cb3dc -> 
  custom:container-muxer-webm: aa71ff27fc2769a1b78a27578f13a17b -> 
  custom:container-demuxer-webm: 4f35f7cbe854078d1ac9338744f61a02 -> 
  custom:video-encoder-webm-vp8: eb34c28f22e8b96e1ab97ce403110664 -> 
  custom:video-codec-MediaFoundation-h265: 746d11721c4dcdbdad8f713fa42b33f4 -> 
  custom:audio-encoder-webm-vorbis: bf7c407c2cedff20999df2af8eb42d56 -> 
  custom:framework-win-MediaFoundation: 216162199b28c13a410421893ffa2e32 -> 
  custom:container-demuxer-ogg: 62fdf1f143b41e24485cea50d1cbac27 -> 
  custom:video-decoder-webm-vp8: 9c59270c3fd7afecdb556c50c9e8de78 -> 
  custom:audio-decoder-ogg-vorbis: bf7c407c2cedff20999df2af8eb42d56 -> 
========================================================================
Received Import Request.
  Time since last request: 22.642125 seconds.
  path: Assets/PreFabs/TowerPrefabs/Turret_1.prefab
  artifactKey: Guid(e79eff340f82f86468f00e92498d9e69) Importer(815301076,1909f56bfc062723c751e8b465ee728b)
Start importing Assets/PreFabs/TowerPrefabs/Turret_1.prefab using Guid(e79eff340f82f86468f00e92498d9e69) Importer(815301076,1909f56bfc062723c751e8b465ee728b)  -> (artifact id: 'b7fe5ec2aabda27fd2ee82701903f1c9') in 0.173457 seconds 
========================================================================
Received Import Request.
  Time since last request: 0.000032 seconds.
  path: Assets/PreFabs/TowerPrefabs/Turret_4.prefab
  artifactKey: Guid(2141c6879ddc3fb4b857d5b2917034ac) Importer(815301076,1909f56bfc062723c751e8b465ee728b)
Start importing Assets/PreFabs/TowerPrefabs/Turret_4.prefab using Guid(2141c6879ddc3fb4b857d5b2917034ac) Importer(815301076,1909f56bfc062723c751e8b465ee728b)  -> (artifact id: '8169938ced5abf2b25c2eee4b735f1ac') in 0.075182 seconds 
========================================================================
Received Import Request.
  Time since last request: 0.000063 seconds.
  path: Assets/PreFabs/TowerPrefabs/Turret_2.prefab
  artifactKey: Guid(713eabbd44d57ff46b3d1e8c28ca2681) Importer(815301076,1909f56bfc062723c751e8b465ee728b)
Start importing Assets/PreFabs/TowerPrefabs/Turret_2.prefab using Guid(713eabbd44d57ff46b3d1e8c28ca2681) Importer(815301076,1909f56bfc062723c751e8b465ee728b)  -> (artifact id: '5ca4c92b1e3ba200dfab26c95073022e') in 0.100724 seconds 
========================================================================
Received Import Request.
  Time since last request: 0.000048 seconds.
  path: Assets/PreFabs/TowerPrefabs/Turret_3.prefab
  artifactKey: Guid(9f16a9eeb0efb6e4e8c0ec2e8ad2a228) Importer(815301076,1909f56bfc062723c751e8b465ee728b)
Start importing Assets/PreFabs/TowerPrefabs/Turret_3.prefab using Guid(9f16a9eeb0efb6e4e8c0ec2e8ad2a228) Importer(815301076,1909f56bfc062723c751e8b465ee728b)  -> (artifact id: '11ebba44fd54d63c5dd952248fc934a7') in 0.041721 seconds 
========================================================================
Received Import Request.
  Time since last request: 136.034348 seconds.
  path: Assets/PreFabs/TowerPrefabs/Turret_1.prefab
  artifactKey: Guid(e79eff340f82f86468f00e92498d9e69) Importer(815301076,1909f56bfc062723c751e8b465ee728b)
Start importing Assets/PreFabs/TowerPrefabs/Turret_1.prefab using Guid(e79eff340f82f86468f00e92498d9e69) Importer(815301076,1909f56bfc062723c751e8b465ee728b)  -> (artifact id: 'd823133420ca6b7acd2d662e585596de') in 0.067579 seconds 
========================================================================
Received Import Request.
  Time since last request: 5.823430 seconds.
  path: Assets/PreFabs/TowerPrefabs/Turret_1.prefab
  artifactKey: Guid(e79eff340f82f86468f00e92498d9e69) Importer(815301076,1909f56bfc062723c751e8b465ee728b)
Start importing Assets/PreFabs/TowerPrefabs/Turret_1.prefab using Guid(e79eff340f82f86468f00e92498d9e69) Importer(815301076,1909f56bfc062723c751e8b465ee728b)  -> (artifact id: '3ecedf28a28f1be65c73b7b84eba1f1f') in 0.054058 seconds 
========================================================================
Received Import Request.
  Time since last request: 5.309577 seconds.
  path: Assets/PreFabs/TowerPrefabs/Turret_1.prefab
  artifactKey: Guid(e79eff340f82f86468f00e92498d9e69) Importer(815301076,1909f56bfc062723c751e8b465ee728b)
Start importing Assets/PreFabs/TowerPrefabs/Turret_1.prefab using Guid(e79eff340f82f86468f00e92498d9e69) Importer(815301076,1909f56bfc062723c751e8b465ee728b)  -> (artifact id: 'c4c1769ea0f157850dc28a379230fb25') in 0.065039 seconds 
========================================================================
Received Import Request.
  Time since last request: 3.509447 seconds.
  path: Assets/PreFabs/TowerPrefabs/Turret_1.prefab
  artifactKey: Guid(e79eff340f82f86468f00e92498d9e69) Importer(815301076,1909f56bfc062723c751e8b465ee728b)
Start importing Assets/PreFabs/TowerPrefabs/Turret_1.prefab using Guid(e79eff340f82f86468f00e92498d9e69) Importer(815301076,1909f56bfc062723c751e8b465ee728b)  -> (artifact id: 'e22453a75ef3b0811d7624f21b112c93') in 0.178331 seconds 
========================================================================
Received Import Request.
  Time since last request: 2.979536 seconds.
  path: Assets/PreFabs/TowerPrefabs/Turret_1.prefab
  artifactKey: Guid(e79eff340f82f86468f00e92498d9e69) Importer(815301076,1909f56bfc062723c751e8b465ee728b)
Start importing Assets/PreFabs/TowerPrefabs/Turret_1.prefab using Guid(e79eff340f82f86468f00e92498d9e69) Importer(815301076,1909f56bfc062723c751e8b465ee728b)  -> (artifact id: 'c60ab559150ae5c8c02009fbfc4258c2') in 0.188917 seconds 
========================================================================
Received Import Request.
  Time since last request: 3.130387 seconds.
  path: Assets/PreFabs/TowerPrefabs/Turret_1.prefab
  artifactKey: Guid(e79eff340f82f86468f00e92498d9e69) Importer(815301076,1909f56bfc062723c751e8b465ee728b)
Start importing Assets/PreFabs/TowerPrefabs/Turret_1.prefab using Guid(e79eff340f82f86468f00e92498d9e69) Importer(815301076,1909f56bfc062723c751e8b465ee728b)  -> (artifact id: '83bce79af25928abc7f100ba9b743859') in 0.083415 seconds 
========================================================================
Received Import Request.
  Time since last request: 143.072196 seconds.
  path: Assets/Scripts/Bullet.cs
  artifactKey: Guid(d86c529b9d99a1f42ab7ecb74fe3fb27) Importer(815301076,1909f56bfc062723c751e8b465ee728b)
Start importing Assets/Scripts/Bullet.cs using Guid(d86c529b9d99a1f42ab7ecb74fe3fb27) Importer(815301076,1909f56bfc062723c751e8b465ee728b)  -> (artifact id: '98fd666a1060abd89f08847fc0639c46') in 0.033324 seconds 
========================================================================
Received Prepare
Registering precompiled user dll's ...
Registered in 0.033154 seconds.
Begin MonoManager ReloadAssembly
Symbol file LoadedFromMemory doesn't match image C:\Users\bqo97\Documents\GitHub\TowerDifence\TowerDifence2.0\Library\PackageCache\com.unity.visualscripting@1.7.8\Editor\VisualScripting.Core\Dependencies\YamlDotNet\Unity.VisualScripting.YamlDotNet.dll
Symbol file LoadedFromMemory doesn't match image C:\Users\bqo97\Documents\GitHub\TowerDifence\TowerDifence2.0\Library\PackageCache\com.unity.visualscripting@1.7.8\Editor\VisualScripting.Core\Dependencies\DotNetZip\Unity.VisualScripting.IonicZip.dll
Native extension for WindowsStandalone target not found
Native extension for WebGL target not found
Refreshing native plugins compatible for Editor in 1.44 ms, found 3 plugins.
Preloading 0 native plugins for Editor in 0.00 ms.
Mono: successfully reloaded assembly
- Completed reload, in  2.763 seconds
Domain Reload Profiling:
	ReloadAssembly (2767ms)
		BeginReloadAssembly (700ms)
			ExecutionOrderSort (0ms)
			DisableScriptedObjects (26ms)
			BackupInstance (0ms)
			ReleaseScriptingObjects (0ms)
			CreateAndSetChildDomain (205ms)
		EndReloadAssembly (1769ms)
			LoadAssemblies (509ms)
			RebuildTransferFunctionScriptingTraits (0ms)
			SetupTypeCache (568ms)
			ReleaseScriptCaches (3ms)
			RebuildScriptCaches (77ms)
			SetupLoadedEditorAssemblies (704ms)
				LogAssemblyErrors (0ms)
				InitializePlatformSupportModulesInManaged (32ms)
				SetLoadedEditorAssemblies (1ms)
				RefreshPlugins (2ms)
				BeforeProcessingInitializeOnLoad (158ms)
				ProcessInitializeOnLoadAttributes (433ms)
				ProcessInitializeOnLoadMethodAttributes (58ms)
				AfterProcessingInitializeOnLoad (21ms)
				EditorAssembliesLoaded (0ms)
			ExecutionOrderSort2 (0ms)
			AwakeInstancesAfterBackupRestoration (13ms)
Platform modules already initialized, skipping
Refreshing native plugins compatible for Editor in 7.03 ms, found 3 plugins.
Preloading 0 native plugins for Editor in 0.00 ms.
Unloading 3380 Unused Serialized files (Serialized files now loaded: 0)
Unloading 20 unused Assets / (79.8 KB). Loaded Objects now: 3893.
Memory consumption went from 123.4 MB to 123.3 MB.
Total: 7.451243 ms (FindLiveObjects: 0.377831 ms CreateObjectMapping: 0.233381 ms MarkObjects: 6.594826 ms  DeleteObjects: 0.244177 ms)

AssetImportParameters requested are different than current active one (requested -> active):
  custom:video-decoder-ogg-theora: a1e56fd34408186e4bbccfd4996cb3dc -> 
  custom:container-muxer-webm: aa71ff27fc2769a1b78a27578f13a17b -> 
  custom:container-demuxer-webm: 4f35f7cbe854078d1ac9338744f61a02 -> 
  custom:video-encoder-webm-vp8: eb34c28f22e8b96e1ab97ce403110664 -> 
  custom:video-codec-MediaFoundation-h265: 746d11721c4dcdbdad8f713fa42b33f4 -> 
  custom:audio-encoder-webm-vorbis: bf7c407c2cedff20999df2af8eb42d56 -> 
  custom:framework-win-MediaFoundation: 216162199b28c13a410421893ffa2e32 -> 
  custom:container-demuxer-ogg: 62fdf1f143b41e24485cea50d1cbac27 -> 
  custom:video-decoder-webm-vp8: 9c59270c3fd7afecdb556c50c9e8de78 -> 
  custom:audio-decoder-ogg-vorbis: bf7c407c2cedff20999df2af8eb42d56 -> 
========================================================================
Received Import Request.
  Time since last request: 132.168240 seconds.
  path: Assets/PreFabs/TowerPrefabs/Turret_3.prefab
  artifactKey: Guid(9f16a9eeb0efb6e4e8c0ec2e8ad2a228) Importer(815301076,1909f56bfc062723c751e8b465ee728b)
Start importing Assets/PreFabs/TowerPrefabs/Turret_3.prefab using Guid(9f16a9eeb0efb6e4e8c0ec2e8ad2a228) Importer(815301076,1909f56bfc062723c751e8b465ee728b)  -> (artifact id: '69d09aea04c5982c3a1f3072b02da18d') in 0.265762 seconds 
========================================================================
Received Import Request.
  Time since last request: 5.214521 seconds.
  path: Assets/PreFabs/TowerPrefabs/Turret_3.prefab
  artifactKey: Guid(9f16a9eeb0efb6e4e8c0ec2e8ad2a228) Importer(815301076,1909f56bfc062723c751e8b465ee728b)
Start importing Assets/PreFabs/TowerPrefabs/Turret_3.prefab using Guid(9f16a9eeb0efb6e4e8c0ec2e8ad2a228) Importer(815301076,1909f56bfc062723c751e8b465ee728b)  -> (artifact id: '3620285012c69df25d9525939f1845cb') in 0.067508 seconds 
========================================================================
Received Import Request.
  Time since last request: 3.719863 seconds.
  path: Assets/PreFabs/TowerPrefabs/Turret_3.prefab
  artifactKey: Guid(9f16a9eeb0efb6e4e8c0ec2e8ad2a228) Importer(815301076,1909f56bfc062723c751e8b465ee728b)
Start importing Assets/PreFabs/TowerPrefabs/Turret_3.prefab using Guid(9f16a9eeb0efb6e4e8c0ec2e8ad2a228) Importer(815301076,1909f56bfc062723c751e8b465ee728b)  -> (artifact id: '8676f2a402dce9c7cd03d6cc7b4da9c4') in 0.081742 seconds 
========================================================================
Received Import Request.
  Time since last request: 2.940752 seconds.
  path: Assets/PreFabs/TowerPrefabs/Turret_3.prefab
  artifactKey: Guid(9f16a9eeb0efb6e4e8c0ec2e8ad2a228) Importer(815301076,1909f56bfc062723c751e8b465ee728b)
Start importing Assets/PreFabs/TowerPrefabs/Turret_3.prefab using Guid(9f16a9eeb0efb6e4e8c0ec2e8ad2a228) Importer(815301076,1909f56bfc062723c751e8b465ee728b)  -> (artifact id: '5a1cc837828c9e8dbbb1b432f8cc96fb') in 0.079186 seconds 
========================================================================
Received Import Request.
  Time since last request: 6.180668 seconds.
  path: Assets/PreFabs/TowerPrefabs/Turret_3.prefab
  artifactKey: Guid(9f16a9eeb0efb6e4e8c0ec2e8ad2a228) Importer(815301076,1909f56bfc062723c751e8b465ee728b)
Start importing Assets/PreFabs/TowerPrefabs/Turret_3.prefab using Guid(9f16a9eeb0efb6e4e8c0ec2e8ad2a228) Importer(815301076,1909f56bfc062723c751e8b465ee728b)  -> (artifact id: '4142260747c798ae64a62921f29843b4') in 0.104346 seconds 
========================================================================
Received Import Request.
  Time since last request: 20.617011 seconds.
  path: Assets/PreFabs/TowerPrefabs/Turret_3.prefab
  artifactKey: Guid(9f16a9eeb0efb6e4e8c0ec2e8ad2a228) Importer(815301076,1909f56bfc062723c751e8b465ee728b)
Start importing Assets/PreFabs/TowerPrefabs/Turret_3.prefab using Guid(9f16a9eeb0efb6e4e8c0ec2e8ad2a228) Importer(815301076,1909f56bfc062723c751e8b465ee728b)  -> (artifact id: 'b9905aa71edc8dde68f6025e1aa075d2') in 0.078692 seconds 
========================================================================
Received Import Request.
  Time since last request: 7.211307 seconds.
  path: Assets/PreFabs/TowerPrefabs/Turret_3.prefab
  artifactKey: Guid(9f16a9eeb0efb6e4e8c0ec2e8ad2a228) Importer(815301076,1909f56bfc062723c751e8b465ee728b)
Start importing Assets/PreFabs/TowerPrefabs/Turret_3.prefab using Guid(9f16a9eeb0efb6e4e8c0ec2e8ad2a228) Importer(815301076,1909f56bfc062723c751e8b465ee728b)  -> (artifact id: '9b7fded259b5dfe954a4b379a1b00766') in 0.075557 seconds 
========================================================================
Received Import Request.
  Time since last request: 34.690723 seconds.
  path: Assets/PreFabs/TowerPrefabs/Turret_4.prefab
  artifactKey: Guid(2141c6879ddc3fb4b857d5b2917034ac) Importer(815301076,1909f56bfc062723c751e8b465ee728b)
Start importing Assets/PreFabs/TowerPrefabs/Turret_4.prefab using Guid(2141c6879ddc3fb4b857d5b2917034ac) Importer(815301076,1909f56bfc062723c751e8b465ee728b)  -> (artifact id: '4da81b7d39ba49297f3d2931dd99d946') in 0.084117 seconds 
========================================================================
Received Import Request.
  Time since last request: 4.824191 seconds.
  path: Assets/PreFabs/TowerPrefabs/Turret_4.prefab
  artifactKey: Guid(2141c6879ddc3fb4b857d5b2917034ac) Importer(815301076,1909f56bfc062723c751e8b465ee728b)
Start importing Assets/PreFabs/TowerPrefabs/Turret_4.prefab using Guid(2141c6879ddc3fb4b857d5b2917034ac) Importer(815301076,1909f56bfc062723c751e8b465ee728b)  -> (artifact id: '8bf15ccf90daf2dfbe243641ea1ed6ff') in 0.076483 seconds 
========================================================================
Received Import Request.
  Time since last request: 13.494833 seconds.
  path: Assets/PreFabs/TowerPrefabs/Turret_4.prefab
  artifactKey: Guid(2141c6879ddc3fb4b857d5b2917034ac) Importer(815301076,1909f56bfc062723c751e8b465ee728b)
Start importing Assets/PreFabs/TowerPrefabs/Turret_4.prefab using Guid(2141c6879ddc3fb4b857d5b2917034ac) Importer(815301076,1909f56bfc062723c751e8b465ee728b)  -> (artifact id: 'c290ad2a35f31c4fdb1c7c53b8b54c58') in 0.100722 seconds 
========================================================================
Received Import Request.
  Time since last request: 1.919325 seconds.
  path: Assets/PreFabs/TowerPrefabs/Turret_4.prefab
  artifactKey: Guid(2141c6879ddc3fb4b857d5b2917034ac) Importer(815301076,1909f56bfc062723c751e8b465ee728b)
Start importing Assets/PreFabs/TowerPrefabs/Turret_4.prefab using Guid(2141c6879ddc3fb4b857d5b2917034ac) Importer(815301076,1909f56bfc062723c751e8b465ee728b)  -> (artifact id: '27e5317d53bbd0b11253dd2b0c483fa7') in 0.114539 seconds 
========================================================================
Received Import Request.
  Time since last request: 18.446041 seconds.
  path: Assets/PreFabs/TowerPrefabs/Turret_4.prefab
  artifactKey: Guid(2141c6879ddc3fb4b857d5b2917034ac) Importer(815301076,1909f56bfc062723c751e8b465ee728b)
Start importing Assets/PreFabs/TowerPrefabs/Turret_4.prefab using Guid(2141c6879ddc3fb4b857d5b2917034ac) Importer(815301076,1909f56bfc062723c751e8b465ee728b)  -> (artifact id: 'a94833f967cc9c001311e9a7f18d8cda') in 0.068818 seconds 
========================================================================
Received Import Request.
  Time since last request: 2.345757 seconds.
  path: Assets/PreFabs/TowerPrefabs/Turret_4.prefab
  artifactKey: Guid(2141c6879ddc3fb4b857d5b2917034ac) Importer(815301076,1909f56bfc062723c751e8b465ee728b)
Start importing Assets/PreFabs/TowerPrefabs/Turret_4.prefab using Guid(2141c6879ddc3fb4b857d5b2917034ac) Importer(815301076,1909f56bfc062723c751e8b465ee728b)  -> (artifact id: '4c4a4f55a4c1617a7f9cfa046e252a14') in 0.072972 seconds 
========================================================================
Received Import Request.
  Time since last request: 35.719720 seconds.
  path: Assets/PreFabs/TowerPrefabs/Turret_4.prefab
  artifactKey: Guid(2141c6879ddc3fb4b857d5b2917034ac) Importer(815301076,1909f56bfc062723c751e8b465ee728b)
Start importing Assets/PreFabs/TowerPrefabs/Turret_4.prefab using Guid(2141c6879ddc3fb4b857d5b2917034ac) Importer(815301076,1909f56bfc062723c751e8b465ee728b)  -> (artifact id: '0fefe1e5d322e039797ec83f2c38e433') in 0.172981 seconds 
========================================================================
Received Import Request.
  Time since last request: 1597.689413 seconds.
  path: Assets/Scripts/Bullet.cs
  artifactKey: Guid(d86c529b9d99a1f42ab7ecb74fe3fb27) Importer(815301076,1909f56bfc062723c751e8b465ee728b)
Start importing Assets/Scripts/Bullet.cs using Guid(d86c529b9d99a1f42ab7ecb74fe3fb27) Importer(815301076,1909f56bfc062723c751e8b465ee728b)  -> (artifact id: 'd02311f60e64e1b3f699bc99744eb419') in 0.055854 seconds 
========================================================================
Received Prepare
Registering precompiled user dll's ...
Registered in 0.021891 seconds.
Begin MonoManager ReloadAssembly
Symbol file LoadedFromMemory doesn't match image C:\Users\bqo97\Documents\GitHub\TowerDifence\TowerDifence2.0\Library\PackageCache\com.unity.visualscripting@1.7.8\Editor\VisualScripting.Core\Dependencies\YamlDotNet\Unity.VisualScripting.YamlDotNet.dll
Symbol file LoadedFromMemory doesn't match image C:\Users\bqo97\Documents\GitHub\TowerDifence\TowerDifence2.0\Library\PackageCache\com.unity.visualscripting@1.7.8\Editor\VisualScripting.Core\Dependencies\DotNetZip\Unity.VisualScripting.IonicZip.dll
Native extension for WindowsStandalone target not found
Native extension for WebGL target not found
Refreshing native plugins compatible for Editor in 1.21 ms, found 3 plugins.
Preloading 0 native plugins for Editor in 0.00 ms.
Mono: successfully reloaded assembly
- Completed reload, in  2.588 seconds
Domain Reload Profiling:
	ReloadAssembly (2594ms)
		BeginReloadAssembly (647ms)
			ExecutionOrderSort (0ms)
			DisableScriptedObjects (33ms)
			BackupInstance (0ms)
			ReleaseScriptingObjects (0ms)
			CreateAndSetChildDomain (236ms)
		EndReloadAssembly (1716ms)
			LoadAssemblies (284ms)
			RebuildTransferFunctionScriptingTraits (0ms)
			SetupTypeCache (602ms)
			ReleaseScriptCaches (2ms)
			RebuildScriptCaches (143ms)
			SetupLoadedEditorAssemblies (666ms)
				LogAssemblyErrors (0ms)
				InitializePlatformSupportModulesInManaged (29ms)
				SetLoadedEditorAssemblies (1ms)
				RefreshPlugins (1ms)
				BeforeProcessingInitializeOnLoad (158ms)
				ProcessInitializeOnLoadAttributes (406ms)
				ProcessInitializeOnLoadMethodAttributes (50ms)
				AfterProcessingInitializeOnLoad (21ms)
				EditorAssembliesLoaded (0ms)
			ExecutionOrderSort2 (0ms)
			AwakeInstancesAfterBackupRestoration (12ms)
Platform modules already initialized, skipping
Refreshing native plugins compatible for Editor in 4.76 ms, found 3 plugins.
Preloading 0 native plugins for Editor in 0.00 ms.
Unloading 3380 Unused Serialized files (Serialized files now loaded: 0)
Unloading 20 unused Assets / (79.9 KB). Loaded Objects now: 3896.
Memory consumption went from 123.4 MB to 123.3 MB.
Total: 7.013267 ms (FindLiveObjects: 0.390683 ms CreateObjectMapping: 0.241606 ms MarkObjects: 6.092079 ms  DeleteObjects: 0.287357 ms)

AssetImportParameters requested are different than current active one (requested -> active):
  custom:video-decoder-ogg-theora: a1e56fd34408186e4bbccfd4996cb3dc -> 
  custom:container-muxer-webm: aa71ff27fc2769a1b78a27578f13a17b -> 
  custom:container-demuxer-webm: 4f35f7cbe854078d1ac9338744f61a02 -> 
  custom:video-encoder-webm-vp8: eb34c28f22e8b96e1ab97ce403110664 -> 
  custom:video-codec-MediaFoundation-h265: 746d11721c4dcdbdad8f713fa42b33f4 -> 
  custom:audio-encoder-webm-vorbis: bf7c407c2cedff20999df2af8eb42d56 -> 
  custom:framework-win-MediaFoundation: 216162199b28c13a410421893ffa2e32 -> 
  custom:container-demuxer-ogg: 62fdf1f143b41e24485cea50d1cbac27 -> 
  custom:video-decoder-webm-vp8: 9c59270c3fd7afecdb556c50c9e8de78 -> 
  custom:audio-decoder-ogg-vorbis: bf7c407c2cedff20999df2af8eb42d56 -> 
