Using pre-set license
Built from '2021.3/staging' branch; Version is '2021.3.10f1 (1c7d0df0160b) revision 1867021'; Using compiler version '192829333'; Build Type 'Release'
OS: 'Windows 10  (10.0.19044) 64bit Professional' Language: 'nl' Physical Memory: 16337 MB
BatchMode: 1, IsHumanControllingUs: 0, StartBugReporterOnCrash: 0, Is64bit: 1, IsPro: 1

COMMAND LINE ARGUMENTS:
F:\Unity\2021.3.10f1\Editor\Unity.exe
-adb2
-batchMode
-noUpm
-name
AssetImportWorker1
-projectPath
C:/Users/nikki/Documents/GitHub/TowerDifence/TowerDifence2.0
-logFile
Logs/AssetImportWorker1.log
-srvPort
57516
Successfully changed project path to: C:/Users/nikki/Documents/GitHub/TowerDifence/TowerDifence2.0
C:/Users/nikki/Documents/GitHub/TowerDifence/TowerDifence2.0
[UnityMemory] Configuration Parameters - Can be set up in boot.config
    "memorysetup-bucket-allocator-granularity=16"
    "memorysetup-bucket-allocator-bucket-count=8"
    "memorysetup-bucket-allocator-block-size=33554432"
    "memorysetup-bucket-allocator-block-count=8"
    "memorysetup-main-allocator-block-size=16777216"
    "memorysetup-thread-allocator-block-size=16777216"
    "memorysetup-gfx-main-allocator-block-size=16777216"
    "memorysetup-gfx-thread-allocator-block-size=16777216"
    "memorysetup-cache-allocator-block-size=4194304"
    "memorysetup-typetree-allocator-block-size=2097152"
    "memorysetup-profiler-bucket-allocator-granularity=16"
    "memorysetup-profiler-bucket-allocator-bucket-count=8"
    "memorysetup-profiler-bucket-allocator-block-size=33554432"
    "memorysetup-profiler-bucket-allocator-block-count=8"
    "memorysetup-profiler-allocator-block-size=16777216"
    "memorysetup-profiler-editor-allocator-block-size=1048576"
    "memorysetup-temp-allocator-size-main=16777216"
    "memorysetup-job-temp-allocator-block-size=2097152"
    "memorysetup-job-temp-allocator-block-size-background=1048576"
    "memorysetup-job-temp-allocator-reduction-small-platforms=262144"
    "memorysetup-temp-allocator-size-background-worker=32768"
    "memorysetup-temp-allocator-size-job-worker=262144"
    "memorysetup-temp-allocator-size-preload-manager=33554432"
    "memorysetup-temp-allocator-size-nav-mesh-worker=65536"
    "memorysetup-temp-allocator-size-audio-worker=65536"
    "memorysetup-temp-allocator-size-cloud-worker=32768"
    "memorysetup-temp-allocator-size-gi-baking-worker=262144"
    "memorysetup-temp-allocator-size-gfx=262144"
Refreshing native plugins compatible for Editor in 99.34 ms, found 3 plugins.
Preloading 0 native plugins for Editor in 0.00 ms.
Initialize engine version: 2021.3.10f1 (1c7d0df0160b)
[Subsystems] Discovering subsystems at path F:/Unity/2021.3.10f1/Editor/Data/Resources/UnitySubsystems
[Subsystems] Discovering subsystems at path C:/Users/nikki/Documents/GitHub/TowerDifence/TowerDifence2.0/Assets
GfxDevice: creating device client; threaded=0; jobified=0
Direct3D:
    Version:  Direct3D 11.0 [level 11.1]
    Renderer: NVIDIA GeForce GTX 1650 (ID=0x1f82)
    Vendor:   NVIDIA
    VRAM:     3962 MB
    Driver:   30.0.15.1295
Initialize mono
Mono path[0] = 'F:/Unity/2021.3.10f1/Editor/Data/Managed'
Mono path[1] = 'F:/Unity/2021.3.10f1/Editor/Data/MonoBleedingEdge/lib/mono/unityjit-win32'
Mono config path = 'F:/Unity/2021.3.10f1/Editor/Data/MonoBleedingEdge/etc'
Using monoOptions --debugger-agent=transport=dt_socket,embedding=1,server=y,suspend=n,address=127.0.0.1:56936
Begin MonoManager ReloadAssembly
Registering precompiled unity dll's ...
Register platform support module: F:/Unity/2021.3.10f1/Editor/Data/PlaybackEngines/WebGLSupport/UnityEditor.WebGL.Extensions.dll
Register platform support module: F:/Unity/2021.3.10f1/Editor/Data/PlaybackEngines/WindowsStandaloneSupport/UnityEditor.WindowsStandalone.Extensions.dll
Registered in 0.004205 seconds.
Native extension for WindowsStandalone target not found
Native extension for WebGL target not found
Refreshing native plugins compatible for Editor in 98.68 ms, found 3 plugins.
Preloading 0 native plugins for Editor in 0.00 ms.
Mono: successfully reloaded assembly
- Completed reload, in  0.763 seconds
Domain Reload Profiling:
	ReloadAssembly (763ms)
		BeginReloadAssembly (85ms)
			ExecutionOrderSort (0ms)
			DisableScriptedObjects (0ms)
			BackupInstance (0ms)
			ReleaseScriptingObjects (0ms)
			CreateAndSetChildDomain (1ms)
		EndReloadAssembly (553ms)
			LoadAssemblies (84ms)
			RebuildTransferFunctionScriptingTraits (0ms)
			SetupTypeCache (122ms)
			ReleaseScriptCaches (0ms)
			RebuildScriptCaches (35ms)
			SetupLoadedEditorAssemblies (337ms)
				LogAssemblyErrors (0ms)
				InitializePlatformSupportModulesInManaged (10ms)
				SetLoadedEditorAssemblies (0ms)
				RefreshPlugins (99ms)
				BeforeProcessingInitializeOnLoad (2ms)
				ProcessInitializeOnLoadAttributes (173ms)
				ProcessInitializeOnLoadMethodAttributes (54ms)
				AfterProcessingInitializeOnLoad (0ms)
				EditorAssembliesLoaded (0ms)
			ExecutionOrderSort2 (0ms)
			AwakeInstancesAfterBackupRestoration (0ms)
Platform modules already initialized, skipping
Registering precompiled user dll's ...
Registered in 0.010941 seconds.
Begin MonoManager ReloadAssembly
Symbol file LoadedFromMemory doesn't match image C:\Users\nikki\Documents\GitHub\TowerDifence\TowerDifence2.0\Library\PackageCache\com.unity.visualscripting@1.7.8\Editor\VisualScripting.Core\Dependencies\YamlDotNet\Unity.VisualScripting.YamlDotNet.dll
Symbol file LoadedFromMemory doesn't match image C:\Users\nikki\Documents\GitHub\TowerDifence\TowerDifence2.0\Library\PackageCache\com.unity.visualscripting@1.7.8\Editor\VisualScripting.Core\Dependencies\DotNetZip\Unity.VisualScripting.IonicZip.dll
Native extension for WindowsStandalone target not found
Native extension for WebGL target not found
Refreshing native plugins compatible for Editor in 0.75 ms, found 3 plugins.
Preloading 0 native plugins for Editor in 0.00 ms.
Mono: successfully reloaded assembly
- Completed reload, in  6.121 seconds
Domain Reload Profiling:
	ReloadAssembly (6122ms)
		BeginReloadAssembly (129ms)
			ExecutionOrderSort (0ms)
			DisableScriptedObjects (8ms)
			BackupInstance (0ms)
			ReleaseScriptingObjects (0ms)
			CreateAndSetChildDomain (22ms)
		EndReloadAssembly (5783ms)
			LoadAssemblies (2969ms)
			RebuildTransferFunctionScriptingTraits (0ms)
			SetupTypeCache (935ms)
			ReleaseScriptCaches (1ms)
			RebuildScriptCaches (60ms)
			SetupLoadedEditorAssemblies (1765ms)
				LogAssemblyErrors (0ms)
				InitializePlatformSupportModulesInManaged (7ms)
				SetLoadedEditorAssemblies (1ms)
				RefreshPlugins (1ms)
				BeforeProcessingInitializeOnLoad (104ms)
				ProcessInitializeOnLoadAttributes (376ms)
				ProcessInitializeOnLoadMethodAttributes (1273ms)
				AfterProcessingInitializeOnLoad (4ms)
				EditorAssembliesLoaded (0ms)
			ExecutionOrderSort2 (0ms)
			AwakeInstancesAfterBackupRestoration (7ms)
Platform modules already initialized, skipping
========================================================================
Worker process is ready to serve import requests
Launched and connected shader compiler UnityShaderCompiler.exe after 0.05 seconds
Refreshing native plugins compatible for Editor in 0.73 ms, found 3 plugins.
Preloading 0 native plugins for Editor in 0.00 ms.
Unloading 3380 Unused Serialized files (Serialized files now loaded: 0)
Unloading 25 unused Assets / (56.5 KB). Loaded Objects now: 3839.
Memory consumption went from 118.3 MB to 118.3 MB.
Total: 3.768600 ms (FindLiveObjects: 0.382300 ms CreateObjectMapping: 0.107700 ms MarkObjects: 3.190100 ms  DeleteObjects: 0.087300 ms)

AssetImportParameters requested are different than current active one (requested -> active):
  custom:video-decoder-ogg-theora: a1e56fd34408186e4bbccfd4996cb3dc -> 
  custom:container-muxer-webm: aa71ff27fc2769a1b78a27578f13a17b -> 
  custom:container-demuxer-webm: 4f35f7cbe854078d1ac9338744f61a02 -> 
  custom:video-encoder-webm-vp8: eb34c28f22e8b96e1ab97ce403110664 -> 
  custom:audio-encoder-webm-vorbis: bf7c407c2cedff20999df2af8eb42d56 -> 
  custom:framework-win-MediaFoundation: 216162199b28c13a410421893ffa2e32 -> 
  custom:container-demuxer-ogg: 62fdf1f143b41e24485cea50d1cbac27 -> 
  custom:video-decoder-webm-vp8: 9c59270c3fd7afecdb556c50c9e8de78 -> 
  custom:audio-decoder-ogg-vorbis: bf7c407c2cedff20999df2af8eb42d56 -> 
========================================================================
Received Import Request.
  Time since last request: 103979.329594 seconds.
  path: Assets/MapAssets/tile_tree.fbx
  artifactKey: Guid(695fdd6d09f4c504fa3ed10abbf8589d) Importer(815301076,1909f56bfc062723c751e8b465ee728b)
Start importing Assets/MapAssets/tile_tree.fbx using Guid(695fdd6d09f4c504fa3ed10abbf8589d) Importer(815301076,1909f56bfc062723c751e8b465ee728b)  -> (artifact id: '233e4fe3cf0619dbda25de9f257be745') in 0.639948 seconds 
========================================================================
Received Import Request.
  Time since last request: 0.000030 seconds.
  path: Assets/MapAssets/snow_tile_bump.fbx
  artifactKey: Guid(50239f4a4ef400e439e8447acc4b2976) Importer(815301076,1909f56bfc062723c751e8b465ee728b)
Start importing Assets/MapAssets/snow_tile_bump.fbx using Guid(50239f4a4ef400e439e8447acc4b2976) Importer(815301076,1909f56bfc062723c751e8b465ee728b)  -> (artifact id: 'db19a5e932938d9eb700a996a3d17652') in 0.054243 seconds 
========================================================================
Received Import Request.
  Time since last request: 0.000038 seconds.
  path: Assets/MapAssets/snow_tile_endRoundSpawn.fbx
  artifactKey: Guid(171ab23dffefadb43b19a70ae7eb28f0) Importer(815301076,1909f56bfc062723c751e8b465ee728b)
Start importing Assets/MapAssets/snow_tile_endRoundSpawn.fbx using Guid(171ab23dffefadb43b19a70ae7eb28f0) Importer(815301076,1909f56bfc062723c751e8b465ee728b)  -> (artifact id: 'f79f6935c9e5ccf16638a6da66c19150') in 0.057388 seconds 
========================================================================
Received Import Request.
  Time since last request: 0.000022 seconds.
  path: Assets/MapAssets/tile_transition.fbx
  artifactKey: Guid(6710476e0dfdea2488d9d06033a0fd2a) Importer(815301076,1909f56bfc062723c751e8b465ee728b)
Start importing Assets/MapAssets/tile_transition.fbx using Guid(6710476e0dfdea2488d9d06033a0fd2a) Importer(815301076,1909f56bfc062723c751e8b465ee728b)  -> (artifact id: 'eba7000d2be7e5d8d682578f719ec57b') in 0.040495 seconds 
========================================================================
Received Import Request.
  Time since last request: 0.000021 seconds.
  path: Assets/MapAssets/detail_rocksLarge.fbx
  artifactKey: Guid(31b01328eed26a4428f5fcf61516f949) Importer(815301076,1909f56bfc062723c751e8b465ee728b)
Start importing Assets/MapAssets/detail_rocksLarge.fbx using Guid(31b01328eed26a4428f5fcf61516f949) Importer(815301076,1909f56bfc062723c751e8b465ee728b)  -> (artifact id: '4beec5ff5ed8fe85cb73d51035ae600e') in 0.028161 seconds 
========================================================================
Received Import Request.
  Time since last request: 0.000021 seconds.
  path: Assets/MapAssets/towerSquare_roofB.fbx
  artifactKey: Guid(58136859f1dcd2a4bb5aa171748728c4) Importer(815301076,1909f56bfc062723c751e8b465ee728b)
Start importing Assets/MapAssets/towerSquare_roofB.fbx using Guid(58136859f1dcd2a4bb5aa171748728c4) Importer(815301076,1909f56bfc062723c751e8b465ee728b)  -> (artifact id: '2d90b230a1e4ef1de952fd6dfd030f48') in 0.041814 seconds 
========================================================================
Received Import Request.
  Time since last request: 0.000023 seconds.
  path: Assets/MapAssets/towerSquare_bottomB.fbx
  artifactKey: Guid(a4958a0e68c46b24fa825d491cd3d55d) Importer(815301076,1909f56bfc062723c751e8b465ee728b)
Start importing Assets/MapAssets/towerSquare_bottomB.fbx using Guid(a4958a0e68c46b24fa825d491cd3d55d) Importer(815301076,1909f56bfc062723c751e8b465ee728b)  -> (artifact id: 'a4c79f6eaebfa559e12ed9fd09814c6a') in 0.043933 seconds 
========================================================================
Received Import Request.
  Time since last request: 0.000028 seconds.
  path: Assets/MapAssets/snow_detail_crystal.fbx
  artifactKey: Guid(41a27b4b4a1d2634d993683b4570a2de) Importer(815301076,1909f56bfc062723c751e8b465ee728b)
Start importing Assets/MapAssets/snow_detail_crystal.fbx using Guid(41a27b4b4a1d2634d993683b4570a2de) Importer(815301076,1909f56bfc062723c751e8b465ee728b)  -> (artifact id: '4429ebd8cd1b7c4ff76f6d365bbe7ccc') in 0.034443 seconds 
========================================================================
Received Import Request.
  Time since last request: 0.000031 seconds.
  path: Assets/MapAssets/towerRound_middleA.fbx
  artifactKey: Guid(652f50cb736648a4b9a471fd599dc83c) Importer(815301076,1909f56bfc062723c751e8b465ee728b)
Start importing Assets/MapAssets/towerRound_middleA.fbx using Guid(652f50cb736648a4b9a471fd599dc83c) Importer(815301076,1909f56bfc062723c751e8b465ee728b)  -> (artifact id: '4be4b46fb97bbe9fc4aa1167f7b80769') in 0.034668 seconds 
========================================================================
Received Import Request.
  Time since last request: 0.000022 seconds.
  path: Assets/MapAssets/snow_woodStructure.fbx
  artifactKey: Guid(fb6d7c52e2d69c749be61594ab991ae9) Importer(815301076,1909f56bfc062723c751e8b465ee728b)
Start importing Assets/MapAssets/snow_woodStructure.fbx using Guid(fb6d7c52e2d69c749be61594ab991ae9) Importer(815301076,1909f56bfc062723c751e8b465ee728b)  -> (artifact id: '9a45d88cfb7a2d968ed387375148a37c') in 0.037273 seconds 
========================================================================
Received Import Request.
  Time since last request: 0.000025 seconds.
  path: Assets/MapAssets/towerSquare_sampleD.fbx
  artifactKey: Guid(690160d21f33c7a4d86a11b06579b44b) Importer(815301076,1909f56bfc062723c751e8b465ee728b)
Start importing Assets/MapAssets/towerSquare_sampleD.fbx using Guid(690160d21f33c7a4d86a11b06579b44b) Importer(815301076,1909f56bfc062723c751e8b465ee728b)  -> (artifact id: '4dc19e708027e24a6c84b868e40a9fbd') in 0.038897 seconds 
========================================================================
Received Import Request.
  Time since last request: 0.000023 seconds.
  path: Assets/MapAssets/towerRound_roofC.fbx
  artifactKey: Guid(bd43ab85f0a594b4183b739e7c2000af) Importer(815301076,1909f56bfc062723c751e8b465ee728b)
Start importing Assets/MapAssets/towerRound_roofC.fbx using Guid(bd43ab85f0a594b4183b739e7c2000af) Importer(815301076,1909f56bfc062723c751e8b465ee728b)  -> (artifact id: '9626fec3729583db2a2858c75d522355') in 0.039383 seconds 
========================================================================
Received Import Request.
  Time since last request: 0.000021 seconds.
  path: Assets/MapAssets/tile_endRound.fbx
  artifactKey: Guid(61a5132f71abadb498027155a94fb5f8) Importer(815301076,1909f56bfc062723c751e8b465ee728b)
Start importing Assets/MapAssets/tile_endRound.fbx using Guid(61a5132f71abadb498027155a94fb5f8) Importer(815301076,1909f56bfc062723c751e8b465ee728b)  -> (artifact id: 'd8b5a468edf1df0fff6ad68980c2a38e') in 0.036952 seconds 
========================================================================
Received Import Request.
  Time since last request: 0.000025 seconds.
  path: Assets/MapAssets/snow_tile_wideSplit.fbx
  artifactKey: Guid(c93357974f2cf0c42890a25b6a4ef477) Importer(815301076,1909f56bfc062723c751e8b465ee728b)
Start importing Assets/MapAssets/snow_tile_wideSplit.fbx using Guid(c93357974f2cf0c42890a25b6a4ef477) Importer(815301076,1909f56bfc062723c751e8b465ee728b)  -> (artifact id: '032f9db796774c2070142ddb61427f94') in 0.043158 seconds 
========================================================================
Received Import Request.
  Time since last request: 0.000030 seconds.
  path: Assets/MapAssets/tile_wideStraight.fbx
  artifactKey: Guid(ca6cf3556eb079748903bedb8f720c4a) Importer(815301076,1909f56bfc062723c751e8b465ee728b)
Start importing Assets/MapAssets/tile_wideStraight.fbx using Guid(ca6cf3556eb079748903bedb8f720c4a) Importer(815301076,1909f56bfc062723c751e8b465ee728b)  -> (artifact id: '620c70475064178db1a17d0f73b8257b') in 0.038666 seconds 
========================================================================
Received Import Request.
  Time since last request: 0.000025 seconds.
  path: Assets/MapAssets/towerRound_bottomB.fbx
  artifactKey: Guid(1d816bf6152dda04996e4bf1a595f2d2) Importer(815301076,1909f56bfc062723c751e8b465ee728b)
Start importing Assets/MapAssets/towerRound_bottomB.fbx using Guid(1d816bf6152dda04996e4bf1a595f2d2) Importer(815301076,1909f56bfc062723c751e8b465ee728b)  -> (artifact id: 'ab60da822a79de25ef877431e220c82b') in 0.035646 seconds 
========================================================================
Received Import Request.
  Time since last request: 0.000021 seconds.
  path: Assets/MapAssets/snow_tile_endSpawn.fbx
  artifactKey: Guid(22b15c6a288c08244a98964d482243b0) Importer(815301076,1909f56bfc062723c751e8b465ee728b)
Start importing Assets/MapAssets/snow_tile_endSpawn.fbx using Guid(22b15c6a288c08244a98964d482243b0) Importer(815301076,1909f56bfc062723c751e8b465ee728b)  -> (artifact id: 'a2b6add87e3eb33b7823d81216e80c36') in 0.054184 seconds 
========================================================================
Received Import Request.
  Time since last request: 0.000023 seconds.
  path: Assets/MapAssets/towerRound_topC.fbx
  artifactKey: Guid(dca0511afcb56c84b9cf792188d1bfe7) Importer(815301076,1909f56bfc062723c751e8b465ee728b)
Start importing Assets/MapAssets/towerRound_topC.fbx using Guid(dca0511afcb56c84b9cf792188d1bfe7) Importer(815301076,1909f56bfc062723c751e8b465ee728b)  -> (artifact id: '434e0afd05211d368251ed6543826fac') in 0.039933 seconds 
========================================================================
Received Import Request.
  Time since last request: 0.000025 seconds.
  path: Assets/MapAssets/snow_tile_hill.fbx
  artifactKey: Guid(468b010fc382fd64f901dcd692dea9c1) Importer(815301076,1909f56bfc062723c751e8b465ee728b)
Start importing Assets/MapAssets/snow_tile_hill.fbx using Guid(468b010fc382fd64f901dcd692dea9c1) Importer(815301076,1909f56bfc062723c751e8b465ee728b)  -> (artifact id: '217fcef9c57319a1c7f7a794cab513fd') in 0.046788 seconds 
========================================================================
Received Import Request.
  Time since last request: 0.000026 seconds.
  path: Assets/MapAssets/tile_cornerLarge.fbx
  artifactKey: Guid(577b3a1b4c142d7489eb3d852793c7f6) Importer(815301076,1909f56bfc062723c751e8b465ee728b)
Start importing Assets/MapAssets/tile_cornerLarge.fbx using Guid(577b3a1b4c142d7489eb3d852793c7f6) Importer(815301076,1909f56bfc062723c751e8b465ee728b)  -> (artifact id: 'd3f7defe97c608506b0afbaaeb1f1d6a') in 0.043897 seconds 
========================================================================
Received Import Request.
  Time since last request: 0.000029 seconds.
  path: Assets/MapAssets/towerRound_topA.fbx
  artifactKey: Guid(78a373b41dc08414b8978897a823f371) Importer(815301076,1909f56bfc062723c751e8b465ee728b)
Start importing Assets/MapAssets/towerRound_topA.fbx using Guid(78a373b41dc08414b8978897a823f371) Importer(815301076,1909f56bfc062723c751e8b465ee728b)  -> (artifact id: '991fb0cd9ab4323406accf5c1b4ea62d') in 0.041321 seconds 
========================================================================
Received Import Request.
  Time since last request: 0.000022 seconds.
  path: Assets/MapAssets/snow_tile_riverTransition.fbx
  artifactKey: Guid(f70e63653d824a44ca5446ca89ae250a) Importer(815301076,1909f56bfc062723c751e8b465ee728b)
Start importing Assets/MapAssets/snow_tile_riverTransition.fbx using Guid(f70e63653d824a44ca5446ca89ae250a) Importer(815301076,1909f56bfc062723c751e8b465ee728b)  -> (artifact id: '07b1fb812e7ea64bd6dbd77f041a462d') in 0.038971 seconds 
========================================================================
Received Import Request.
  Time since last request: 0.000021 seconds.
  path: Assets/MapAssets/snow_woodStructure_high.fbx
  artifactKey: Guid(96fa6b2bdfde262448e780ce61ca3758) Importer(815301076,1909f56bfc062723c751e8b465ee728b)
Start importing Assets/MapAssets/snow_woodStructure_high.fbx using Guid(96fa6b2bdfde262448e780ce61ca3758) Importer(815301076,1909f56bfc062723c751e8b465ee728b)  -> (artifact id: 'd0919ae1ff889ac6b19e2bf6f047aafb') in 0.038472 seconds 
========================================================================
Received Import Request.
  Time since last request: 0.000026 seconds.
  path: Assets/MapAssets/snow_detail_dirt.fbx
  artifactKey: Guid(f0465715676170e4ba5efd42a1fbab97) Importer(815301076,1909f56bfc062723c751e8b465ee728b)
Start importing Assets/MapAssets/snow_detail_dirt.fbx using Guid(f0465715676170e4ba5efd42a1fbab97) Importer(815301076,1909f56bfc062723c751e8b465ee728b)  -> (artifact id: 'ea4c4ebd68d5e5affa56e4981a801d07') in 0.032995 seconds 
========================================================================
Received Import Request.
  Time since last request: 0.000022 seconds.
  path: Assets/MapAssets/tile_endRoundSpawn.fbx
  artifactKey: Guid(0397c8d389b7f73498294799a9e666d2) Importer(815301076,1909f56bfc062723c751e8b465ee728b)
Start importing Assets/MapAssets/tile_endRoundSpawn.fbx using Guid(0397c8d389b7f73498294799a9e666d2) Importer(815301076,1909f56bfc062723c751e8b465ee728b)  -> (artifact id: '78c06334ceb254a3441af1f493132ca9') in 0.047399 seconds 
========================================================================
Received Import Request.
  Time since last request: 0.000024 seconds.
  path: Assets/MapAssets/snow_tile_cornerInner.fbx
  artifactKey: Guid(edbb96ed22e802c4abf7e1441ef02f69) Importer(815301076,1909f56bfc062723c751e8b465ee728b)
Start importing Assets/MapAssets/snow_tile_cornerInner.fbx using Guid(edbb96ed22e802c4abf7e1441ef02f69) Importer(815301076,1909f56bfc062723c751e8b465ee728b)  -> (artifact id: '24015b89fc6ecc3e35aceb75030731c6') in 0.032368 seconds 
========================================================================
Received Import Request.
  Time since last request: 0.000091 seconds.
  path: Assets/MapAssets/detail_crystalLarge.fbx
  artifactKey: Guid(f7b88e7e98297bc47bb16f7afd0cf622) Importer(815301076,1909f56bfc062723c751e8b465ee728b)
Start importing Assets/MapAssets/detail_crystalLarge.fbx using Guid(f7b88e7e98297bc47bb16f7afd0cf622) Importer(815301076,1909f56bfc062723c751e8b465ee728b)  -> (artifact id: '95bff4f09ddc551eca22b3af7ad5d379') in 0.064087 seconds 
========================================================================
Received Import Request.
  Time since last request: 0.000022 seconds.
  path: Assets/MapAssets/snow_tile_riverStraight.fbx
  artifactKey: Guid(7c5a6e9e59fe1c6439ddecbd48b968a1) Importer(815301076,1909f56bfc062723c751e8b465ee728b)
Start importing Assets/MapAssets/snow_tile_riverStraight.fbx using Guid(7c5a6e9e59fe1c6439ddecbd48b968a1) Importer(815301076,1909f56bfc062723c751e8b465ee728b)  -> (artifact id: '5201867dfc48975b81e5fe43ab65a822') in 0.039089 seconds 
========================================================================
Received Import Request.
  Time since last request: 0.000021 seconds.
  path: Assets/MapAssets/woodStructure_high.fbx
  artifactKey: Guid(9884a62125726cb46973c87dfc35e8f4) Importer(815301076,1909f56bfc062723c751e8b465ee728b)
Start importing Assets/MapAssets/woodStructure_high.fbx using Guid(9884a62125726cb46973c87dfc35e8f4) Importer(815301076,1909f56bfc062723c751e8b465ee728b)  -> (artifact id: '5675d7e64edafcd884c716332bbf5d10') in 0.034279 seconds 
========================================================================
Received Import Request.
  Time since last request: 0.000022 seconds.
  path: Assets/MapAssets/towerSquare_sampleA.fbx
  artifactKey: Guid(5afb5cd65e1435d418847a17d46707c9) Importer(815301076,1909f56bfc062723c751e8b465ee728b)
Start importing Assets/MapAssets/towerSquare_sampleA.fbx using Guid(5afb5cd65e1435d418847a17d46707c9) Importer(815301076,1909f56bfc062723c751e8b465ee728b)  -> (artifact id: 'e779b0f1d31d01158add23040d7e03fe') in 0.037779 seconds 
========================================================================
Received Import Request.
  Time since last request: 0.000021 seconds.
  path: Assets/MapAssets/snow_tile_tree.fbx
  artifactKey: Guid(eed6ebe18b947784e9331d83009a7926) Importer(815301076,1909f56bfc062723c751e8b465ee728b)
Start importing Assets/MapAssets/snow_tile_tree.fbx using Guid(eed6ebe18b947784e9331d83009a7926) Importer(815301076,1909f56bfc062723c751e8b465ee728b)  -> (artifact id: 'e4e30f78e48281b26d175a5976f56290') in 0.051692 seconds 
========================================================================
Received Import Request.
  Time since last request: 0.000024 seconds.
  path: Assets/MapAssets/tile_treeDouble.fbx
  artifactKey: Guid(20dce885dfff4344d8b9c7b1fac5b92d) Importer(815301076,1909f56bfc062723c751e8b465ee728b)
Start importing Assets/MapAssets/tile_treeDouble.fbx using Guid(20dce885dfff4344d8b9c7b1fac5b92d) Importer(815301076,1909f56bfc062723c751e8b465ee728b)  -> (artifact id: '44c91e898beb1b827cba3bd4f1e8b59a') in 0.056134 seconds 
========================================================================
Received Import Request.
  Time since last request: 0.000032 seconds.
  path: Assets/MapAssets/tile_spawn.fbx
  artifactKey: Guid(8207dcbaab89cb64eab90b1def7a605d) Importer(815301076,1909f56bfc062723c751e8b465ee728b)
Start importing Assets/MapAssets/tile_spawn.fbx using Guid(8207dcbaab89cb64eab90b1def7a605d) Importer(815301076,1909f56bfc062723c751e8b465ee728b)  -> (artifact id: '14a05742209af5692afdfcaa0652b8a7') in 0.048009 seconds 
========================================================================
Received Import Request.
  Time since last request: 0.000022 seconds.
  path: Assets/MapAssets/towerRound_bottomC.fbx
  artifactKey: Guid(b615b393d953c65478dbde6baef5821a) Importer(815301076,1909f56bfc062723c751e8b465ee728b)
Start importing Assets/MapAssets/towerRound_bottomC.fbx using Guid(b615b393d953c65478dbde6baef5821a) Importer(815301076,1909f56bfc062723c751e8b465ee728b)  -> (artifact id: 'e7281261cf8e002f6cfc11d50e1f667c') in 0.034222 seconds 
========================================================================
Received Import Request.
  Time since last request: 0.000022 seconds.
  path: Assets/MapAssets/tile_cornerSquare.fbx
  artifactKey: Guid(49149f5e1d96fae479f6737aba6907ef) Importer(815301076,1909f56bfc062723c751e8b465ee728b)
Start importing Assets/MapAssets/tile_cornerSquare.fbx using Guid(49149f5e1d96fae479f6737aba6907ef) Importer(815301076,1909f56bfc062723c751e8b465ee728b)  -> (artifact id: '0ed2459b88c009792f1e78bea8ce9318') in 0.037229 seconds 
========================================================================
Received Import Request.
  Time since last request: 0.000021 seconds.
  path: Assets/MapAssets/tile_straightHill.fbx
  artifactKey: Guid(79ed59d4aa13c2b43bac84a8fdf2ffba) Importer(815301076,1909f56bfc062723c751e8b465ee728b)
Start importing Assets/MapAssets/tile_straightHill.fbx using Guid(79ed59d4aa13c2b43bac84a8fdf2ffba) Importer(815301076,1909f56bfc062723c751e8b465ee728b)  -> (artifact id: '3875933f3cf541cef4c1ab31118b7617') in 0.038703 seconds 
========================================================================
Received Import Request.
  Time since last request: 0.000020 seconds.
  path: Assets/MapAssets/enemy_ufoYellowWeapon.fbx
  artifactKey: Guid(4d18c114f8d1ce94bbdcbcfb266a7d45) Importer(815301076,1909f56bfc062723c751e8b465ee728b)
Start importing Assets/MapAssets/enemy_ufoYellowWeapon.fbx using Guid(4d18c114f8d1ce94bbdcbcfb266a7d45) Importer(815301076,1909f56bfc062723c751e8b465ee728b)  -> (artifact id: '9bbfc3ef1f5c0bbd5f249898f6142db2') in 0.060572 seconds 
========================================================================
Received Import Request.
  Time since last request: 0.146225 seconds.
  path: Assets/PreFabs/tile.prefab
  artifactKey: Guid(dee86f6f89ddd944093c17712cb4b6e8) Importer(815301076,1909f56bfc062723c751e8b465ee728b)
Start importing Assets/PreFabs/tile.prefab using Guid(dee86f6f89ddd944093c17712cb4b6e8) Importer(815301076,1909f56bfc062723c751e8b465ee728b)  -> (artifact id: '6f557959975dfb7260f207e748477476') in 0.021938 seconds 
========================================================================
Received Import Request.
  Time since last request: 394.765547 seconds.
  path: Assets/MapAssets/detail_crystal.fbx
  artifactKey: Guid(22918f55291aa8e43b16f3907bd5313b) Importer(815301076,1909f56bfc062723c751e8b465ee728b)
Start importing Assets/MapAssets/detail_crystal.fbx using Guid(22918f55291aa8e43b16f3907bd5313b) Importer(815301076,1909f56bfc062723c751e8b465ee728b)  -> (artifact id: 'cbf2404c26ec32e48453564e98bf4815') in 0.132046 seconds 
========================================================================
Received Import Request.
  Time since last request: 0.000026 seconds.
  path: Assets/MapAssets/tile_wideCorner.fbx
  artifactKey: Guid(b9218d8cdd0867b459480f0fbcb0fca4) Importer(815301076,1909f56bfc062723c751e8b465ee728b)
Start importing Assets/MapAssets/tile_wideCorner.fbx using Guid(b9218d8cdd0867b459480f0fbcb0fca4) Importer(815301076,1909f56bfc062723c751e8b465ee728b)  -> (artifact id: '76b18150918c1f2e0462330f465c75ca') in 0.101560 seconds 
========================================================================
Received Import Request.
  Time since last request: 0.000030 seconds.
  path: Assets/MapAssets/enemy_ufoRed.fbx
  artifactKey: Guid(80531e69b42be9b43a141754b839e020) Importer(815301076,1909f56bfc062723c751e8b465ee728b)
Start importing Assets/MapAssets/enemy_ufoRed.fbx using Guid(80531e69b42be9b43a141754b839e020) Importer(815301076,1909f56bfc062723c751e8b465ee728b)  -> (artifact id: '304fb11abcf23c5ca740ca9f1ae51f86') in 0.046528 seconds 
========================================================================
Received Import Request.
  Time since last request: 0.000077 seconds.
  path: Assets/MapAssets/towerRound_roofA.fbx
  artifactKey: Guid(a01bc8bfed6b7b4408b0b4144f6012c9) Importer(815301076,1909f56bfc062723c751e8b465ee728b)
Start importing Assets/MapAssets/towerRound_roofA.fbx using Guid(a01bc8bfed6b7b4408b0b4144f6012c9) Importer(815301076,1909f56bfc062723c751e8b465ee728b)  -> (artifact id: 'b1ab6b0db95a0ecad96bd46d97b745c4') in 0.042000 seconds 
========================================================================
Received Import Request.
  Time since last request: 0.000021 seconds.
  path: Assets/MapAssets/tile_wideTransition.fbx
  artifactKey: Guid(ce987a966ea103b42b488e8952c0b536) Importer(815301076,1909f56bfc062723c751e8b465ee728b)
Start importing Assets/MapAssets/tile_wideTransition.fbx using Guid(ce987a966ea103b42b488e8952c0b536) Importer(815301076,1909f56bfc062723c751e8b465ee728b)  -> (artifact id: '0633bc3d76faef048fd5392eb515e84f') in 0.053263 seconds 
========================================================================
Received Import Request.
  Time since last request: 0.000025 seconds.
  path: Assets/MapAssets/towerRound_crystals.fbx
  artifactKey: Guid(3ec92fe55c569b34cb454a86b31e151a) Importer(815301076,1909f56bfc062723c751e8b465ee728b)
Start importing Assets/MapAssets/towerRound_crystals.fbx using Guid(3ec92fe55c569b34cb454a86b31e151a) Importer(815301076,1909f56bfc062723c751e8b465ee728b)  -> (artifact id: '83f4e1e69890572fa62c1dddb7af9d76') in 0.098181 seconds 
========================================================================
Received Import Request.
  Time since last request: 0.000030 seconds.
  path: Assets/MapAssets/tile_slope.fbx
  artifactKey: Guid(8239094b076dd194890c3c248d6987f7) Importer(815301076,1909f56bfc062723c751e8b465ee728b)
Start importing Assets/MapAssets/tile_slope.fbx using Guid(8239094b076dd194890c3c248d6987f7) Importer(815301076,1909f56bfc062723c751e8b465ee728b)  -> (artifact id: '345108007b19b74a659299bef7e487ac') in 0.033653 seconds 
========================================================================
Received Import Request.
  Time since last request: 0.000034 seconds.
  path: Assets/MapAssets/snow_tile_riverBridge.fbx
  artifactKey: Guid(cd681f84cffd12d449e15f2716db43e4) Importer(815301076,1909f56bfc062723c751e8b465ee728b)
Start importing Assets/MapAssets/snow_tile_riverBridge.fbx using Guid(cd681f84cffd12d449e15f2716db43e4) Importer(815301076,1909f56bfc062723c751e8b465ee728b)  -> (artifact id: '0115dba422d98294c9f877658431ba1a') in 0.047475 seconds 
========================================================================
Received Import Request.
  Time since last request: 0.000044 seconds.
  path: Assets/MapAssets/tile_split.fbx
  artifactKey: Guid(c1460805185361f4fab4214b4603ebbd) Importer(815301076,1909f56bfc062723c751e8b465ee728b)
Start importing Assets/MapAssets/tile_split.fbx using Guid(c1460805185361f4fab4214b4603ebbd) Importer(815301076,1909f56bfc062723c751e8b465ee728b)  -> (artifact id: '91ff0e8964fce3021da7b939809c09df') in 0.040096 seconds 
========================================================================
Received Import Request.
  Time since last request: 0.000025 seconds.
  path: Assets/MapAssets/towerRound_middleC.fbx
  artifactKey: Guid(a7911e3a258c2c74daa027da760d4157) Importer(815301076,1909f56bfc062723c751e8b465ee728b)
Start importing Assets/MapAssets/towerRound_middleC.fbx using Guid(a7911e3a258c2c74daa027da760d4157) Importer(815301076,1909f56bfc062723c751e8b465ee728b)  -> (artifact id: '13330dfbfe1c3dc31743e0ff3e9ae088') in 0.037154 seconds 
========================================================================
Received Import Request.
  Time since last request: 0.000025 seconds.
  path: Assets/MapAssets/tile_straightHillLarge.fbx
  artifactKey: Guid(4d53ff1b529c84d4ea614f67a8256432) Importer(815301076,1909f56bfc062723c751e8b465ee728b)
Start importing Assets/MapAssets/tile_straightHillLarge.fbx using Guid(4d53ff1b529c84d4ea614f67a8256432) Importer(815301076,1909f56bfc062723c751e8b465ee728b)  -> (artifact id: 'a32a80efec7f059b42246297e18d82ab') in 0.040328 seconds 
========================================================================
Received Import Request.
  Time since last request: 0.000027 seconds.
  path: Assets/MapAssets/snow_tile.fbx
  artifactKey: Guid(c4346943dd45d884c97f51a7e79a3172) Importer(815301076,1909f56bfc062723c751e8b465ee728b)
Start importing Assets/MapAssets/snow_tile.fbx using Guid(c4346943dd45d884c97f51a7e79a3172) Importer(815301076,1909f56bfc062723c751e8b465ee728b)  -> (artifact id: '5ed11285bd4a9934a49f74751ee86d53') in 0.035422 seconds 
========================================================================
Received Import Request.
  Time since last request: 0.000031 seconds.
  path: Assets/MapAssets/snow_tile_straightHill.fbx
  artifactKey: Guid(99a9189bcc836f14bb89f1e3b3351ad5) Importer(815301076,1909f56bfc062723c751e8b465ee728b)
Start importing Assets/MapAssets/snow_tile_straightHill.fbx using Guid(99a9189bcc836f14bb89f1e3b3351ad5) Importer(815301076,1909f56bfc062723c751e8b465ee728b)  -> (artifact id: '47181562bd268cfd4da5e8869876572a') in 0.045746 seconds 
========================================================================
Received Import Request.
  Time since last request: 0.000035 seconds.
  path: Assets/MapAssets/enemy_ufoPurple.fbx
  artifactKey: Guid(a1869aee08152af44a9ae7f0ac714d2b) Importer(815301076,1909f56bfc062723c751e8b465ee728b)
Start importing Assets/MapAssets/enemy_ufoPurple.fbx using Guid(a1869aee08152af44a9ae7f0ac714d2b) Importer(815301076,1909f56bfc062723c751e8b465ee728b)  -> (artifact id: '3ca0c86734622a644475e7f9ef1d1616') in 0.059347 seconds 
========================================================================
Received Import Request.
  Time since last request: 0.000026 seconds.
  path: Assets/MapAssets/tile_wideSplit.fbx
  artifactKey: Guid(ce8c96861d549124d900258d3859614a) Importer(815301076,1909f56bfc062723c751e8b465ee728b)
Start importing Assets/MapAssets/tile_wideSplit.fbx using Guid(ce8c96861d549124d900258d3859614a) Importer(815301076,1909f56bfc062723c751e8b465ee728b)  -> (artifact id: 'b31d7b1008e64565bc4532187ef78936') in 0.039760 seconds 
========================================================================
Received Import Request.
  Time since last request: 0.000029 seconds.
  path: Assets/MapAssets/tile_dirt.fbx
  artifactKey: Guid(5469be667b9dcf94594fb66773a0a346) Importer(815301076,1909f56bfc062723c751e8b465ee728b)
Start importing Assets/MapAssets/tile_dirt.fbx using Guid(5469be667b9dcf94594fb66773a0a346) Importer(815301076,1909f56bfc062723c751e8b465ee728b)  -> (artifact id: 'dc97d640514969fcfc88920120aca3f4') in 0.029491 seconds 
========================================================================
Received Import Request.
  Time since last request: 0.000021 seconds.
  path: Assets/MapAssets/tile_dirtHigh.fbx
  artifactKey: Guid(ae20a845270898a45b87562744850c22) Importer(815301076,1909f56bfc062723c751e8b465ee728b)
Start importing Assets/MapAssets/tile_dirtHigh.fbx using Guid(ae20a845270898a45b87562744850c22) Importer(815301076,1909f56bfc062723c751e8b465ee728b)  -> (artifact id: 'af9cda28a8e076a5ddf3fbd5a9a4b389') in 0.029327 seconds 
========================================================================
Received Import Request.
  Time since last request: 0.000024 seconds.
  path: Assets/MapAssets/towerSquare_sampleF.fbx
  artifactKey: Guid(5011ea1b0460c2f418f44ad7a17816d7) Importer(815301076,1909f56bfc062723c751e8b465ee728b)
Start importing Assets/MapAssets/towerSquare_sampleF.fbx using Guid(5011ea1b0460c2f418f44ad7a17816d7) Importer(815301076,1909f56bfc062723c751e8b465ee728b)  -> (artifact id: '4dbac277825a319beacc056b9cbee046') in 0.039611 seconds 
========================================================================
Received Import Request.
  Time since last request: 0.000030 seconds.
  path: Assets/MapAssets/weapon_blaster.fbx
  artifactKey: Guid(b5c00321d4853f44eb620164b1e6d791) Importer(815301076,1909f56bfc062723c751e8b465ee728b)
Start importing Assets/MapAssets/weapon_blaster.fbx using Guid(b5c00321d4853f44eb620164b1e6d791) Importer(815301076,1909f56bfc062723c751e8b465ee728b)  -> (artifact id: 'ef6ffb659725b2354f8fea05fb2c6d4f') in 0.056687 seconds 
========================================================================
Received Import Request.
  Time since last request: 0.000034 seconds.
  path: Assets/MapAssets/woodStructure.fbx
  artifactKey: Guid(c0c7d4f68d6e2df4eb84334ee65c176b) Importer(815301076,1909f56bfc062723c751e8b465ee728b)
Start importing Assets/MapAssets/woodStructure.fbx using Guid(c0c7d4f68d6e2df4eb84334ee65c176b) Importer(815301076,1909f56bfc062723c751e8b465ee728b)  -> (artifact id: '2ee7e2106d09fb3c143a07cf9ca6c79c') in 0.061955 seconds 
========================================================================
Received Import Request.
  Time since last request: 0.000034 seconds.
  path: Assets/MapAssets/towerSquare_bottomA.fbx
  artifactKey: Guid(4eb5a4e6313eb1e40907ecad6bed17d5) Importer(815301076,1909f56bfc062723c751e8b465ee728b)
Start importing Assets/MapAssets/towerSquare_bottomA.fbx using Guid(4eb5a4e6313eb1e40907ecad6bed17d5) Importer(815301076,1909f56bfc062723c751e8b465ee728b)  -> (artifact id: '5c4484841e118b4c2613b752c6fc95ec') in 0.043149 seconds 
========================================================================
Received Import Request.
  Time since last request: 0.000030 seconds.
  path: Assets/MapAssets/enemy_ufoRedWeapon.fbx
  artifactKey: Guid(195a837b49bf8234596ce5b780011b88) Importer(815301076,1909f56bfc062723c751e8b465ee728b)
Start importing Assets/MapAssets/enemy_ufoRedWeapon.fbx using Guid(195a837b49bf8234596ce5b780011b88) Importer(815301076,1909f56bfc062723c751e8b465ee728b)  -> (artifact id: '48a81d98168ccb3e2d2943a9911d8f24') in 0.052889 seconds 
========================================================================
Received Import Request.
  Time since last request: 0.000029 seconds.
  path: Assets/MapAssets/enemy_ufoGreen.fbx
  artifactKey: Guid(3a017f70df7ed0b40b1a055932fd8d98) Importer(815301076,1909f56bfc062723c751e8b465ee728b)
Start importing Assets/MapAssets/enemy_ufoGreen.fbx using Guid(3a017f70df7ed0b40b1a055932fd8d98) Importer(815301076,1909f56bfc062723c751e8b465ee728b)  -> (artifact id: '15b241cb4cbad83307aee7fd753f6108') in 0.048271 seconds 
========================================================================
Received Import Request.
  Time since last request: 0.000043 seconds.
  path: Assets/MapAssets/tile_crossing.fbx
  artifactKey: Guid(5b0256d8bdae6e84d8fc6403a2535cc3) Importer(815301076,1909f56bfc062723c751e8b465ee728b)
Start importing Assets/MapAssets/tile_crossing.fbx using Guid(5b0256d8bdae6e84d8fc6403a2535cc3) Importer(815301076,1909f56bfc062723c751e8b465ee728b)  -> (artifact id: '7a90137bfb2bfb8367f5718c4b4604a9') in 0.044794 seconds 
========================================================================
Received Import Request.
  Time since last request: 0.000034 seconds.
  path: Assets/MapAssets/tile_end.fbx
  artifactKey: Guid(7fb7272cdf388f54c92df771eec826d3) Importer(815301076,1909f56bfc062723c751e8b465ee728b)
Start importing Assets/MapAssets/tile_end.fbx using Guid(7fb7272cdf388f54c92df771eec826d3) Importer(815301076,1909f56bfc062723c751e8b465ee728b)  -> (artifact id: 'a8ae0a442aac3bb639d907c893991e6c') in 0.040334 seconds 
========================================================================
Received Import Request.
  Time since last request: 0.000031 seconds.
  path: Assets/MapAssets/enemy_ufoYellow.fbx
  artifactKey: Guid(fbd71a08e2489fb4eb09fc386c8b524e) Importer(815301076,1909f56bfc062723c751e8b465ee728b)
Start importing Assets/MapAssets/enemy_ufoYellow.fbx using Guid(fbd71a08e2489fb4eb09fc386c8b524e) Importer(815301076,1909f56bfc062723c751e8b465ee728b)  -> (artifact id: 'e58e7803c609267aa30a41459e57dc07') in 0.046822 seconds 
========================================================================
Received Import Request.
  Time since last request: 0.000025 seconds.
  path: Assets/MapAssets/snow_tile_endRound.fbx
  artifactKey: Guid(510374598028d964bb06413b26582291) Importer(815301076,1909f56bfc062723c751e8b465ee728b)
Start importing Assets/MapAssets/snow_tile_endRound.fbx using Guid(510374598028d964bb06413b26582291) Importer(815301076,1909f56bfc062723c751e8b465ee728b)  -> (artifact id: '55c627533abd5675984a5c1fd480f5b5') in 0.043478 seconds 
========================================================================
Received Import Request.
  Time since last request: 0.000027 seconds.
  path: Assets/MapAssets/towerSquare_middleC.fbx
  artifactKey: Guid(14b87ab2e5f05154684c3588c9c65cd1) Importer(815301076,1909f56bfc062723c751e8b465ee728b)
Start importing Assets/MapAssets/towerSquare_middleC.fbx using Guid(14b87ab2e5f05154684c3588c9c65cd1) Importer(815301076,1909f56bfc062723c751e8b465ee728b)  -> (artifact id: '47256933a2c3674125121318b7ad1e7e') in 0.054743 seconds 
========================================================================
Received Import Request.
  Time since last request: 0.000026 seconds.
  path: Assets/MapAssets/towerRound_topB.fbx
  artifactKey: Guid(27a77475b6d21a849bc71858a3cd6bd2) Importer(815301076,1909f56bfc062723c751e8b465ee728b)
Start importing Assets/MapAssets/towerRound_topB.fbx using Guid(27a77475b6d21a849bc71858a3cd6bd2) Importer(815301076,1909f56bfc062723c751e8b465ee728b)  -> (artifact id: '29240e7476eaee834ee240bd35ab9c9f') in 0.040965 seconds 
========================================================================
Received Import Request.
  Time since last request: 0.000034 seconds.
  path: Assets/MapAssets/snow_tile_cornerOuter.fbx
  artifactKey: Guid(297ff6f944e394447a31e7bb2c5cb9c5) Importer(815301076,1909f56bfc062723c751e8b465ee728b)
Start importing Assets/MapAssets/snow_tile_cornerOuter.fbx using Guid(297ff6f944e394447a31e7bb2c5cb9c5) Importer(815301076,1909f56bfc062723c751e8b465ee728b)  -> (artifact id: 'b35571ec59752dd7481ad89c6350a725') in 0.034164 seconds 
========================================================================
Received Import Request.
  Time since last request: 0.000025 seconds.
  path: Assets/MapAssets/snow_tile_straightHillLarge.fbx
  artifactKey: Guid(a31bc9acc37fc7d4d98f8f9cba52a1eb) Importer(815301076,1909f56bfc062723c751e8b465ee728b)
Start importing Assets/MapAssets/snow_tile_straightHillLarge.fbx using Guid(a31bc9acc37fc7d4d98f8f9cba52a1eb) Importer(815301076,1909f56bfc062723c751e8b465ee728b)  -> (artifact id: 'f437991624b52c731ae54ec7a59a58e4') in 0.044144 seconds 
========================================================================
Received Import Request.
  Time since last request: 0.000031 seconds.
  path: Assets/MapAssets/enemy_ufoPurpleWeapon.fbx
  artifactKey: Guid(fc4b7a8e50d6f5d47b3aa1f5b1d8792e) Importer(815301076,1909f56bfc062723c751e8b465ee728b)
Start importing Assets/MapAssets/enemy_ufoPurpleWeapon.fbx using Guid(fc4b7a8e50d6f5d47b3aa1f5b1d8792e) Importer(815301076,1909f56bfc062723c751e8b465ee728b)  -> (artifact id: 'cc38cd6ed0369ac1dc37bcee93bff4bb') in 0.049466 seconds 
========================================================================
Received Import Request.
  Time since last request: 0.000024 seconds.
  path: Assets/MapAssets/towerSquare_middleA.fbx
  artifactKey: Guid(8ecf5a77c71d9514687169af57b70642) Importer(815301076,1909f56bfc062723c751e8b465ee728b)
Start importing Assets/MapAssets/towerSquare_middleA.fbx using Guid(8ecf5a77c71d9514687169af57b70642) Importer(815301076,1909f56bfc062723c751e8b465ee728b)  -> (artifact id: 'b24c9e2143371869b4e01ba9fe514537') in 0.044233 seconds 
========================================================================
Received Import Request.
  Time since last request: 0.000031 seconds.
  path: Assets/MapAssets/tile_cornerInner.fbx
  artifactKey: Guid(a10de694f36c1a34493abbc13daba097) Importer(815301076,1909f56bfc062723c751e8b465ee728b)
Start importing Assets/MapAssets/tile_cornerInner.fbx using Guid(a10de694f36c1a34493abbc13daba097) Importer(815301076,1909f56bfc062723c751e8b465ee728b)  -> (artifact id: '8164a0e7249b62645912d0e4e7c122de') in 0.039755 seconds 
========================================================================
Received Import Request.
  Time since last request: 0.000029 seconds.
  path: Assets/MapAssets/tile_straight.fbx
  artifactKey: Guid(fd99f5cef63ec2f4585afbe3ea84f9b9) Importer(815301076,1909f56bfc062723c751e8b465ee728b)
Start importing Assets/MapAssets/tile_straight.fbx using Guid(fd99f5cef63ec2f4585afbe3ea84f9b9) Importer(815301076,1909f56bfc062723c751e8b465ee728b)  -> (artifact id: '4eeff2547905003167f71a0119a72247') in 0.044786 seconds 
========================================================================
Received Import Request.
  Time since last request: 0.000039 seconds.
  path: Assets/MapAssets/tile_riverBridge.fbx
  artifactKey: Guid(eb36af695f0fbcf4790d3fe6c9627d7f) Importer(815301076,1909f56bfc062723c751e8b465ee728b)
Start importing Assets/MapAssets/tile_riverBridge.fbx using Guid(eb36af695f0fbcf4790d3fe6c9627d7f) Importer(815301076,1909f56bfc062723c751e8b465ee728b)  -> (artifact id: '94aceb651ead4d3ff840e235038e7cfe') in 0.050532 seconds 
========================================================================
Received Import Request.
  Time since last request: 0.000027 seconds.
  path: Assets/MapAssets/snow_tile_wideStraight.fbx
  artifactKey: Guid(659fe3bf5b665414e818ae51d04aa149) Importer(815301076,1909f56bfc062723c751e8b465ee728b)
Start importing Assets/MapAssets/snow_tile_wideStraight.fbx using Guid(659fe3bf5b665414e818ae51d04aa149) Importer(815301076,1909f56bfc062723c751e8b465ee728b)  -> (artifact id: 'd641075985d99fd5db27273fdf6e1e91') in 0.056332 seconds 
========================================================================
Received Import Request.
  Time since last request: 0.000025 seconds.
  path: Assets/MapAssets/detail_treeLarge.fbx
  artifactKey: Guid(c40330ef4a81fa542986a2bceae26b28) Importer(815301076,1909f56bfc062723c751e8b465ee728b)
Start importing Assets/MapAssets/detail_treeLarge.fbx using Guid(c40330ef4a81fa542986a2bceae26b28) Importer(815301076,1909f56bfc062723c751e8b465ee728b)  -> (artifact id: '8f8438e2a983f1ab7b32b34fa3afaa5e') in 0.058776 seconds 
========================================================================
Received Import Request.
  Time since last request: 0.000028 seconds.
  path: Assets/MapAssets/snow_tile_cornerRound.fbx
  artifactKey: Guid(4a99936a625323f469a7e339efe347ce) Importer(815301076,1909f56bfc062723c751e8b465ee728b)
Start importing Assets/MapAssets/snow_tile_cornerRound.fbx using Guid(4a99936a625323f469a7e339efe347ce) Importer(815301076,1909f56bfc062723c751e8b465ee728b)  -> (artifact id: '7166b6b32922be240c7bc0fbd6c22596') in 0.049360 seconds 
========================================================================
Received Import Request.
  Time since last request: 0.000031 seconds.
  path: Assets/MapAssets/tile_rock.fbx
  artifactKey: Guid(48540d5e54cec7949aee7eb89d2d6bab) Importer(815301076,1909f56bfc062723c751e8b465ee728b)
Start importing Assets/MapAssets/tile_rock.fbx using Guid(48540d5e54cec7949aee7eb89d2d6bab) Importer(815301076,1909f56bfc062723c751e8b465ee728b)  -> (artifact id: '5dab41cf257c57e15684536b5c89ec53') in 0.047772 seconds 
========================================================================
Received Import Request.
  Time since last request: 0.000041 seconds.
  path: Assets/MapAssets/towerSquare_topB.fbx
  artifactKey: Guid(06201d998e0e48843929c6b981e99057) Importer(815301076,1909f56bfc062723c751e8b465ee728b)
Start importing Assets/MapAssets/towerSquare_topB.fbx using Guid(06201d998e0e48843929c6b981e99057) Importer(815301076,1909f56bfc062723c751e8b465ee728b)  -> (artifact id: '0104369885e1f104475ece09998822d6') in 0.045112 seconds 
========================================================================
Received Import Request.
  Time since last request: 0.000024 seconds.
  path: Assets/MapAssets/snow_tile_slope.fbx
  artifactKey: Guid(e9fd1c55a214a7b43bb5dd9513001431) Importer(815301076,1909f56bfc062723c751e8b465ee728b)
Start importing Assets/MapAssets/snow_tile_slope.fbx using Guid(e9fd1c55a214a7b43bb5dd9513001431) Importer(815301076,1909f56bfc062723c751e8b465ee728b)  -> (artifact id: 'a344dce80c56fb7cbf0cbc0639b29cfd') in 0.056080 seconds 
========================================================================
Received Import Request.
  Time since last request: 0.000024 seconds.
  path: Assets/MapAssets/towerSquare_sampleC.fbx
  artifactKey: Guid(c14260632fccbb446aa1f62d66ee374b) Importer(815301076,1909f56bfc062723c751e8b465ee728b)
Start importing Assets/MapAssets/towerSquare_sampleC.fbx using Guid(c14260632fccbb446aa1f62d66ee374b) Importer(815301076,1909f56bfc062723c751e8b465ee728b)  -> (artifact id: '6f80095d60cd753e4e161fd1781d8f3f') in 0.049416 seconds 
========================================================================
Received Import Request.
  Time since last request: 0.000023 seconds.
  path: Assets/MapAssets/tile_bump.fbx
  artifactKey: Guid(3d166cd0ea6702f4aa52fe593c7ada18) Importer(815301076,1909f56bfc062723c751e8b465ee728b)
Start importing Assets/MapAssets/tile_bump.fbx using Guid(3d166cd0ea6702f4aa52fe593c7ada18) Importer(815301076,1909f56bfc062723c751e8b465ee728b)  -> (artifact id: 'd5283a25bafa662416ded5969fae6860') in 0.039618 seconds 
========================================================================
Received Import Request.
  Time since last request: 0.000023 seconds.
  path: Assets/MapAssets/snow_tile_cornerSquare.fbx
  artifactKey: Guid(3646a6b07217d3b4c88a41cd912dc75a) Importer(815301076,1909f56bfc062723c751e8b465ee728b)
Start importing Assets/MapAssets/snow_tile_cornerSquare.fbx using Guid(3646a6b07217d3b4c88a41cd912dc75a) Importer(815301076,1909f56bfc062723c751e8b465ee728b)  -> (artifact id: 'aa8121d6a5ed41bae50247759b1428dc') in 0.047022 seconds 
========================================================================
Received Import Request.
  Time since last request: 0.000030 seconds.
  path: Assets/MapAssets/snow_tile_riverSlopeLarge.fbx
  artifactKey: Guid(2e5d300f6312e3c4fba99a1a2f73bbe2) Importer(815301076,1909f56bfc062723c751e8b465ee728b)
Start importing Assets/MapAssets/snow_tile_riverSlopeLarge.fbx using Guid(2e5d300f6312e3c4fba99a1a2f73bbe2) Importer(815301076,1909f56bfc062723c751e8b465ee728b)  -> (artifact id: '63e48a9a445e0746eb36ee7b65e68279') in 0.045049 seconds 
========================================================================
Received Import Request.
  Time since last request: 0.000026 seconds.
  path: Assets/MapAssets/towerSquare_bottomC.fbx
  artifactKey: Guid(dbf97aa18dc57184e9397baf11f7cfbe) Importer(815301076,1909f56bfc062723c751e8b465ee728b)
Start importing Assets/MapAssets/towerSquare_bottomC.fbx using Guid(dbf97aa18dc57184e9397baf11f7cfbe) Importer(815301076,1909f56bfc062723c751e8b465ee728b)  -> (artifact id: 'd58e855269a601997fa846a0b0ae3e59') in 0.049164 seconds 
========================================================================
Received Import Request.
  Time since last request: 0.000023 seconds.
  path: Assets/MapAssets/tile_riverCorner.fbx
  artifactKey: Guid(f20d22dd154639b49b89b75bef8e9b09) Importer(815301076,1909f56bfc062723c751e8b465ee728b)
Start importing Assets/MapAssets/tile_riverCorner.fbx using Guid(f20d22dd154639b49b89b75bef8e9b09) Importer(815301076,1909f56bfc062723c751e8b465ee728b)  -> (artifact id: '4dd22d2179272425c6c303af1086c25a') in 0.040668 seconds 
========================================================================
Received Import Request.
  Time since last request: 0.000023 seconds.
  path: Assets/MapAssets/enemy_ufoGreenWeapon.fbx
  artifactKey: Guid(a056ac3cc6ae2bd4a87ce2b5f7fb19cb) Importer(815301076,1909f56bfc062723c751e8b465ee728b)
Start importing Assets/MapAssets/enemy_ufoGreenWeapon.fbx using Guid(a056ac3cc6ae2bd4a87ce2b5f7fb19cb) Importer(815301076,1909f56bfc062723c751e8b465ee728b)  -> (artifact id: '89d91f45900ebd7ab74def4290c4b566') in 0.060095 seconds 
========================================================================
Received Import Request.
  Time since last request: 0.000031 seconds.
  path: Assets/MapAssets/towerRound_sampleB.fbx
  artifactKey: Guid(d5b28e13c6846a845af58da3f6fc5a11) Importer(815301076,1909f56bfc062723c751e8b465ee728b)
Start importing Assets/MapAssets/towerRound_sampleB.fbx using Guid(d5b28e13c6846a845af58da3f6fc5a11) Importer(815301076,1909f56bfc062723c751e8b465ee728b)  -> (artifact id: 'edd4985c60a86db107e654a7e5b23431') in 0.045008 seconds 
========================================================================
Received Import Request.
  Time since last request: 0.000035 seconds.
  path: Assets/MapAssets/snow_tile_rock.fbx
  artifactKey: Guid(82c7802e6799c59419b7b76251ba0445) Importer(815301076,1909f56bfc062723c751e8b465ee728b)
Start importing Assets/MapAssets/snow_tile_rock.fbx using Guid(82c7802e6799c59419b7b76251ba0445) Importer(815301076,1909f56bfc062723c751e8b465ee728b)  -> (artifact id: '1280b527f851c62889ee2e410608d95c') in 0.057429 seconds 
========================================================================
Received Import Request.
  Time since last request: 0.000021 seconds.
  path: Assets/MapAssets/snow_tile_cornerLarge.fbx
  artifactKey: Guid(b786734fc577d9a428bb2ef5e93b034e) Importer(815301076,1909f56bfc062723c751e8b465ee728b)
Start importing Assets/MapAssets/snow_tile_cornerLarge.fbx using Guid(b786734fc577d9a428bb2ef5e93b034e) Importer(815301076,1909f56bfc062723c751e8b465ee728b)  -> (artifact id: 'ad1bac8aa10cbd0d5e0e92cffeca977c') in 0.044437 seconds 
========================================================================
Received Import Request.
  Time since last request: 0.000024 seconds.
  path: Assets/MapAssets/tile_endSpawn.fbx
  artifactKey: Guid(81117e5acbdfa784d8b4c1331b18e8c2) Importer(815301076,1909f56bfc062723c751e8b465ee728b)
Start importing Assets/MapAssets/tile_endSpawn.fbx using Guid(81117e5acbdfa784d8b4c1331b18e8c2) Importer(815301076,1909f56bfc062723c751e8b465ee728b)  -> (artifact id: 'c5255d1d177115a9e5eb1c118b0d0c2a') in 0.052139 seconds 
========================================================================
Received Import Request.
  Time since last request: 0.000025 seconds.
  path: Assets/MapAssets/snow_tile_straight.fbx
  artifactKey: Guid(dcf9f8a01a4ebef47b6a9baafd84078c) Importer(815301076,1909f56bfc062723c751e8b465ee728b)
Start importing Assets/MapAssets/snow_tile_straight.fbx using Guid(dcf9f8a01a4ebef47b6a9baafd84078c) Importer(815301076,1909f56bfc062723c751e8b465ee728b)  -> (artifact id: '913d7d7e5952f5d56ff1865948f1fea0') in 0.046193 seconds 
========================================================================
Received Import Request.
  Time since last request: 0.000029 seconds.
  path: Assets/MapAssets/detail_rocks.fbx
  artifactKey: Guid(3020dd2dc90accb4980c9d13f520bbf2) Importer(815301076,1909f56bfc062723c751e8b465ee728b)
Start importing Assets/MapAssets/detail_rocks.fbx using Guid(3020dd2dc90accb4980c9d13f520bbf2) Importer(815301076,1909f56bfc062723c751e8b465ee728b)  -> (artifact id: '1b730212b453e2c04cba2aa16451432f') in 0.029147 seconds 
========================================================================
Received Import Request.
  Time since last request: 0.000036 seconds.
  path: Assets/MapAssets/towerSquare_sampleB.fbx
  artifactKey: Guid(ca6e2cb2152c0894d80679a904d72e80) Importer(815301076,1909f56bfc062723c751e8b465ee728b)
Start importing Assets/MapAssets/towerSquare_sampleB.fbx using Guid(ca6e2cb2152c0894d80679a904d72e80) Importer(815301076,1909f56bfc062723c751e8b465ee728b)  -> (artifact id: 'ae9f75e990f4f7dcc3bde7a1c63f31fd') in 0.051436 seconds 
========================================================================
Received Import Request.
  Time since last request: 0.000025 seconds.
  path: Assets/MapAssets/detail_tree.fbx
  artifactKey: Guid(c0d528ca2a9b1ae4f87dfd4c2ea1ed55) Importer(815301076,1909f56bfc062723c751e8b465ee728b)
Start importing Assets/MapAssets/detail_tree.fbx using Guid(c0d528ca2a9b1ae4f87dfd4c2ea1ed55) Importer(815301076,1909f56bfc062723c751e8b465ee728b)  -> (artifact id: 'e0b625841cfe252af0509620a7013720') in 0.040273 seconds 
========================================================================
Received Import Request.
  Time since last request: 0.000027 seconds.
  path: Assets/MapAssets/snow_detail_rocksLarge.fbx
  artifactKey: Guid(5a6eb4e3b35bc5c42a162debd7d1f96e) Importer(815301076,1909f56bfc062723c751e8b465ee728b)
Start importing Assets/MapAssets/snow_detail_rocksLarge.fbx using Guid(5a6eb4e3b35bc5c42a162debd7d1f96e) Importer(815301076,1909f56bfc062723c751e8b465ee728b)  -> (artifact id: 'fc72a772acb652490b520c454a527ae8') in 0.035992 seconds 
========================================================================
Received Import Request.
  Time since last request: 0.000024 seconds.
  path: Assets/MapAssets/tile_riverFall.fbx
  artifactKey: Guid(6e74048bfb52e2743ac1ce7eea1793bf) Importer(815301076,1909f56bfc062723c751e8b465ee728b)
Start importing Assets/MapAssets/tile_riverFall.fbx using Guid(6e74048bfb52e2743ac1ce7eea1793bf) Importer(815301076,1909f56bfc062723c751e8b465ee728b)  -> (artifact id: '80dac8c0c9f94fdf67fc8c9ac8a2829a') in 0.040345 seconds 
========================================================================
Received Import Request.
  Time since last request: 0.000021 seconds.
  path: Assets/MapAssets/snow_tile_wideCorner.fbx
  artifactKey: Guid(fac1ef6dd8de9b242881288ec7f42823) Importer(815301076,1909f56bfc062723c751e8b465ee728b)
Start importing Assets/MapAssets/snow_tile_wideCorner.fbx using Guid(fac1ef6dd8de9b242881288ec7f42823) Importer(815301076,1909f56bfc062723c751e8b465ee728b)  -> (artifact id: 'a23140ad7c2191c4df424f7f2637e81b') in 0.045379 seconds 
========================================================================
Received Import Request.
  Time since last request: 0.000023 seconds.
  path: Assets/MapAssets/snow_tile_spawn.fbx
  artifactKey: Guid(fd84422586d59a44f9afef3b39c46176) Importer(815301076,1909f56bfc062723c751e8b465ee728b)
Start importing Assets/MapAssets/snow_tile_spawn.fbx using Guid(fd84422586d59a44f9afef3b39c46176) Importer(815301076,1909f56bfc062723c751e8b465ee728b)  -> (artifact id: '96481a493daf83e6f1c8229513dd6817') in 0.060657 seconds 
========================================================================
Received Import Request.
  Time since last request: 0.000032 seconds.
  path: Assets/MapAssets/detail_dirtLarge.fbx
  artifactKey: Guid(9ae323ef9e33512409448451412b87dd) Importer(815301076,1909f56bfc062723c751e8b465ee728b)
Start importing Assets/MapAssets/detail_dirtLarge.fbx using Guid(9ae323ef9e33512409448451412b87dd) Importer(815301076,1909f56bfc062723c751e8b465ee728b)  -> (artifact id: '3524b8dfa5b421356e32803197b3bae8') in 0.033704 seconds 
========================================================================
Received Import Request.
  Time since last request: 0.000022 seconds.
  path: Assets/MapAssets/tile_cornerOuter.fbx
  artifactKey: Guid(e295edb102df2c04b8a28966157fa35f) Importer(815301076,1909f56bfc062723c751e8b465ee728b)
Start importing Assets/MapAssets/tile_cornerOuter.fbx using Guid(e295edb102df2c04b8a28966157fa35f) Importer(815301076,1909f56bfc062723c751e8b465ee728b)  -> (artifact id: '05c22ceaf8ecf36744b594f718a52fd6') in 0.034483 seconds 
========================================================================
Received Import Request.
  Time since last request: 0.000023 seconds.
  path: Assets/MapAssets/tile_riverTransition.fbx
  artifactKey: Guid(aa93dabf71b7bb247a40fb089240d9d7) Importer(815301076,1909f56bfc062723c751e8b465ee728b)
Start importing Assets/MapAssets/tile_riverTransition.fbx using Guid(aa93dabf71b7bb247a40fb089240d9d7) Importer(815301076,1909f56bfc062723c751e8b465ee728b)  -> (artifact id: '66a13126cc97688b1b57c2b868460536') in 0.041736 seconds 
========================================================================
Received Import Request.
  Time since last request: 0.000021 seconds.
  path: Assets/MapAssets/towerRound_sampleE.fbx
  artifactKey: Guid(acf39f6d47867b5498859b14b60ac148) Importer(815301076,1909f56bfc062723c751e8b465ee728b)
Start importing Assets/MapAssets/towerRound_sampleE.fbx using Guid(acf39f6d47867b5498859b14b60ac148) Importer(815301076,1909f56bfc062723c751e8b465ee728b)  -> (artifact id: '99f0469470dc44e751cf5ea2c13bd61e') in 0.040771 seconds 
========================================================================
Received Import Request.
  Time since last request: 0.000024 seconds.
  path: Assets/MapAssets/towerRound_middleB.fbx
  artifactKey: Guid(96a76df195bd6e04586f5f143b94e3a1) Importer(815301076,1909f56bfc062723c751e8b465ee728b)
Start importing Assets/MapAssets/towerRound_middleB.fbx using Guid(96a76df195bd6e04586f5f143b94e3a1) Importer(815301076,1909f56bfc062723c751e8b465ee728b)  -> (artifact id: '094d3dfb49e9cd81e0f6bfbedf753a93') in 0.035534 seconds 
========================================================================
Received Import Request.
  Time since last request: 0.000025 seconds.
  path: Assets/MapAssets/snow_detail_dirtLarge.fbx
  artifactKey: Guid(b21d884844a0fdc4cbe396d657324a85) Importer(815301076,1909f56bfc062723c751e8b465ee728b)
Start importing Assets/MapAssets/snow_detail_dirtLarge.fbx using Guid(b21d884844a0fdc4cbe396d657324a85) Importer(815301076,1909f56bfc062723c751e8b465ee728b)  -> (artifact id: 'c0b94629fa54917284d371a77d12239b') in 0.048260 seconds 
========================================================================
Received Import Request.
  Time since last request: 0.000031 seconds.
  path: Assets/MapAssets/snow_tile_crossing.fbx
  artifactKey: Guid(183d2da2a2148ce4e886ecb1fe6cd13d) Importer(815301076,1909f56bfc062723c751e8b465ee728b)
Start importing Assets/MapAssets/snow_tile_crossing.fbx using Guid(183d2da2a2148ce4e886ecb1fe6cd13d) Importer(815301076,1909f56bfc062723c751e8b465ee728b)  -> (artifact id: '78b54ed894e9df13e5b8d88e3de5588e') in 0.045706 seconds 
========================================================================
Received Import Request.
  Time since last request: 0.000026 seconds.
  path: Assets/MapAssets/tile_cornerRound.fbx
  artifactKey: Guid(ea6e39604f15d0b45a1f3b6bac0f31d8) Importer(815301076,1909f56bfc062723c751e8b465ee728b)
Start importing Assets/MapAssets/tile_cornerRound.fbx using Guid(ea6e39604f15d0b45a1f3b6bac0f31d8) Importer(815301076,1909f56bfc062723c751e8b465ee728b)  -> (artifact id: '9ed334c705314bdd9d2d404ccb9e8bfa') in 0.039640 seconds 
========================================================================
Received Import Request.
  Time since last request: 0.000028 seconds.
  path: Assets/MapAssets/snow_tile_crystal.fbx
  artifactKey: Guid(7c1093150a4bb274fbd2342437b93dba) Importer(815301076,1909f56bfc062723c751e8b465ee728b)
Start importing Assets/MapAssets/snow_tile_crystal.fbx using Guid(7c1093150a4bb274fbd2342437b93dba) Importer(815301076,1909f56bfc062723c751e8b465ee728b)  -> (artifact id: '0aa86f453b35f2b787a497d0278b2491') in 0.083776 seconds 
========================================================================
Received Import Request.
  Time since last request: 0.000028 seconds.
  path: Assets/MapAssets/snow_tile_spawnRound.fbx
  artifactKey: Guid(e74e2b1fcbadc7443abf0b0a1b4a60ca) Importer(815301076,1909f56bfc062723c751e8b465ee728b)
Start importing Assets/MapAssets/snow_tile_spawnRound.fbx using Guid(e74e2b1fcbadc7443abf0b0a1b4a60ca) Importer(815301076,1909f56bfc062723c751e8b465ee728b)  -> (artifact id: '78b8ddc4b0f177811d17a52639e7d3ec') in 0.061927 seconds 
========================================================================
Received Import Request.
  Time since last request: 0.000027 seconds.
  path: Assets/MapAssets/tile.fbx
  artifactKey: Guid(4f2975485ef19c64fb69d1189b50637e) Importer(815301076,1909f56bfc062723c751e8b465ee728b)
Start importing Assets/MapAssets/tile.fbx using Guid(4f2975485ef19c64fb69d1189b50637e) Importer(815301076,1909f56bfc062723c751e8b465ee728b)  -> (artifact id: '3c107de74b14d72a129469a0e3ec291b') in 0.029233 seconds 
========================================================================
Received Import Request.
  Time since last request: 0.000028 seconds.
  path: Assets/MapAssets/tile_riverSlopeLarge.fbx
  artifactKey: Guid(07a170a141f711c4681009feb8eaeeec) Importer(815301076,1909f56bfc062723c751e8b465ee728b)
Start importing Assets/MapAssets/tile_riverSlopeLarge.fbx using Guid(07a170a141f711c4681009feb8eaeeec) Importer(815301076,1909f56bfc062723c751e8b465ee728b)  -> (artifact id: 'b0272ca0fd45d090c7d27e2d7b297c6f') in 0.044548 seconds 
========================================================================
Received Import Request.
  Time since last request: 0.000023 seconds.
  path: Assets/MapAssets/towerRound_roofB.fbx
  artifactKey: Guid(52ef0afd1e60ecf4eb1c181ddb817c9a) Importer(815301076,1909f56bfc062723c751e8b465ee728b)
Start importing Assets/MapAssets/towerRound_roofB.fbx using Guid(52ef0afd1e60ecf4eb1c181ddb817c9a) Importer(815301076,1909f56bfc062723c751e8b465ee728b)  -> (artifact id: 'c5b9e2c2be6c2baff78e06a05690a903') in 0.040893 seconds 
========================================================================
Received Import Request.
  Time since last request: 0.000020 seconds.
  path: Assets/MapAssets/towerRound_bottomA.fbx
  artifactKey: Guid(b9f87ca83fc1205409ff452228a1b68f) Importer(815301076,1909f56bfc062723c751e8b465ee728b)
Start importing Assets/MapAssets/towerRound_bottomA.fbx using Guid(b9f87ca83fc1205409ff452228a1b68f) Importer(815301076,1909f56bfc062723c751e8b465ee728b)  -> (artifact id: 'eb1fd196486584babe8f9dd82a441b20') in 0.036053 seconds 
========================================================================
Received Import Request.
  Time since last request: 0.000026 seconds.
  path: Assets/MapAssets/towerSquare_roofA.fbx
  artifactKey: Guid(284bd85304c33c34092f92c56a0b0cf7) Importer(815301076,1909f56bfc062723c751e8b465ee728b)
Start importing Assets/MapAssets/towerSquare_roofA.fbx using Guid(284bd85304c33c34092f92c56a0b0cf7) Importer(815301076,1909f56bfc062723c751e8b465ee728b)  -> (artifact id: 'df88ca56082bed18f12e6271ffac9118') in 0.049698 seconds 
========================================================================
Received Import Request.
  Time since last request: 0.000024 seconds.
  path: Assets/MapAssets/snow_tile_end.fbx
  artifactKey: Guid(4b30da34e8b254c47b0a24a59a40965b) Importer(815301076,1909f56bfc062723c751e8b465ee728b)
Start importing Assets/MapAssets/snow_tile_end.fbx using Guid(4b30da34e8b254c47b0a24a59a40965b) Importer(815301076,1909f56bfc062723c751e8b465ee728b)  -> (artifact id: 'b17fa027e989ee31c68f59d993db283e') in 0.044770 seconds 
========================================================================
Received Import Request.
  Time since last request: 0.000025 seconds.
  path: Assets/MapAssets/snow_detail_rocks.fbx
  artifactKey: Guid(c9f4e77ea2bf162448952b34f3a7b8f0) Importer(815301076,1909f56bfc062723c751e8b465ee728b)
Start importing Assets/MapAssets/snow_detail_rocks.fbx using Guid(c9f4e77ea2bf162448952b34f3a7b8f0) Importer(815301076,1909f56bfc062723c751e8b465ee728b)  -> (artifact id: '453fcaf72e8cad4c3a2fff624e617cdd') in 0.035514 seconds 
========================================================================
Received Import Request.
  Time since last request: 0.000033 seconds.
  path: Assets/MapAssets/towerSquare_roofC.fbx
  artifactKey: Guid(c04473fcd46fd1a4d91afb35363e9b81) Importer(815301076,1909f56bfc062723c751e8b465ee728b)
Start importing Assets/MapAssets/towerSquare_roofC.fbx using Guid(c04473fcd46fd1a4d91afb35363e9b81) Importer(815301076,1909f56bfc062723c751e8b465ee728b)  -> (artifact id: 'fac0019ef1367ebba6a8e97e22323d40') in 0.040719 seconds 
========================================================================
Received Import Request.
  Time since last request: 0.000021 seconds.
  path: Assets/MapAssets/towerSquare_sampleE.fbx
  artifactKey: Guid(091ec5f30d9b2fb40a3c9a2d4395dbed) Importer(815301076,1909f56bfc062723c751e8b465ee728b)
Start importing Assets/MapAssets/towerSquare_sampleE.fbx using Guid(091ec5f30d9b2fb40a3c9a2d4395dbed) Importer(815301076,1909f56bfc062723c751e8b465ee728b)  -> (artifact id: '7d347a73b69968c894c913618240dc7a') in 0.049280 seconds 
========================================================================
Received Import Request.
  Time since last request: 0.000024 seconds.
  path: Assets/MapAssets/snow_tile_treeDouble.fbx
  artifactKey: Guid(c6a05308847394e48ab4b71d0855fa8c) Importer(815301076,1909f56bfc062723c751e8b465ee728b)
Start importing Assets/MapAssets/snow_tile_treeDouble.fbx using Guid(c6a05308847394e48ab4b71d0855fa8c) Importer(815301076,1909f56bfc062723c751e8b465ee728b)  -> (artifact id: '403ec6d0c11cd3c713869bf73a5d3b2f') in 0.075039 seconds 
========================================================================
Received Import Request.
  Time since last request: 0.000024 seconds.
  path: Assets/MapAssets/towerSquare_topC.fbx
  artifactKey: Guid(16d3f9b8ec3d7724889c49d07fab5f1c) Importer(815301076,1909f56bfc062723c751e8b465ee728b)
Start importing Assets/MapAssets/towerSquare_topC.fbx using Guid(16d3f9b8ec3d7724889c49d07fab5f1c) Importer(815301076,1909f56bfc062723c751e8b465ee728b)  -> (artifact id: '487a812dd764bdd2213f8b92f92dc7df') in 0.046003 seconds 
========================================================================
Received Import Request.
  Time since last request: 0.000025 seconds.
  path: Assets/MapAssets/snow_tile_treeQuad.fbx
  artifactKey: Guid(0b6638bed7c634f4c827ffe4b7a35d89) Importer(815301076,1909f56bfc062723c751e8b465ee728b)
Start importing Assets/MapAssets/snow_tile_treeQuad.fbx using Guid(0b6638bed7c634f4c827ffe4b7a35d89) Importer(815301076,1909f56bfc062723c751e8b465ee728b)  -> (artifact id: '1b7751b0468219fe4895b47715572aea') in 0.102051 seconds 
========================================================================
Received Import Request.
  Time since last request: 0.000035 seconds.
  path: Assets/MapAssets/tile_treeQuad.fbx
  artifactKey: Guid(4e8e34fffcca3ce409f55695cf465267) Importer(815301076,1909f56bfc062723c751e8b465ee728b)
Start importing Assets/MapAssets/tile_treeQuad.fbx using Guid(4e8e34fffcca3ce409f55695cf465267) Importer(815301076,1909f56bfc062723c751e8b465ee728b)  -> (artifact id: '61bbb5ff6ada5b67a792d7817e167006') in 0.100108 seconds 
========================================================================
Received Import Request.
  Time since last request: 0.000058 seconds.
  path: Assets/MapAssets/snow_detail_crystalLarge.fbx
  artifactKey: Guid(f1b6ba950bd34c14083cd2b1dd615fce) Importer(815301076,1909f56bfc062723c751e8b465ee728b)
Start importing Assets/MapAssets/snow_detail_crystalLarge.fbx using Guid(f1b6ba950bd34c14083cd2b1dd615fce) Importer(815301076,1909f56bfc062723c751e8b465ee728b)  -> (artifact id: 'cb2c183b858cc7f89574c9b82cf50a94') in 0.078813 seconds 
========================================================================
Received Import Request.
  Time since last request: 0.000023 seconds.
  path: Assets/MapAssets/tile_riverStraight.fbx
  artifactKey: Guid(e72a4d8d04ecb30479f9caada0c5106b) Importer(815301076,1909f56bfc062723c751e8b465ee728b)
Start importing Assets/MapAssets/tile_riverStraight.fbx using Guid(e72a4d8d04ecb30479f9caada0c5106b) Importer(815301076,1909f56bfc062723c751e8b465ee728b)  -> (artifact id: '61a7e0adf39991ef913c655d1a96a24f') in 0.045533 seconds 
========================================================================
Received Import Request.
  Time since last request: 0.000026 seconds.
  path: Assets/MapAssets/towerRound_sampleA.fbx
  artifactKey: Guid(cdf442fd666cf41448d04fa4103fc42e) Importer(815301076,1909f56bfc062723c751e8b465ee728b)
Start importing Assets/MapAssets/towerRound_sampleA.fbx using Guid(cdf442fd666cf41448d04fa4103fc42e) Importer(815301076,1909f56bfc062723c751e8b465ee728b)  -> (artifact id: '91e7fe91da0367871926a7f3e93ca346') in 0.054171 seconds 
========================================================================
Received Import Request.
  Time since last request: 0.000043 seconds.
  path: Assets/MapAssets/weapon_catapult.fbx
  artifactKey: Guid(c41d1552ad80d794cb9f9df56bc064fd) Importer(815301076,1909f56bfc062723c751e8b465ee728b)
Start importing Assets/MapAssets/weapon_catapult.fbx using Guid(c41d1552ad80d794cb9f9df56bc064fd) Importer(815301076,1909f56bfc062723c751e8b465ee728b)  -> (artifact id: 'f39a82993568692725cada8eb64aa967') in 0.053256 seconds 
========================================================================
Received Import Request.
  Time since last request: 0.000025 seconds.
  path: Assets/MapAssets/snow_detail_treeLarge.fbx
  artifactKey: Guid(b68dcaecdedcd0845b14db4ba0b33ce3) Importer(815301076,1909f56bfc062723c751e8b465ee728b)
Start importing Assets/MapAssets/snow_detail_treeLarge.fbx using Guid(b68dcaecdedcd0845b14db4ba0b33ce3) Importer(815301076,1909f56bfc062723c751e8b465ee728b)  -> (artifact id: '18d3423016346ff5b8e8a4421a9ba7b0') in 0.054803 seconds 
========================================================================
Received Import Request.
  Time since last request: 0.000021 seconds.
  path: Assets/MapAssets/snow_tile_riverFall.fbx
  artifactKey: Guid(12b2d465f25a6e9479cfa2d8d9c72c8e) Importer(815301076,1909f56bfc062723c751e8b465ee728b)
Start importing Assets/MapAssets/snow_tile_riverFall.fbx using Guid(12b2d465f25a6e9479cfa2d8d9c72c8e) Importer(815301076,1909f56bfc062723c751e8b465ee728b)  -> (artifact id: '9033cdc2e4a27af3e932ff4176c63fde') in 0.051240 seconds 
========================================================================
Received Import Request.
  Time since last request: 0.000027 seconds.
  path: Assets/MapAssets/tile_hill.fbx
  artifactKey: Guid(f155dbcee6de2504ba71f9d831f57f8a) Importer(815301076,1909f56bfc062723c751e8b465ee728b)
Start importing Assets/MapAssets/tile_hill.fbx using Guid(f155dbcee6de2504ba71f9d831f57f8a) Importer(815301076,1909f56bfc062723c751e8b465ee728b)  -> (artifact id: 'bdeaac9d96f72fbbd564e6a6b3fef383') in 0.048567 seconds 
========================================================================
Received Import Request.
  Time since last request: 0.000027 seconds.
  path: Assets/MapAssets/weapon_cannon.fbx
  artifactKey: Guid(2e1992f22e82c6440a4e438d5b501e2e) Importer(815301076,1909f56bfc062723c751e8b465ee728b)
Start importing Assets/MapAssets/weapon_cannon.fbx using Guid(2e1992f22e82c6440a4e438d5b501e2e) Importer(815301076,1909f56bfc062723c751e8b465ee728b)  -> (artifact id: '4701fbed08e6338c42cdc48b80cb9f79') in 0.067409 seconds 
========================================================================
Received Import Request.
  Time since last request: 0.000038 seconds.
  path: Assets/MapAssets/detail_dirt.fbx
  artifactKey: Guid(b08d5672066ff044f917dd196258f95c) Importer(815301076,1909f56bfc062723c751e8b465ee728b)
Start importing Assets/MapAssets/detail_dirt.fbx using Guid(b08d5672066ff044f917dd196258f95c) Importer(815301076,1909f56bfc062723c751e8b465ee728b)  -> (artifact id: 'cb5f62d3408c80cbace119371b5a0131') in 0.048751 seconds 
========================================================================
Received Import Request.
  Time since last request: 0.000024 seconds.
  path: Assets/MapAssets/tile_riverSlope.fbx
  artifactKey: Guid(972b5c90ce29f674fa0127f45a8e7f29) Importer(815301076,1909f56bfc062723c751e8b465ee728b)
Start importing Assets/MapAssets/tile_riverSlope.fbx using Guid(972b5c90ce29f674fa0127f45a8e7f29) Importer(815301076,1909f56bfc062723c751e8b465ee728b)  -> (artifact id: '8ecdf68b1728a4c7a3d86000e704352f') in 0.048986 seconds 
========================================================================
Received Import Request.
  Time since last request: 0.000025 seconds.
  path: Assets/MapAssets/snow_tile_riverSlope.fbx
  artifactKey: Guid(a7d596b80c7784c479567750067b89a2) Importer(815301076,1909f56bfc062723c751e8b465ee728b)
Start importing Assets/MapAssets/snow_tile_riverSlope.fbx using Guid(a7d596b80c7784c479567750067b89a2) Importer(815301076,1909f56bfc062723c751e8b465ee728b)  -> (artifact id: 'c4562441d9d5e49ca27431893dc158bc') in 0.055809 seconds 
========================================================================
Received Import Request.
  Time since last request: 0.000021 seconds.
  path: Assets/MapAssets/towerSquare_middleB.fbx
  artifactKey: Guid(45427024e5e601146bdb4de6715f2b7f) Importer(815301076,1909f56bfc062723c751e8b465ee728b)
Start importing Assets/MapAssets/towerSquare_middleB.fbx using Guid(45427024e5e601146bdb4de6715f2b7f) Importer(815301076,1909f56bfc062723c751e8b465ee728b)  -> (artifact id: '076995b1918408534692e43295e9c9a4') in 0.055469 seconds 
========================================================================
Received Import Request.
  Time since last request: 0.000029 seconds.
  path: Assets/MapAssets/tile_crystal.fbx
  artifactKey: Guid(ff986531420084e4391de9b3f6f86af0) Importer(815301076,1909f56bfc062723c751e8b465ee728b)
Start importing Assets/MapAssets/tile_crystal.fbx using Guid(ff986531420084e4391de9b3f6f86af0) Importer(815301076,1909f56bfc062723c751e8b465ee728b)  -> (artifact id: 'f661b5b0410561109762d57343a4df93') in 0.090015 seconds 
========================================================================
Received Import Request.
  Time since last request: 0.000039 seconds.
  path: Assets/MapAssets/snow_tile_transition.fbx
  artifactKey: Guid(65e0fdcc412634d489186de056c91506) Importer(815301076,1909f56bfc062723c751e8b465ee728b)
Start importing Assets/MapAssets/snow_tile_transition.fbx using Guid(65e0fdcc412634d489186de056c91506) Importer(815301076,1909f56bfc062723c751e8b465ee728b)  -> (artifact id: '74cf9880fd124875cf39bff8739346a1') in 0.053569 seconds 
========================================================================
Received Import Request.
  Time since last request: 0.000024 seconds.
  path: Assets/MapAssets/towerSquare_topA.fbx
  artifactKey: Guid(2588e695eabc4d44b8e0a5d55436a993) Importer(815301076,1909f56bfc062723c751e8b465ee728b)
Start importing Assets/MapAssets/towerSquare_topA.fbx using Guid(2588e695eabc4d44b8e0a5d55436a993) Importer(815301076,1909f56bfc062723c751e8b465ee728b)  -> (artifact id: '189d211bd69e86d94d8da178111f2e26') in 0.048393 seconds 
========================================================================
Received Import Request.
  Time since last request: 0.000033 seconds.
  path: Assets/MapAssets/snow_tile_split.fbx
  artifactKey: Guid(18247069a690dc04f93b9a9f0cb650ce) Importer(815301076,1909f56bfc062723c751e8b465ee728b)
Start importing Assets/MapAssets/snow_tile_split.fbx using Guid(18247069a690dc04f93b9a9f0cb650ce) Importer(815301076,1909f56bfc062723c751e8b465ee728b)  -> (artifact id: 'db328ae6123fca0864c6bbff0687b1e7') in 0.056441 seconds 
========================================================================
Received Import Request.
  Time since last request: 0.000022 seconds.
  path: Assets/MapAssets/snow_tile_riverCorner.fbx
  artifactKey: Guid(d3500605dd5799846ab02911440eeb40) Importer(815301076,1909f56bfc062723c751e8b465ee728b)
Start importing Assets/MapAssets/snow_tile_riverCorner.fbx using Guid(d3500605dd5799846ab02911440eeb40) Importer(815301076,1909f56bfc062723c751e8b465ee728b)  -> (artifact id: 'bc039875cfc29d8235ee08e8493c8a2d') in 0.050198 seconds 
========================================================================
Received Import Request.
  Time since last request: 0.000044 seconds.
  path: Assets/MapAssets/tile_spawnRound.fbx
  artifactKey: Guid(0d4605ea3012e414b9cfb1641da14fea) Importer(815301076,1909f56bfc062723c751e8b465ee728b)
Start importing Assets/MapAssets/tile_spawnRound.fbx using Guid(0d4605ea3012e414b9cfb1641da14fea) Importer(815301076,1909f56bfc062723c751e8b465ee728b)  -> (artifact id: 'd660f5301bcd158fd577c44496ad6ec6') in 0.060618 seconds 
========================================================================
Received Import Request.
  Time since last request: 0.000034 seconds.
  path: Assets/MapAssets/towerRound_sampleD.fbx
  artifactKey: Guid(b93863f7844000045ae054e96d4477d3) Importer(815301076,1909f56bfc062723c751e8b465ee728b)
Start importing Assets/MapAssets/towerRound_sampleD.fbx using Guid(b93863f7844000045ae054e96d4477d3) Importer(815301076,1909f56bfc062723c751e8b465ee728b)  -> (artifact id: '9e0d5850327d6100203c178e1100b710') in 0.098845 seconds 
========================================================================
Received Import Request.
  Time since last request: 0.000022 seconds.
  path: Assets/MapAssets/weapon_ballista.fbx
  artifactKey: Guid(ac307ca8f74558a4fb98d99fbf7314e4) Importer(815301076,1909f56bfc062723c751e8b465ee728b)
Start importing Assets/MapAssets/weapon_ballista.fbx using Guid(ac307ca8f74558a4fb98d99fbf7314e4) Importer(815301076,1909f56bfc062723c751e8b465ee728b)  -> (artifact id: 'eedc8e51286b4311ea0d3da100d9118d') in 0.060778 seconds 
========================================================================
Received Import Request.
  Time since last request: 0.000026 seconds.
  path: Assets/MapAssets/towerRound_base.fbx
  artifactKey: Guid(2d1e8d0a2f31b9847a3b448f7e62fc69) Importer(815301076,1909f56bfc062723c751e8b465ee728b)
Start importing Assets/MapAssets/towerRound_base.fbx using Guid(2d1e8d0a2f31b9847a3b448f7e62fc69) Importer(815301076,1909f56bfc062723c751e8b465ee728b)  -> (artifact id: 'ffeba2c08673b9004432c30df9880cf9') in 0.054889 seconds 
========================================================================
Received Import Request.
  Time since last request: 0.000028 seconds.
  path: Assets/MapAssets/snow_detail_tree.fbx
  artifactKey: Guid(999dd951952892b4996cf2831df8e1af) Importer(815301076,1909f56bfc062723c751e8b465ee728b)
Start importing Assets/MapAssets/snow_detail_tree.fbx using Guid(999dd951952892b4996cf2831df8e1af) Importer(815301076,1909f56bfc062723c751e8b465ee728b)  -> (artifact id: '46f0cfd197c46a60033879672f7088cd') in 0.049472 seconds 
========================================================================
Received Import Request.
  Time since last request: 0.000029 seconds.
  path: Assets/MapAssets/towerRound_sampleF.fbx
  artifactKey: Guid(3ea6ef52f108b2a4489ec9b2c8d2f04d) Importer(815301076,1909f56bfc062723c751e8b465ee728b)
Start importing Assets/MapAssets/towerRound_sampleF.fbx using Guid(3ea6ef52f108b2a4489ec9b2c8d2f04d) Importer(815301076,1909f56bfc062723c751e8b465ee728b)  -> (artifact id: '84465ae52879c1d767e8eaa8d8bbb15e') in 0.061374 seconds 
========================================================================
Received Import Request.
  Time since last request: 0.000097 seconds.
  path: Assets/MapAssets/towerRound_sampleC.fbx
  artifactKey: Guid(671087db68dadbf4488b576ad9c37176) Importer(815301076,1909f56bfc062723c751e8b465ee728b)
Start importing Assets/MapAssets/towerRound_sampleC.fbx using Guid(671087db68dadbf4488b576ad9c37176) Importer(815301076,1909f56bfc062723c751e8b465ee728b)  -> (artifact id: '4c340f3e12840dc59bec4c3693d64c14') in 0.067811 seconds 
========================================================================
Received Import Request.
  Time since last request: 0.000042 seconds.
  path: Assets/MapAssets/snow_tile_wideTransition.fbx
  artifactKey: Guid(26067b306596a12419abe5186bee032e) Importer(815301076,1909f56bfc062723c751e8b465ee728b)
Start importing Assets/MapAssets/snow_tile_wideTransition.fbx using Guid(26067b306596a12419abe5186bee032e) Importer(815301076,1909f56bfc062723c751e8b465ee728b)  -> (artifact id: '5ff4ab061fb5c78b78dda519dd42f577') in 0.063239 seconds 
========================================================================
Received Import Request.
  Time since last request: 281.645944 seconds.
  path: Assets/PreFabs/tile.prefab
  artifactKey: Guid(dee86f6f89ddd944093c17712cb4b6e8) Importer(815301076,1909f56bfc062723c751e8b465ee728b)
Start importing Assets/PreFabs/tile.prefab using Guid(dee86f6f89ddd944093c17712cb4b6e8) Importer(815301076,1909f56bfc062723c751e8b465ee728b)  -> (artifact id: 'd1076345469c8901ce1c0a3cec9664dd') in 0.014582 seconds 
========================================================================
Received Import Request.
  Time since last request: 45.160198 seconds.
  path: Assets/PreFabs/Spawn_horizontal.prefab
  artifactKey: Guid(5c4a58b9d897c30428077136b9a69d85) Importer(815301076,1909f56bfc062723c751e8b465ee728b)
Start importing Assets/PreFabs/Spawn_horizontal.prefab using Guid(5c4a58b9d897c30428077136b9a69d85) Importer(815301076,1909f56bfc062723c751e8b465ee728b)  -> (artifact id: '37324012200c24eda5c6139560a6bb11') in 0.017457 seconds 
========================================================================
Received Import Request.
  Time since last request: 9.046722 seconds.
  path: Assets/PreFabs/Spawn_vertical.prefab
  artifactKey: Guid(3ccd0ec265f6c754f91a436119724d04) Importer(815301076,1909f56bfc062723c751e8b465ee728b)
Start importing Assets/PreFabs/Spawn_vertical.prefab using Guid(3ccd0ec265f6c754f91a436119724d04) Importer(815301076,1909f56bfc062723c751e8b465ee728b)  -> (artifact id: '7fba545935b12bbc1d9430853b8c5605') in 0.044383 seconds 
========================================================================
Received Import Request.
  Time since last request: 5.141179 seconds.
  path: Assets/PreFabs/Tile_horizontal.prefab
  artifactKey: Guid(b1194398bd4a60940a91564e1be56c4f) Importer(815301076,1909f56bfc062723c751e8b465ee728b)
Start importing Assets/PreFabs/Tile_horizontal.prefab using Guid(b1194398bd4a60940a91564e1be56c4f) Importer(815301076,1909f56bfc062723c751e8b465ee728b)  -> (artifact id: '2cfef28a8a6cd617d5d1360b72b53c19') in 0.016882 seconds 
========================================================================
Received Import Request.
  Time since last request: 3.580537 seconds.
  path: Assets/PreFabs/tile_vertical.prefab
  artifactKey: Guid(f25584255c4743b4c83e48adcda4dc4d) Importer(815301076,1909f56bfc062723c751e8b465ee728b)
Start importing Assets/PreFabs/tile_vertical.prefab using Guid(f25584255c4743b4c83e48adcda4dc4d) Importer(815301076,1909f56bfc062723c751e8b465ee728b)  -> (artifact id: '5fe59578c6e52d9bf847323ecf7e6059') in 0.015736 seconds 
========================================================================
Received Import Request.
  Time since last request: 5.507846 seconds.
  path: Assets/PreFabs/tile_cornerRound_0.prefab
  artifactKey: Guid(9d132e10eb82c524c9a03980abbd8f9c) Importer(815301076,1909f56bfc062723c751e8b465ee728b)
Start importing Assets/PreFabs/tile_cornerRound_0.prefab using Guid(9d132e10eb82c524c9a03980abbd8f9c) Importer(815301076,1909f56bfc062723c751e8b465ee728b)  -> (artifact id: 'd89a05ebb3e17376cdee66dde7d085aa') in 0.022067 seconds 
========================================================================
Received Import Request.
  Time since last request: 4.769258 seconds.
  path: Assets/PreFabs/tile_cornerRound_1.prefab
  artifactKey: Guid(294b1d49c9426d6468fe0f758b91be55) Importer(815301076,1909f56bfc062723c751e8b465ee728b)
Start importing Assets/PreFabs/tile_cornerRound_1.prefab using Guid(294b1d49c9426d6468fe0f758b91be55) Importer(815301076,1909f56bfc062723c751e8b465ee728b)  -> (artifact id: 'ebd31c08c43cb5f141ad189b5ad8dab0') in 0.022686 seconds 
========================================================================
Received Import Request.
  Time since last request: 5.503178 seconds.
  path: Assets/PreFabs/tile_cornerRound_2.prefab
  artifactKey: Guid(5b8a218dcd62d6649bfdc73a36ac2918) Importer(815301076,1909f56bfc062723c751e8b465ee728b)
Start importing Assets/PreFabs/tile_cornerRound_2.prefab using Guid(5b8a218dcd62d6649bfdc73a36ac2918) Importer(815301076,1909f56bfc062723c751e8b465ee728b)  -> (artifact id: 'cc7ecc4760ce389a8ff4e1e4c9fe0d6b') in 0.015561 seconds 
========================================================================
Received Import Request.
  Time since last request: 3.904477 seconds.
  path: Assets/PreFabs/tile_cornerRound_3.prefab
  artifactKey: Guid(c37ffd21e0e7f894bbc875f62906e080) Importer(815301076,1909f56bfc062723c751e8b465ee728b)
Start importing Assets/PreFabs/tile_cornerRound_3.prefab using Guid(c37ffd21e0e7f894bbc875f62906e080) Importer(815301076,1909f56bfc062723c751e8b465ee728b)  -> (artifact id: '70a3e08a733ef73345980843c7fb4ab7') in 0.023251 seconds 
========================================================================
Received Import Request.
  Time since last request: 1201.140289 seconds.
  path: Assets/PreFabs/tile_endSpawn.prefab
  artifactKey: Guid(2727d6279a0716446aa2ec3156d1caa7) Importer(815301076,1909f56bfc062723c751e8b465ee728b)
Start importing Assets/PreFabs/tile_endSpawn.prefab using Guid(2727d6279a0716446aa2ec3156d1caa7) Importer(815301076,1909f56bfc062723c751e8b465ee728b)  -> (artifact id: '2b81aae8c1480274daff5ef2e2278622') in 0.016057 seconds 
========================================================================
Received Import Request.
  Time since last request: 914.105359 seconds.
  path: Assets/PreFabs/enemy_ufoPurple.prefab
  artifactKey: Guid(ca6b71da9df632f4cb48c927202183c1) Importer(815301076,1909f56bfc062723c751e8b465ee728b)
Start importing Assets/PreFabs/enemy_ufoPurple.prefab using Guid(ca6b71da9df632f4cb48c927202183c1) Importer(815301076,1909f56bfc062723c751e8b465ee728b)  -> (artifact id: '6af54b855f9fdc116628d1361feb675d') in 0.017769 seconds 
========================================================================
Received Import Request.
  Time since last request: 87.116608 seconds.
  path: Assets/PreFabs/enemy_ufoPurple.prefab
  artifactKey: Guid(ca6b71da9df632f4cb48c927202183c1) Importer(815301076,1909f56bfc062723c751e8b465ee728b)
Start importing Assets/PreFabs/enemy_ufoPurple.prefab using Guid(ca6b71da9df632f4cb48c927202183c1) Importer(815301076,1909f56bfc062723c751e8b465ee728b)  -> (artifact id: '4421cd4283749ef1aeabeb873fad31c3') in 0.011259 seconds 
========================================================================
Received Import Request.
  Time since last request: 1.625220 seconds.
  path: Assets/PreFabs/enemy_ufoPurple.prefab
  artifactKey: Guid(ca6b71da9df632f4cb48c927202183c1) Importer(815301076,1909f56bfc062723c751e8b465ee728b)
Start importing Assets/PreFabs/enemy_ufoPurple.prefab using Guid(ca6b71da9df632f4cb48c927202183c1) Importer(815301076,1909f56bfc062723c751e8b465ee728b)  -> (artifact id: '27bc2299cd42266f1cdd1159fec52cfc') in 0.010323 seconds 
========================================================================
Received Import Request.
  Time since last request: 6.024577 seconds.
  path: Assets/PreFabs/enemy_ufoPurple.prefab
  artifactKey: Guid(ca6b71da9df632f4cb48c927202183c1) Importer(815301076,1909f56bfc062723c751e8b465ee728b)
Start importing Assets/PreFabs/enemy_ufoPurple.prefab using Guid(ca6b71da9df632f4cb48c927202183c1) Importer(815301076,1909f56bfc062723c751e8b465ee728b)  -> (artifact id: 'bde4cd8babe34b809434941fe86c334b') in 0.014509 seconds 
========================================================================
Received Import Request.
  Time since last request: 17.729929 seconds.
  path: Assets/PreFabs/enemy_ufoPurple.prefab
  artifactKey: Guid(ca6b71da9df632f4cb48c927202183c1) Importer(815301076,1909f56bfc062723c751e8b465ee728b)
Start importing Assets/PreFabs/enemy_ufoPurple.prefab using Guid(ca6b71da9df632f4cb48c927202183c1) Importer(815301076,1909f56bfc062723c751e8b465ee728b)  -> (artifact id: 'e6f42d2f72c393a988118256946cd6bb') in 0.014563 seconds 
========================================================================
Received Import Request.
  Time since last request: 5.064014 seconds.
  path: Assets/PreFabs/enemy_ufoPurple.prefab
  artifactKey: Guid(ca6b71da9df632f4cb48c927202183c1) Importer(815301076,1909f56bfc062723c751e8b465ee728b)
Start importing Assets/PreFabs/enemy_ufoPurple.prefab using Guid(ca6b71da9df632f4cb48c927202183c1) Importer(815301076,1909f56bfc062723c751e8b465ee728b)  -> (artifact id: 'ab5ccdd67faae5c54b1d731e0befc7ac') in 0.039889 seconds 
========================================================================
Received Import Request.
  Time since last request: 42.798230 seconds.
  path: Assets/PreFabs/enemy_ufoPurple.prefab
  artifactKey: Guid(ca6b71da9df632f4cb48c927202183c1) Importer(815301076,1909f56bfc062723c751e8b465ee728b)
Start importing Assets/PreFabs/enemy_ufoPurple.prefab using Guid(ca6b71da9df632f4cb48c927202183c1) Importer(815301076,1909f56bfc062723c751e8b465ee728b)  -> (artifact id: 'cdaf80ca1564e6d5d0ef6437b939b233') in 0.013449 seconds 
========================================================================
Received Import Request.
  Time since last request: 16.681479 seconds.
  path: Assets/PreFabs/enemy_ufoPurple.prefab
  artifactKey: Guid(ca6b71da9df632f4cb48c927202183c1) Importer(815301076,1909f56bfc062723c751e8b465ee728b)
Start importing Assets/PreFabs/enemy_ufoPurple.prefab using Guid(ca6b71da9df632f4cb48c927202183c1) Importer(815301076,1909f56bfc062723c751e8b465ee728b)  -> (artifact id: '34d75dfe936678a9bf3a0d01c5f2dde8') in 0.014142 seconds 
========================================================================
Received Import Request.
  Time since last request: 3.006407 seconds.
  path: Assets/PreFabs/enemy_ufoPurple.prefab
  artifactKey: Guid(ca6b71da9df632f4cb48c927202183c1) Importer(815301076,1909f56bfc062723c751e8b465ee728b)
Start importing Assets/PreFabs/enemy_ufoPurple.prefab using Guid(ca6b71da9df632f4cb48c927202183c1) Importer(815301076,1909f56bfc062723c751e8b465ee728b)  -> (artifact id: '995537f666fc9f87efdc47a0bc6d307a') in 0.013631 seconds 
========================================================================
Received Import Request.
  Time since last request: 3.421584 seconds.
  path: Assets/PreFabs/enemy_ufoPurple.prefab
  artifactKey: Guid(ca6b71da9df632f4cb48c927202183c1) Importer(815301076,1909f56bfc062723c751e8b465ee728b)
Start importing Assets/PreFabs/enemy_ufoPurple.prefab using Guid(ca6b71da9df632f4cb48c927202183c1) Importer(815301076,1909f56bfc062723c751e8b465ee728b)  -> (artifact id: '9c22c3f2a42403ef351ebc3adfcd8191') in 0.011253 seconds 
