Using pre-set license
Built from '2021.3/staging' branch; Version is '2021.3.10f1 (1c7d0df0160b) revision 1867021'; Using compiler version '192829333'; Build Type 'Release'
OS: 'Windows 10  (10.0.17134) 64bit Core' Language: 'en' Physical Memory: 4005 MB
BatchMode: 1, IsHumanControllingUs: 0, StartBugReporterOnCrash: 0, Is64bit: 1, IsPro: 1

COMMAND LINE ARGUMENTS:
C:\Program Files\Unity\Hub\Editor\2021.3.10f1\Editor\Unity.exe
-adb2
-batchMode
-noUpm
-name
AssetImportWorker2
-projectPath
C:/Users/bqo97/Documents/GitHub/TowerDifence/TowerDifence2.0
-logFile
Logs/AssetImportWorker2.log
-srvPort
57627
Successfully changed project path to: C:/Users/bqo97/Documents/GitHub/TowerDifence/TowerDifence2.0
C:/Users/bqo97/Documents/GitHub/TowerDifence/TowerDifence2.0
[UnityMemory] Configuration Parameters - Can be set up in boot.config
    "memorysetup-bucket-allocator-granularity=16"
    "memorysetup-bucket-allocator-bucket-count=8"
    "memorysetup-bucket-allocator-block-size=33554432"
    "memorysetup-bucket-allocator-block-count=8"
    "memorysetup-main-allocator-block-size=16777216"
    "memorysetup-thread-allocator-block-size=16777216"
    "memorysetup-gfx-main-allocator-block-size=16777216"
    "memorysetup-gfx-thread-allocator-block-size=16777216"
    "memorysetup-cache-allocator-block-size=4194304"
    "memorysetup-typetree-allocator-block-size=2097152"
    "memorysetup-profiler-bucket-allocator-granularity=16"
    "memorysetup-profiler-bucket-allocator-bucket-count=8"
    "memorysetup-profiler-bucket-allocator-block-size=33554432"
    "memorysetup-profiler-bucket-allocator-block-count=8"
    "memorysetup-profiler-allocator-block-size=16777216"
    "memorysetup-profiler-editor-allocator-block-size=1048576"
    "memorysetup-temp-allocator-size-main=16777216"
    "memorysetup-job-temp-allocator-block-size=2097152"
    "memorysetup-job-temp-allocator-block-size-background=1048576"
    "memorysetup-job-temp-allocator-reduction-small-platforms=262144"
    "memorysetup-temp-allocator-size-background-worker=32768"
    "memorysetup-temp-allocator-size-job-worker=262144"
    "memorysetup-temp-allocator-size-preload-manager=33554432"
    "memorysetup-temp-allocator-size-nav-mesh-worker=65536"
    "memorysetup-temp-allocator-size-audio-worker=65536"
    "memorysetup-temp-allocator-size-cloud-worker=32768"
    "memorysetup-temp-allocator-size-gi-baking-worker=262144"
    "memorysetup-temp-allocator-size-gfx=262144"
Refreshing native plugins compatible for Editor in 648.92 ms, found 3 plugins.
Preloading 0 native plugins for Editor in 0.00 ms.
Initialize engine version: 2021.3.10f1 (1c7d0df0160b)
[Subsystems] Discovering subsystems at path C:/Program Files/Unity/Hub/Editor/2021.3.10f1/Editor/Data/Resources/UnitySubsystems
[Subsystems] Discovering subsystems at path C:/Users/bqo97/Documents/GitHub/TowerDifence/TowerDifence2.0/Assets
GfxDevice: creating device client; threaded=0; jobified=0
Direct3D:
    Version:  Direct3D 11.0 [level 11.1]
    Renderer: Intel(R) HD Graphics 520 (ID=0x1921)
    Vendor:   Intel
    VRAM:     2002 MB
    Driver:   24.20.100.6286
Initialize mono
Mono path[0] = 'C:/Program Files/Unity/Hub/Editor/2021.3.10f1/Editor/Data/Managed'
Mono path[1] = 'C:/Program Files/Unity/Hub/Editor/2021.3.10f1/Editor/Data/MonoBleedingEdge/lib/mono/unityjit-win32'
Mono config path = 'C:/Program Files/Unity/Hub/Editor/2021.3.10f1/Editor/Data/MonoBleedingEdge/etc'
Using monoOptions --debugger-agent=transport=dt_socket,embedding=1,server=y,suspend=n,address=127.0.0.1:56520
Begin MonoManager ReloadAssembly
Registering precompiled unity dll's ...
Register platform support module: C:/Program Files/Unity/Hub/Editor/2021.3.10f1/Editor/Data/PlaybackEngines/WebGLSupport/UnityEditor.WebGL.Extensions.dll
Register platform support module: C:/Program Files/Unity/Hub/Editor/2021.3.10f1/Editor/Data/PlaybackEngines/WindowsStandaloneSupport/UnityEditor.WindowsStandalone.Extensions.dll
Registered in 0.023924 seconds.
Native extension for WindowsStandalone target not found
Native extension for WebGL target not found
Refreshing native plugins compatible for Editor in 331.66 ms, found 3 plugins.
Preloading 0 native plugins for Editor in 0.00 ms.
Mono: successfully reloaded assembly
- Completed reload, in  2.328 seconds
Domain Reload Profiling:
	ReloadAssembly (2330ms)
		BeginReloadAssembly (317ms)
			ExecutionOrderSort (0ms)
			DisableScriptedObjects (0ms)
			BackupInstance (0ms)
			ReleaseScriptingObjects (0ms)
			CreateAndSetChildDomain (5ms)
		EndReloadAssembly (1628ms)
			LoadAssemblies (309ms)
			RebuildTransferFunctionScriptingTraits (2ms)
			SetupTypeCache (354ms)
			ReleaseScriptCaches (0ms)
			RebuildScriptCaches (112ms)
			SetupLoadedEditorAssemblies (953ms)
				LogAssemblyErrors (0ms)
				InitializePlatformSupportModulesInManaged (73ms)
				SetLoadedEditorAssemblies (1ms)
				RefreshPlugins (332ms)
				BeforeProcessingInitializeOnLoad (4ms)
				ProcessInitializeOnLoadAttributes (412ms)
				ProcessInitializeOnLoadMethodAttributes (130ms)
				AfterProcessingInitializeOnLoad (0ms)
				EditorAssembliesLoaded (1ms)
			ExecutionOrderSort2 (0ms)
			AwakeInstancesAfterBackupRestoration (0ms)
Platform modules already initialized, skipping
Registering precompiled user dll's ...
Registered in 0.196553 seconds.
Begin MonoManager ReloadAssembly
Symbol file LoadedFromMemory doesn't match image C:\Users\bqo97\Documents\GitHub\TowerDifence\TowerDifence2.0\Library\PackageCache\com.unity.visualscripting@1.7.8\Editor\VisualScripting.Core\Dependencies\YamlDotNet\Unity.VisualScripting.YamlDotNet.dll
Symbol file LoadedFromMemory doesn't match image C:\Users\bqo97\Documents\GitHub\TowerDifence\TowerDifence2.0\Library\PackageCache\com.unity.visualscripting@1.7.8\Editor\VisualScripting.Core\Dependencies\DotNetZip\Unity.VisualScripting.IonicZip.dll
Native extension for WindowsStandalone target not found
Native extension for WebGL target not found
Refreshing native plugins compatible for Editor in 1.39 ms, found 3 plugins.
Preloading 0 native plugins for Editor in 0.00 ms.
Mono: successfully reloaded assembly
- Completed reload, in  4.352 seconds
Domain Reload Profiling:
	ReloadAssembly (4356ms)
		BeginReloadAssembly (352ms)
			ExecutionOrderSort (0ms)
			DisableScriptedObjects (14ms)
			BackupInstance (0ms)
			ReleaseScriptingObjects (0ms)
			CreateAndSetChildDomain (41ms)
		EndReloadAssembly (3579ms)
			LoadAssemblies (458ms)
			RebuildTransferFunctionScriptingTraits (1ms)
			SetupTypeCache (1258ms)
			ReleaseScriptCaches (1ms)
			RebuildScriptCaches (151ms)
			SetupLoadedEditorAssemblies (1650ms)
				LogAssemblyErrors (0ms)
				InitializePlatformSupportModulesInManaged (23ms)
				SetLoadedEditorAssemblies (1ms)
				RefreshPlugins (2ms)
				BeforeProcessingInitializeOnLoad (238ms)
				ProcessInitializeOnLoadAttributes (1249ms)
				ProcessInitializeOnLoadMethodAttributes (103ms)
				AfterProcessingInitializeOnLoad (35ms)
				EditorAssembliesLoaded (1ms)
			ExecutionOrderSort2 (0ms)
			AwakeInstancesAfterBackupRestoration (25ms)
Platform modules already initialized, skipping
========================================================================
Worker process is ready to serve import requests
Launched and connected shader compiler UnityShaderCompiler.exe after 0.13 seconds
Refreshing native plugins compatible for Editor in 0.90 ms, found 3 plugins.
Preloading 0 native plugins for Editor in 0.00 ms.
Unloading 3384 Unused Serialized files (Serialized files now loaded: 0)
Unloading 27 unused Assets / (113.4 KB). Loaded Objects now: 3841.
Memory consumption went from 118.6 MB to 118.5 MB.
Total: 16.786502 ms (FindLiveObjects: 0.584996 ms CreateObjectMapping: 0.468819 ms MarkObjects: 15.482341 ms  DeleteObjects: 0.248803 ms)

AssetImportParameters requested are different than current active one (requested -> active):
  custom:video-decoder-ogg-theora: a1e56fd34408186e4bbccfd4996cb3dc -> 
  custom:container-muxer-webm: aa71ff27fc2769a1b78a27578f13a17b -> 
  custom:container-demuxer-webm: 4f35f7cbe854078d1ac9338744f61a02 -> 
  custom:video-encoder-webm-vp8: eb34c28f22e8b96e1ab97ce403110664 -> 
  custom:video-codec-MediaFoundation-h265: 746d11721c4dcdbdad8f713fa42b33f4 -> 
  custom:audio-encoder-webm-vorbis: bf7c407c2cedff20999df2af8eb42d56 -> 
  custom:framework-win-MediaFoundation: 216162199b28c13a410421893ffa2e32 -> 
  custom:container-demuxer-ogg: 62fdf1f143b41e24485cea50d1cbac27 -> 
  custom:video-decoder-webm-vp8: 9c59270c3fd7afecdb556c50c9e8de78 -> 
  custom:audio-decoder-ogg-vorbis: bf7c407c2cedff20999df2af8eb42d56 -> 
========================================================================
Received Import Request.
  Time since last request: 244144.426609 seconds.
  path: Assets/Scripts/Enemy.cs
  artifactKey: Guid(cd910b8d8c0b94043b748e6376c3c7e2) Importer(815301076,1909f56bfc062723c751e8b465ee728b)
Start importing Assets/Scripts/Enemy.cs using Guid(cd910b8d8c0b94043b748e6376c3c7e2) Importer(815301076,1909f56bfc062723c751e8b465ee728b)  -> (artifact id: '2cd8bb3613405e725d7ff221cf0c0da3') in 0.248275 seconds 
========================================================================
Received Prepare
Registering precompiled user dll's ...
Registered in 0.024847 seconds.
Begin MonoManager ReloadAssembly
Symbol file LoadedFromMemory doesn't match image C:\Users\bqo97\Documents\GitHub\TowerDifence\TowerDifence2.0\Library\PackageCache\com.unity.visualscripting@1.7.8\Editor\VisualScripting.Core\Dependencies\YamlDotNet\Unity.VisualScripting.YamlDotNet.dll
Symbol file LoadedFromMemory doesn't match image C:\Users\bqo97\Documents\GitHub\TowerDifence\TowerDifence2.0\Library\PackageCache\com.unity.visualscripting@1.7.8\Editor\VisualScripting.Core\Dependencies\DotNetZip\Unity.VisualScripting.IonicZip.dll
Native extension for WindowsStandalone target not found
Native extension for WebGL target not found
Refreshing native plugins compatible for Editor in 1.17 ms, found 3 plugins.
Preloading 0 native plugins for Editor in 0.00 ms.
Mono: successfully reloaded assembly
- Completed reload, in  3.000 seconds
Domain Reload Profiling:
	ReloadAssembly (3003ms)
		BeginReloadAssembly (880ms)
			ExecutionOrderSort (0ms)
			DisableScriptedObjects (32ms)
			BackupInstance (0ms)
			ReleaseScriptingObjects (0ms)
			CreateAndSetChildDomain (251ms)
		EndReloadAssembly (1907ms)
			LoadAssemblies (484ms)
			RebuildTransferFunctionScriptingTraits (0ms)
			SetupTypeCache (575ms)
			ReleaseScriptCaches (2ms)
			RebuildScriptCaches (77ms)
			SetupLoadedEditorAssemblies (816ms)
				LogAssemblyErrors (0ms)
				InitializePlatformSupportModulesInManaged (30ms)
				SetLoadedEditorAssemblies (2ms)
				RefreshPlugins (1ms)
				BeforeProcessingInitializeOnLoad (207ms)
				ProcessInitializeOnLoadAttributes (498ms)
				ProcessInitializeOnLoadMethodAttributes (56ms)
				AfterProcessingInitializeOnLoad (21ms)
				EditorAssembliesLoaded (0ms)
			ExecutionOrderSort2 (0ms)
			AwakeInstancesAfterBackupRestoration (12ms)
Platform modules already initialized, skipping
Refreshing native plugins compatible for Editor in 9.54 ms, found 3 plugins.
Preloading 0 native plugins for Editor in 0.00 ms.
Unloading 3379 Unused Serialized files (Serialized files now loaded: 0)
Unloading 20 unused Assets / (80.0 KB). Loaded Objects now: 3844.
Memory consumption went from 118.5 MB to 118.5 MB.
Total: 8.841251 ms (FindLiveObjects: 0.361381 ms CreateObjectMapping: 0.254972 ms MarkObjects: 7.999741 ms  DeleteObjects: 0.224128 ms)

AssetImportParameters requested are different than current active one (requested -> active):
  custom:video-decoder-ogg-theora: a1e56fd34408186e4bbccfd4996cb3dc -> 
  custom:container-muxer-webm: aa71ff27fc2769a1b78a27578f13a17b -> 
  custom:container-demuxer-webm: 4f35f7cbe854078d1ac9338744f61a02 -> 
  custom:video-encoder-webm-vp8: eb34c28f22e8b96e1ab97ce403110664 -> 
  custom:video-codec-MediaFoundation-h265: 746d11721c4dcdbdad8f713fa42b33f4 -> 
  custom:audio-encoder-webm-vorbis: bf7c407c2cedff20999df2af8eb42d56 -> 
  custom:framework-win-MediaFoundation: 216162199b28c13a410421893ffa2e32 -> 
  custom:container-demuxer-ogg: 62fdf1f143b41e24485cea50d1cbac27 -> 
  custom:video-decoder-webm-vp8: 9c59270c3fd7afecdb556c50c9e8de78 -> 
  custom:audio-decoder-ogg-vorbis: bf7c407c2cedff20999df2af8eb42d56 -> 
========================================================================
Received Import Request.
  Time since last request: 232.391967 seconds.
  path: Assets/Scripts/Turret.cs
  artifactKey: Guid(7a8664f94d98e184cb5dc1eaa792d4b8) Importer(815301076,1909f56bfc062723c751e8b465ee728b)
Start importing Assets/Scripts/Turret.cs using Guid(7a8664f94d98e184cb5dc1eaa792d4b8) Importer(815301076,1909f56bfc062723c751e8b465ee728b)  -> (artifact id: 'd4e0e50428b8d52554d0730c701760c0') in 0.035759 seconds 
========================================================================
Received Prepare
Registering precompiled user dll's ...
Registered in 0.039431 seconds.
Begin MonoManager ReloadAssembly
Symbol file LoadedFromMemory doesn't match image C:\Users\bqo97\Documents\GitHub\TowerDifence\TowerDifence2.0\Library\PackageCache\com.unity.visualscripting@1.7.8\Editor\VisualScripting.Core\Dependencies\YamlDotNet\Unity.VisualScripting.YamlDotNet.dll
Symbol file LoadedFromMemory doesn't match image C:\Users\bqo97\Documents\GitHub\TowerDifence\TowerDifence2.0\Library\PackageCache\com.unity.visualscripting@1.7.8\Editor\VisualScripting.Core\Dependencies\DotNetZip\Unity.VisualScripting.IonicZip.dll
Native extension for WindowsStandalone target not found
Native extension for WebGL target not found
Refreshing native plugins compatible for Editor in 3.45 ms, found 3 plugins.
Preloading 0 native plugins for Editor in 0.00 ms.
Mono: successfully reloaded assembly
- Completed reload, in  8.107 seconds
Domain Reload Profiling:
	ReloadAssembly (8120ms)
		BeginReloadAssembly (2927ms)
			ExecutionOrderSort (0ms)
			DisableScriptedObjects (175ms)
			BackupInstance (0ms)
			ReleaseScriptingObjects (0ms)
			CreateAndSetChildDomain (1593ms)
		EndReloadAssembly (3828ms)
			LoadAssemblies (1436ms)
			RebuildTransferFunctionScriptingTraits (14ms)
			SetupTypeCache (1272ms)
			ReleaseScriptCaches (5ms)
			RebuildScriptCaches (118ms)
			SetupLoadedEditorAssemblies (831ms)
				LogAssemblyErrors (0ms)
				InitializePlatformSupportModulesInManaged (35ms)
				SetLoadedEditorAssemblies (2ms)
				RefreshPlugins (4ms)
				BeforeProcessingInitializeOnLoad (162ms)
				ProcessInitializeOnLoadAttributes (542ms)
				ProcessInitializeOnLoadMethodAttributes (64ms)
				AfterProcessingInitializeOnLoad (22ms)
				EditorAssembliesLoaded (0ms)
			ExecutionOrderSort2 (0ms)
			AwakeInstancesAfterBackupRestoration (15ms)
Platform modules already initialized, skipping
Refreshing native plugins compatible for Editor in 9.54 ms, found 3 plugins.
Preloading 0 native plugins for Editor in 0.00 ms.
Unloading 3379 Unused Serialized files (Serialized files now loaded: 0)
Unloading 20 unused Assets / (79.9 KB). Loaded Objects now: 3847.
Memory consumption went from 118.5 MB to 118.5 MB.
Total: 7.767902 ms (FindLiveObjects: 0.406618 ms CreateObjectMapping: 0.259084 ms MarkObjects: 6.879099 ms  DeleteObjects: 0.221558 ms)

AssetImportParameters requested are different than current active one (requested -> active):
  custom:video-decoder-ogg-theora: a1e56fd34408186e4bbccfd4996cb3dc -> 
  custom:container-muxer-webm: aa71ff27fc2769a1b78a27578f13a17b -> 
  custom:container-demuxer-webm: 4f35f7cbe854078d1ac9338744f61a02 -> 
  custom:video-encoder-webm-vp8: eb34c28f22e8b96e1ab97ce403110664 -> 
  custom:video-codec-MediaFoundation-h265: 746d11721c4dcdbdad8f713fa42b33f4 -> 
  custom:audio-encoder-webm-vorbis: bf7c407c2cedff20999df2af8eb42d56 -> 
  custom:framework-win-MediaFoundation: 216162199b28c13a410421893ffa2e32 -> 
  custom:container-demuxer-ogg: 62fdf1f143b41e24485cea50d1cbac27 -> 
  custom:video-decoder-webm-vp8: 9c59270c3fd7afecdb556c50c9e8de78 -> 
  custom:audio-decoder-ogg-vorbis: bf7c407c2cedff20999df2af8eb42d56 -> 
========================================================================
Received Prepare
Registering precompiled user dll's ...
Registered in 0.028664 seconds.
Begin MonoManager ReloadAssembly
Symbol file LoadedFromMemory doesn't match image C:\Users\bqo97\Documents\GitHub\TowerDifence\TowerDifence2.0\Library\PackageCache\com.unity.visualscripting@1.7.8\Editor\VisualScripting.Core\Dependencies\YamlDotNet\Unity.VisualScripting.YamlDotNet.dll
Symbol file LoadedFromMemory doesn't match image C:\Users\bqo97\Documents\GitHub\TowerDifence\TowerDifence2.0\Library\PackageCache\com.unity.visualscripting@1.7.8\Editor\VisualScripting.Core\Dependencies\DotNetZip\Unity.VisualScripting.IonicZip.dll
Native extension for WindowsStandalone target not found
Native extension for WebGL target not found
Refreshing native plugins compatible for Editor in 2.11 ms, found 3 plugins.
Preloading 0 native plugins for Editor in 0.00 ms.
Mono: successfully reloaded assembly
- Completed reload, in  6.778 seconds
Domain Reload Profiling:
	ReloadAssembly (6779ms)
		BeginReloadAssembly (946ms)
			ExecutionOrderSort (0ms)
			DisableScriptedObjects (45ms)
			BackupInstance (0ms)
			ReleaseScriptingObjects (0ms)
			CreateAndSetChildDomain (214ms)
		EndReloadAssembly (4818ms)
			LoadAssemblies (719ms)
			RebuildTransferFunctionScriptingTraits (0ms)
			SetupTypeCache (1535ms)
			ReleaseScriptCaches (25ms)
			RebuildScriptCaches (485ms)
			SetupLoadedEditorAssemblies (1803ms)
				LogAssemblyErrors (0ms)
				InitializePlatformSupportModulesInManaged (180ms)
				SetLoadedEditorAssemblies (4ms)
				RefreshPlugins (2ms)
				BeforeProcessingInitializeOnLoad (691ms)
				ProcessInitializeOnLoadAttributes (851ms)
				ProcessInitializeOnLoadMethodAttributes (51ms)
				AfterProcessingInitializeOnLoad (23ms)
				EditorAssembliesLoaded (0ms)
			ExecutionOrderSort2 (0ms)
			AwakeInstancesAfterBackupRestoration (12ms)
Platform modules already initialized, skipping
Refreshing native plugins compatible for Editor in 5.27 ms, found 3 plugins.
Preloading 0 native plugins for Editor in 0.00 ms.
Unloading 3379 Unused Serialized files (Serialized files now loaded: 0)
Unloading 20 unused Assets / (79.9 KB). Loaded Objects now: 3850.
Memory consumption went from 118.6 MB to 118.5 MB.
Total: 4.936995 ms (FindLiveObjects: 0.404048 ms CreateObjectMapping: 0.243149 ms MarkObjects: 4.145862 ms  DeleteObjects: 0.142394 ms)

AssetImportParameters requested are different than current active one (requested -> active):
  custom:video-decoder-ogg-theora: a1e56fd34408186e4bbccfd4996cb3dc -> 
  custom:container-muxer-webm: aa71ff27fc2769a1b78a27578f13a17b -> 
  custom:container-demuxer-webm: 4f35f7cbe854078d1ac9338744f61a02 -> 
  custom:video-encoder-webm-vp8: eb34c28f22e8b96e1ab97ce403110664 -> 
  custom:video-codec-MediaFoundation-h265: 746d11721c4dcdbdad8f713fa42b33f4 -> 
  custom:audio-encoder-webm-vorbis: bf7c407c2cedff20999df2af8eb42d56 -> 
  custom:framework-win-MediaFoundation: 216162199b28c13a410421893ffa2e32 -> 
  custom:container-demuxer-ogg: 62fdf1f143b41e24485cea50d1cbac27 -> 
  custom:video-decoder-webm-vp8: 9c59270c3fd7afecdb556c50c9e8de78 -> 
  custom:audio-decoder-ogg-vorbis: bf7c407c2cedff20999df2af8eb42d56 -> 
========================================================================
Received Prepare
Registering precompiled user dll's ...
Registered in 0.024226 seconds.
Begin MonoManager ReloadAssembly
Symbol file LoadedFromMemory doesn't match image C:\Users\bqo97\Documents\GitHub\TowerDifence\TowerDifence2.0\Library\PackageCache\com.unity.visualscripting@1.7.8\Editor\VisualScripting.Core\Dependencies\YamlDotNet\Unity.VisualScripting.YamlDotNet.dll
Symbol file LoadedFromMemory doesn't match image C:\Users\bqo97\Documents\GitHub\TowerDifence\TowerDifence2.0\Library\PackageCache\com.unity.visualscripting@1.7.8\Editor\VisualScripting.Core\Dependencies\DotNetZip\Unity.VisualScripting.IonicZip.dll
Native extension for WindowsStandalone target not found
Native extension for WebGL target not found
Refreshing native plugins compatible for Editor in 5.17 ms, found 3 plugins.
Preloading 0 native plugins for Editor in 0.00 ms.
Mono: successfully reloaded assembly
- Completed reload, in 14.037 seconds
Domain Reload Profiling:
	ReloadAssembly (14053ms)
		BeginReloadAssembly (1144ms)
			ExecutionOrderSort (0ms)
			DisableScriptedObjects (50ms)
			BackupInstance (0ms)
			ReleaseScriptingObjects (0ms)
			CreateAndSetChildDomain (215ms)
		EndReloadAssembly (12208ms)
			LoadAssemblies (929ms)
			RebuildTransferFunctionScriptingTraits (0ms)
			SetupTypeCache (2677ms)
			ReleaseScriptCaches (3ms)
			RebuildScriptCaches (882ms)
			SetupLoadedEditorAssemblies (6713ms)
				LogAssemblyErrors (0ms)
				InitializePlatformSupportModulesInManaged (493ms)
				SetLoadedEditorAssemblies (7ms)
				RefreshPlugins (5ms)
				BeforeProcessingInitializeOnLoad (941ms)
				ProcessInitializeOnLoadAttributes (3986ms)
				ProcessInitializeOnLoadMethodAttributes (741ms)
				AfterProcessingInitializeOnLoad (538ms)
				EditorAssembliesLoaded (1ms)
			ExecutionOrderSort2 (0ms)
			AwakeInstancesAfterBackupRestoration (81ms)
Platform modules already initialized, skipping
Refreshing native plugins compatible for Editor in 32.74 ms, found 3 plugins.
Preloading 0 native plugins for Editor in 0.00 ms.
Unloading 3379 Unused Serialized files (Serialized files now loaded: 0)
Unloading 20 unused Assets / (83.0 KB). Loaded Objects now: 3853.
Memory consumption went from 118.6 MB to 118.5 MB.
Total: 26.732459 ms (FindLiveObjects: 0.762859 ms CreateObjectMapping: 1.317012 ms MarkObjects: 24.158066 ms  DeleteObjects: 0.489895 ms)

AssetImportParameters requested are different than current active one (requested -> active):
  custom:video-decoder-ogg-theora: a1e56fd34408186e4bbccfd4996cb3dc -> 
  custom:container-muxer-webm: aa71ff27fc2769a1b78a27578f13a17b -> 
  custom:container-demuxer-webm: 4f35f7cbe854078d1ac9338744f61a02 -> 
  custom:video-encoder-webm-vp8: eb34c28f22e8b96e1ab97ce403110664 -> 
  custom:video-codec-MediaFoundation-h265: 746d11721c4dcdbdad8f713fa42b33f4 -> 
  custom:audio-encoder-webm-vorbis: bf7c407c2cedff20999df2af8eb42d56 -> 
  custom:framework-win-MediaFoundation: 216162199b28c13a410421893ffa2e32 -> 
  custom:container-demuxer-ogg: 62fdf1f143b41e24485cea50d1cbac27 -> 
  custom:video-decoder-webm-vp8: 9c59270c3fd7afecdb556c50c9e8de78 -> 
  custom:audio-decoder-ogg-vorbis: bf7c407c2cedff20999df2af8eb42d56 -> 
========================================================================
Received Prepare
Registering precompiled user dll's ...
Registered in 0.041565 seconds.
Begin MonoManager ReloadAssembly
Symbol file LoadedFromMemory doesn't match image C:\Users\bqo97\Documents\GitHub\TowerDifence\TowerDifence2.0\Library\PackageCache\com.unity.visualscripting@1.7.8\Editor\VisualScripting.Core\Dependencies\YamlDotNet\Unity.VisualScripting.YamlDotNet.dll
Symbol file LoadedFromMemory doesn't match image C:\Users\bqo97\Documents\GitHub\TowerDifence\TowerDifence2.0\Library\PackageCache\com.unity.visualscripting@1.7.8\Editor\VisualScripting.Core\Dependencies\DotNetZip\Unity.VisualScripting.IonicZip.dll
Native extension for WindowsStandalone target not found
Native extension for WebGL target not found
Refreshing native plugins compatible for Editor in 1.21 ms, found 3 plugins.
Preloading 0 native plugins for Editor in 0.00 ms.
Mono: successfully reloaded assembly
- Completed reload, in  2.855 seconds
Domain Reload Profiling:
	ReloadAssembly (2857ms)
		BeginReloadAssembly (411ms)
			ExecutionOrderSort (0ms)
			DisableScriptedObjects (11ms)
			BackupInstance (0ms)
			ReleaseScriptingObjects (0ms)
			CreateAndSetChildDomain (77ms)
		EndReloadAssembly (2125ms)
			LoadAssemblies (331ms)
			RebuildTransferFunctionScriptingTraits (0ms)
			SetupTypeCache (757ms)
			ReleaseScriptCaches (3ms)
			RebuildScriptCaches (84ms)
			SetupLoadedEditorAssemblies (820ms)
				LogAssemblyErrors (0ms)
				InitializePlatformSupportModulesInManaged (35ms)
				SetLoadedEditorAssemblies (1ms)
				RefreshPlugins (1ms)
				BeforeProcessingInitializeOnLoad (177ms)
				ProcessInitializeOnLoadAttributes (509ms)
				ProcessInitializeOnLoadMethodAttributes (71ms)
				AfterProcessingInitializeOnLoad (25ms)
				EditorAssembliesLoaded (0ms)
			ExecutionOrderSort2 (0ms)
			AwakeInstancesAfterBackupRestoration (19ms)
Platform modules already initialized, skipping
Refreshing native plugins compatible for Editor in 6.35 ms, found 3 plugins.
Preloading 0 native plugins for Editor in 0.00 ms.
Unloading 3379 Unused Serialized files (Serialized files now loaded: 0)
Unloading 20 unused Assets / (79.9 KB). Loaded Objects now: 3856.
Memory consumption went from 118.6 MB to 118.5 MB.
Total: 5.112802 ms (FindLiveObjects: 0.384000 ms CreateObjectMapping: 0.270908 ms MarkObjects: 4.308818 ms  DeleteObjects: 0.147020 ms)

AssetImportParameters requested are different than current active one (requested -> active):
  custom:video-decoder-ogg-theora: a1e56fd34408186e4bbccfd4996cb3dc -> 
  custom:container-muxer-webm: aa71ff27fc2769a1b78a27578f13a17b -> 
  custom:container-demuxer-webm: 4f35f7cbe854078d1ac9338744f61a02 -> 
  custom:video-encoder-webm-vp8: eb34c28f22e8b96e1ab97ce403110664 -> 
  custom:video-codec-MediaFoundation-h265: 746d11721c4dcdbdad8f713fa42b33f4 -> 
  custom:audio-encoder-webm-vorbis: bf7c407c2cedff20999df2af8eb42d56 -> 
  custom:framework-win-MediaFoundation: 216162199b28c13a410421893ffa2e32 -> 
  custom:container-demuxer-ogg: 62fdf1f143b41e24485cea50d1cbac27 -> 
  custom:video-decoder-webm-vp8: 9c59270c3fd7afecdb556c50c9e8de78 -> 
  custom:audio-decoder-ogg-vorbis: bf7c407c2cedff20999df2af8eb42d56 -> 
========================================================================
Received Prepare
Registering precompiled user dll's ...
Registered in 0.031033 seconds.
Begin MonoManager ReloadAssembly
Symbol file LoadedFromMemory doesn't match image C:\Users\bqo97\Documents\GitHub\TowerDifence\TowerDifence2.0\Library\PackageCache\com.unity.visualscripting@1.7.8\Editor\VisualScripting.Core\Dependencies\YamlDotNet\Unity.VisualScripting.YamlDotNet.dll
Symbol file LoadedFromMemory doesn't match image C:\Users\bqo97\Documents\GitHub\TowerDifence\TowerDifence2.0\Library\PackageCache\com.unity.visualscripting@1.7.8\Editor\VisualScripting.Core\Dependencies\DotNetZip\Unity.VisualScripting.IonicZip.dll
Native extension for WindowsStandalone target not found
Native extension for WebGL target not found
Refreshing native plugins compatible for Editor in 2.94 ms, found 3 plugins.
Preloading 0 native plugins for Editor in 0.00 ms.
Mono: successfully reloaded assembly
- Completed reload, in  6.870 seconds
Domain Reload Profiling:
	ReloadAssembly (6879ms)
		BeginReloadAssembly (804ms)
			ExecutionOrderSort (0ms)
			DisableScriptedObjects (12ms)
			BackupInstance (0ms)
			ReleaseScriptingObjects (0ms)
			CreateAndSetChildDomain (170ms)
		EndReloadAssembly (5412ms)
			LoadAssemblies (701ms)
			RebuildTransferFunctionScriptingTraits (0ms)
			SetupTypeCache (1740ms)
			ReleaseScriptCaches (4ms)
			RebuildScriptCaches (266ms)
			SetupLoadedEditorAssemblies (2494ms)
				LogAssemblyErrors (0ms)
				InitializePlatformSupportModulesInManaged (97ms)
				SetLoadedEditorAssemblies (4ms)
				RefreshPlugins (8ms)
				BeforeProcessingInitializeOnLoad (443ms)
				ProcessInitializeOnLoadAttributes (1676ms)
				ProcessInitializeOnLoadMethodAttributes (191ms)
				AfterProcessingInitializeOnLoad (73ms)
				EditorAssembliesLoaded (1ms)
			ExecutionOrderSort2 (0ms)
			AwakeInstancesAfterBackupRestoration (39ms)
Platform modules already initialized, skipping
Refreshing native plugins compatible for Editor in 35.56 ms, found 3 plugins.
Preloading 0 native plugins for Editor in 0.00 ms.
Unloading 3379 Unused Serialized files (Serialized files now loaded: 0)
Unloading 20 unused Assets / (79.9 KB). Loaded Objects now: 3859.
Memory consumption went from 118.6 MB to 118.5 MB.
Total: 19.148589 ms (FindLiveObjects: 3.325429 ms CreateObjectMapping: 0.807582 ms MarkObjects: 14.793506 ms  DeleteObjects: 0.216418 ms)

AssetImportParameters requested are different than current active one (requested -> active):
  custom:video-decoder-ogg-theora: a1e56fd34408186e4bbccfd4996cb3dc -> 
  custom:container-muxer-webm: aa71ff27fc2769a1b78a27578f13a17b -> 
  custom:container-demuxer-webm: 4f35f7cbe854078d1ac9338744f61a02 -> 
  custom:video-encoder-webm-vp8: eb34c28f22e8b96e1ab97ce403110664 -> 
  custom:video-codec-MediaFoundation-h265: 746d11721c4dcdbdad8f713fa42b33f4 -> 
  custom:audio-encoder-webm-vorbis: bf7c407c2cedff20999df2af8eb42d56 -> 
  custom:framework-win-MediaFoundation: 216162199b28c13a410421893ffa2e32 -> 
  custom:container-demuxer-ogg: 62fdf1f143b41e24485cea50d1cbac27 -> 
  custom:video-decoder-webm-vp8: 9c59270c3fd7afecdb556c50c9e8de78 -> 
  custom:audio-decoder-ogg-vorbis: bf7c407c2cedff20999df2af8eb42d56 -> 
========================================================================
Received Import Request.
  Time since last request: 1713.061961 seconds.
  path: Assets/PreFabs/enemy_ufoPurple 1.prefab
  artifactKey: Guid(5fe47440519d1b245a0217909358cc32) Importer(815301076,1909f56bfc062723c751e8b465ee728b)
Start importing Assets/PreFabs/enemy_ufoPurple 1.prefab using Guid(5fe47440519d1b245a0217909358cc32) Importer(815301076,1909f56bfc062723c751e8b465ee728b)  -> (artifact id: '8343419fb3def2b9bae59d90abc0de24') in 0.369059 seconds 
========================================================================
Received Import Request.
  Time since last request: 0.000047 seconds.
  path: Assets/PreFabs/tile_cornerRound_0.prefab
  artifactKey: Guid(9d132e10eb82c524c9a03980abbd8f9c) Importer(815301076,1909f56bfc062723c751e8b465ee728b)
Start importing Assets/PreFabs/tile_cornerRound_0.prefab using Guid(9d132e10eb82c524c9a03980abbd8f9c) Importer(815301076,1909f56bfc062723c751e8b465ee728b)  -> (artifact id: '315bb59b67e4b83edbd10d8143ca210b') in 0.128211 seconds 
========================================================================
Received Import Request.
  Time since last request: 0.000044 seconds.
  path: Assets/PreFabs/tile.prefab
  artifactKey: Guid(dee86f6f89ddd944093c17712cb4b6e8) Importer(815301076,1909f56bfc062723c751e8b465ee728b)
Start importing Assets/PreFabs/tile.prefab using Guid(dee86f6f89ddd944093c17712cb4b6e8) Importer(815301076,1909f56bfc062723c751e8b465ee728b)  -> (artifact id: '64c6d1b5203aa19fffa090ef4e628a48') in 0.101544 seconds 
========================================================================
Received Import Request.
  Time since last request: 0.000045 seconds.
  path: Assets/PreFabs/Tile_horizontal.prefab
  artifactKey: Guid(b1194398bd4a60940a91564e1be56c4f) Importer(815301076,1909f56bfc062723c751e8b465ee728b)
Start importing Assets/PreFabs/Tile_horizontal.prefab using Guid(b1194398bd4a60940a91564e1be56c4f) Importer(815301076,1909f56bfc062723c751e8b465ee728b)  -> (artifact id: 'f3f55a2a37b03d627c316d676a01f164') in 0.043485 seconds 
========================================================================
Received Import Request.
  Time since last request: 0.000055 seconds.
  path: Assets/PreFabs/Turret_2.prefab
  artifactKey: Guid(a4d7280df27204045b24d681d944d428) Importer(815301076,1909f56bfc062723c751e8b465ee728b)
Start importing Assets/PreFabs/Turret_2.prefab using Guid(a4d7280df27204045b24d681d944d428) Importer(815301076,1909f56bfc062723c751e8b465ee728b)  -> (artifact id: 'c47487e55c9380f6473e20fb14dfcff5') in 0.188312 seconds 
========================================================================
Received Import Request.
  Time since last request: 0.000054 seconds.
  path: Assets/PreFabs/tile_endSpawn.prefab
  artifactKey: Guid(2727d6279a0716446aa2ec3156d1caa7) Importer(815301076,1909f56bfc062723c751e8b465ee728b)
Start importing Assets/PreFabs/tile_endSpawn.prefab using Guid(2727d6279a0716446aa2ec3156d1caa7) Importer(815301076,1909f56bfc062723c751e8b465ee728b)  -> (artifact id: 'a14d29f5fe95a6ec35e2da02b5cc227d') in 0.113146 seconds 
========================================================================
Received Import Request.
  Time since last request: 0.000043 seconds.
  path: Assets/PreFabs/Turret_4.prefab
  artifactKey: Guid(f4045f8a1a1016c4089610496be8aaf9) Importer(815301076,1909f56bfc062723c751e8b465ee728b)
Start importing Assets/PreFabs/Turret_4.prefab using Guid(f4045f8a1a1016c4089610496be8aaf9) Importer(815301076,1909f56bfc062723c751e8b465ee728b)  -> (artifact id: '3fa8a65e60c8b91546f056b4b2484ae0') in 0.162927 seconds 
========================================================================
Received Import Request.
  Time since last request: 0.000047 seconds.
  path: Assets/PreFabs/tile_cornerRound_1.prefab
  artifactKey: Guid(294b1d49c9426d6468fe0f758b91be55) Importer(815301076,1909f56bfc062723c751e8b465ee728b)
Start importing Assets/PreFabs/tile_cornerRound_1.prefab using Guid(294b1d49c9426d6468fe0f758b91be55) Importer(815301076,1909f56bfc062723c751e8b465ee728b)  -> (artifact id: 'b3be5f015834559bcf7f01ee1ac3169a') in 0.141484 seconds 
========================================================================
Received Import Request.
  Time since last request: 0.000058 seconds.
  path: Assets/PreFabs/Spawn_horizontal.prefab
  artifactKey: Guid(5c4a58b9d897c30428077136b9a69d85) Importer(815301076,1909f56bfc062723c751e8b465ee728b)
Start importing Assets/PreFabs/Spawn_horizontal.prefab using Guid(5c4a58b9d897c30428077136b9a69d85) Importer(815301076,1909f56bfc062723c751e8b465ee728b)  -> (artifact id: '4a7c891fb51674824547668bc1e55355') in 0.098442 seconds 
========================================================================
Received Import Request.
  Time since last request: 0.000180 seconds.
  path: Assets/PreFabs/Turret_1.prefab
  artifactKey: Guid(875780faa707def4f9fa25fd16401ea4) Importer(815301076,1909f56bfc062723c751e8b465ee728b)
Start importing Assets/PreFabs/Turret_1.prefab using Guid(875780faa707def4f9fa25fd16401ea4) Importer(815301076,1909f56bfc062723c751e8b465ee728b)  -> (artifact id: '0b2a93a02375a21275c297828cf9139d') in 0.077523 seconds 
========================================================================
Received Import Request.
  Time since last request: 0.000442 seconds.
  path: Assets/PreFabs/Turret_3.prefab
  artifactKey: Guid(31ddf33d6283c594ab57ecbee37e3416) Importer(815301076,1909f56bfc062723c751e8b465ee728b)
Start importing Assets/PreFabs/Turret_3.prefab using Guid(31ddf33d6283c594ab57ecbee37e3416) Importer(815301076,1909f56bfc062723c751e8b465ee728b)  -> (artifact id: '05cd801bb12c980374c3f5f986843454') in 0.166581 seconds 
========================================================================
Received Import Request.
  Time since last request: 0.000068 seconds.
  path: Assets/PreFabs/tile_cornerRound_2.prefab
  artifactKey: Guid(5b8a218dcd62d6649bfdc73a36ac2918) Importer(815301076,1909f56bfc062723c751e8b465ee728b)
Start importing Assets/PreFabs/tile_cornerRound_2.prefab using Guid(5b8a218dcd62d6649bfdc73a36ac2918) Importer(815301076,1909f56bfc062723c751e8b465ee728b)  -> (artifact id: 'f22ef7ee333771781ac6700087022b66') in 0.078900 seconds 
========================================================================
Received Import Request.
  Time since last request: 0.000054 seconds.
  path: Assets/PreFabs/Spawn_vertical.prefab
  artifactKey: Guid(3ccd0ec265f6c754f91a436119724d04) Importer(815301076,1909f56bfc062723c751e8b465ee728b)
Start importing Assets/PreFabs/Spawn_vertical.prefab using Guid(3ccd0ec265f6c754f91a436119724d04) Importer(815301076,1909f56bfc062723c751e8b465ee728b)  -> (artifact id: '19aeaa0c6d50841860defa9b7ac27ca7') in 0.103893 seconds 
========================================================================
Received Import Request.
  Time since last request: 0.000043 seconds.
  path: Assets/PreFabs/tile_cornerRound_3.prefab
  artifactKey: Guid(c37ffd21e0e7f894bbc875f62906e080) Importer(815301076,1909f56bfc062723c751e8b465ee728b)
Start importing Assets/PreFabs/tile_cornerRound_3.prefab using Guid(c37ffd21e0e7f894bbc875f62906e080) Importer(815301076,1909f56bfc062723c751e8b465ee728b)  -> (artifact id: '42e9d9fe8348b283ced41cf13efab23d') in 0.086398 seconds 
========================================================================
Received Import Request.
  Time since last request: 0.000061 seconds.
  path: Assets/PreFabs/tile_vertical.prefab
  artifactKey: Guid(f25584255c4743b4c83e48adcda4dc4d) Importer(815301076,1909f56bfc062723c751e8b465ee728b)
Start importing Assets/PreFabs/tile_vertical.prefab using Guid(f25584255c4743b4c83e48adcda4dc4d) Importer(815301076,1909f56bfc062723c751e8b465ee728b)  -> (artifact id: '8bc60e9b7b16a8b8efe451886465b54c') in 0.118225 seconds 
========================================================================
Received Import Request.
  Time since last request: 10.273641 seconds.
  path: Assets/PreFabs/Turret_2.prefab
  artifactKey: Guid(a4d7280df27204045b24d681d944d428) Importer(815301076,1909f56bfc062723c751e8b465ee728b)
Start importing Assets/PreFabs/Turret_2.prefab using Guid(a4d7280df27204045b24d681d944d428) Importer(815301076,1909f56bfc062723c751e8b465ee728b)  -> (artifact id: 'f9493daa3cb22b391f66b927f44debaf') in 0.076799 seconds 
========================================================================
Received Import Request.
  Time since last request: 9.678179 seconds.
  path: Assets/PreFabs/Turret_3.prefab
  artifactKey: Guid(31ddf33d6283c594ab57ecbee37e3416) Importer(815301076,1909f56bfc062723c751e8b465ee728b)
Start importing Assets/PreFabs/Turret_3.prefab using Guid(31ddf33d6283c594ab57ecbee37e3416) Importer(815301076,1909f56bfc062723c751e8b465ee728b)  -> (artifact id: '82ee03e48969a07c3689bdf39dcbecc5') in 0.063319 seconds 
========================================================================
Received Import Request.
  Time since last request: 3.013947 seconds.
  path: Assets/PreFabs/Turret_4.prefab
  artifactKey: Guid(f4045f8a1a1016c4089610496be8aaf9) Importer(815301076,1909f56bfc062723c751e8b465ee728b)
Start importing Assets/PreFabs/Turret_4.prefab using Guid(f4045f8a1a1016c4089610496be8aaf9) Importer(815301076,1909f56bfc062723c751e8b465ee728b)  -> (artifact id: 'bb8f4a83067d3d55ec33b830661abb77') in 0.229604 seconds 
========================================================================
Received Import Request.
  Time since last request: 2.580417 seconds.
  path: Assets/PreFabs/Turret_1.prefab
  artifactKey: Guid(875780faa707def4f9fa25fd16401ea4) Importer(815301076,1909f56bfc062723c751e8b465ee728b)
Start importing Assets/PreFabs/Turret_1.prefab using Guid(875780faa707def4f9fa25fd16401ea4) Importer(815301076,1909f56bfc062723c751e8b465ee728b)  -> (artifact id: '00f98c80aed63953cdc12193be891a61') in 0.061063 seconds 
========================================================================
Received Import Request.
  Time since last request: 136.528077 seconds.
  path: Assets/PreFabs/TowerPrefabs
  artifactKey: Guid(5fd816ca31348ed47ae14b23cc5995b7) Importer(815301076,1909f56bfc062723c751e8b465ee728b)
Start importing Assets/PreFabs/TowerPrefabs using Guid(5fd816ca31348ed47ae14b23cc5995b7) Importer(815301076,1909f56bfc062723c751e8b465ee728b)  -> (artifact id: 'b14d6a0abb1eb8227ffb2da84d70fb9b') in 0.026360 seconds 
========================================================================
Received Import Request.
  Time since last request: 11.390403 seconds.
  path: Assets/PreFabs/TowerPrefabs/Turret_2 (1) Variant.prefab
  artifactKey: Guid(d377c5d60d319e4479b58d94aac1c866) Importer(815301076,1909f56bfc062723c751e8b465ee728b)
Start importing Assets/PreFabs/TowerPrefabs/Turret_2 (1) Variant.prefab using Guid(d377c5d60d319e4479b58d94aac1c866) Importer(815301076,1909f56bfc062723c751e8b465ee728b)  -> (artifact id: '1c59b1d64a67495064b12764b5900911') in 0.217614 seconds 
========================================================================
Received Import Request.
  Time since last request: 6.482393 seconds.
  path: Assets/PreFabs/TowerPrefabs/Turret_3 Variant.prefab
  artifactKey: Guid(35f1d788c0abb0243b2669ab695ef858) Importer(815301076,1909f56bfc062723c751e8b465ee728b)
Start importing Assets/PreFabs/TowerPrefabs/Turret_3 Variant.prefab using Guid(35f1d788c0abb0243b2669ab695ef858) Importer(815301076,1909f56bfc062723c751e8b465ee728b)  -> (artifact id: 'ae72f524b7d2184ea583058710a94d7c') in 0.087476 seconds 
========================================================================
Received Import Request.
  Time since last request: 55.888851 seconds.
  path: Assets/PreFabs/TowerPrefabs/Turret_2.prefab
  artifactKey: Guid(713eabbd44d57ff46b3d1e8c28ca2681) Importer(815301076,1909f56bfc062723c751e8b465ee728b)
Start importing Assets/PreFabs/TowerPrefabs/Turret_2.prefab using Guid(713eabbd44d57ff46b3d1e8c28ca2681) Importer(815301076,1909f56bfc062723c751e8b465ee728b)  -> (artifact id: '728bb8d1fb0dd01ce7b7f9d9ba7bcb54') in 0.083195 seconds 
========================================================================
Received Import Request.
  Time since last request: 3.647346 seconds.
  path: Assets/PreFabs/TowerPrefabs/Turret_1.prefab
  artifactKey: Guid(e79eff340f82f86468f00e92498d9e69) Importer(815301076,1909f56bfc062723c751e8b465ee728b)
Start importing Assets/PreFabs/TowerPrefabs/Turret_1.prefab using Guid(e79eff340f82f86468f00e92498d9e69) Importer(815301076,1909f56bfc062723c751e8b465ee728b)  -> (artifact id: 'b2424847fcceb53073f00353c0e0aed1') in 0.077487 seconds 
========================================================================
Received Import Request.
  Time since last request: 5.640025 seconds.
  path: Assets/PreFabs/TowerPrefabs/Turret_3.prefab
  artifactKey: Guid(9f16a9eeb0efb6e4e8c0ec2e8ad2a228) Importer(815301076,1909f56bfc062723c751e8b465ee728b)
Start importing Assets/PreFabs/TowerPrefabs/Turret_3.prefab using Guid(9f16a9eeb0efb6e4e8c0ec2e8ad2a228) Importer(815301076,1909f56bfc062723c751e8b465ee728b)  -> (artifact id: '51fb6f4641da51926c43b68cb06d0273') in 0.078654 seconds 
========================================================================
Received Import Request.
  Time since last request: 3.196853 seconds.
  path: Assets/PreFabs/TowerPrefabs/Turret_4.prefab
  artifactKey: Guid(2141c6879ddc3fb4b857d5b2917034ac) Importer(815301076,1909f56bfc062723c751e8b465ee728b)
Start importing Assets/PreFabs/TowerPrefabs/Turret_4.prefab using Guid(2141c6879ddc3fb4b857d5b2917034ac) Importer(815301076,1909f56bfc062723c751e8b465ee728b)  -> (artifact id: '3d9fa6fe984bdb2fa59a3cee613e81e5') in 0.083239 seconds 
========================================================================
Received Import Request.
  Time since last request: 498.204552 seconds.
  path: Assets/PreFabs/TowerPrefabs/Turret_1.prefab
  artifactKey: Guid(e79eff340f82f86468f00e92498d9e69) Importer(815301076,1909f56bfc062723c751e8b465ee728b)
Start importing Assets/PreFabs/TowerPrefabs/Turret_1.prefab using Guid(e79eff340f82f86468f00e92498d9e69) Importer(815301076,1909f56bfc062723c751e8b465ee728b)  -> (artifact id: 'e0b45cf1ac4d97ad17569adc9e44e8ad') in 0.963470 seconds 
========================================================================
Received Import Request.
  Time since last request: 0.002998 seconds.
  path: Assets/PreFabs/TowerPrefabs/Turret_4.prefab
  artifactKey: Guid(2141c6879ddc3fb4b857d5b2917034ac) Importer(815301076,1909f56bfc062723c751e8b465ee728b)
Start importing Assets/PreFabs/TowerPrefabs/Turret_4.prefab using Guid(2141c6879ddc3fb4b857d5b2917034ac) Importer(815301076,1909f56bfc062723c751e8b465ee728b)  -> (artifact id: 'abcbc4e7b3d33b0459cf5b3fa3a0e3af') in 0.111531 seconds 
========================================================================
Received Import Request.
  Time since last request: 0.000055 seconds.
  path: Assets/PreFabs/TowerPrefabs/Turret_2.prefab
  artifactKey: Guid(713eabbd44d57ff46b3d1e8c28ca2681) Importer(815301076,1909f56bfc062723c751e8b465ee728b)
Start importing Assets/PreFabs/TowerPrefabs/Turret_2.prefab using Guid(713eabbd44d57ff46b3d1e8c28ca2681) Importer(815301076,1909f56bfc062723c751e8b465ee728b)  -> (artifact id: '0c92f3a5042c1fd85556267072739aa4') in 0.101989 seconds 
========================================================================
Received Import Request.
  Time since last request: 0.000043 seconds.
  path: Assets/PreFabs/TowerPrefabs/Turret_3.prefab
  artifactKey: Guid(9f16a9eeb0efb6e4e8c0ec2e8ad2a228) Importer(815301076,1909f56bfc062723c751e8b465ee728b)
Start importing Assets/PreFabs/TowerPrefabs/Turret_3.prefab using Guid(9f16a9eeb0efb6e4e8c0ec2e8ad2a228) Importer(815301076,1909f56bfc062723c751e8b465ee728b)  -> (artifact id: '90ef9fc76fde20d110a9e86858015402') in 0.079341 seconds 
========================================================================
Received Prepare
Registering precompiled user dll's ...
Registered in 0.029289 seconds.
Begin MonoManager ReloadAssembly
Symbol file LoadedFromMemory doesn't match image C:\Users\bqo97\Documents\GitHub\TowerDifence\TowerDifence2.0\Library\PackageCache\com.unity.visualscripting@1.7.8\Editor\VisualScripting.Core\Dependencies\YamlDotNet\Unity.VisualScripting.YamlDotNet.dll
Symbol file LoadedFromMemory doesn't match image C:\Users\bqo97\Documents\GitHub\TowerDifence\TowerDifence2.0\Library\PackageCache\com.unity.visualscripting@1.7.8\Editor\VisualScripting.Core\Dependencies\DotNetZip\Unity.VisualScripting.IonicZip.dll
Native extension for WindowsStandalone target not found
Native extension for WebGL target not found
Refreshing native plugins compatible for Editor in 1.39 ms, found 3 plugins.
Preloading 0 native plugins for Editor in 0.00 ms.
Mono: successfully reloaded assembly
- Completed reload, in  3.617 seconds
Domain Reload Profiling:
	ReloadAssembly (3629ms)
		BeginReloadAssembly (1305ms)
			ExecutionOrderSort (0ms)
			DisableScriptedObjects (53ms)
			BackupInstance (0ms)
			ReleaseScriptingObjects (0ms)
			CreateAndSetChildDomain (513ms)
		EndReloadAssembly (1969ms)
			LoadAssemblies (581ms)
			RebuildTransferFunctionScriptingTraits (0ms)
			SetupTypeCache (701ms)
			ReleaseScriptCaches (5ms)
			RebuildScriptCaches (83ms)
			SetupLoadedEditorAssemblies (755ms)
				LogAssemblyErrors (0ms)
				InitializePlatformSupportModulesInManaged (31ms)
				SetLoadedEditorAssemblies (4ms)
				RefreshPlugins (2ms)
				BeforeProcessingInitializeOnLoad (181ms)
				ProcessInitializeOnLoadAttributes (460ms)
				ProcessInitializeOnLoadMethodAttributes (57ms)
				AfterProcessingInitializeOnLoad (21ms)
				EditorAssembliesLoaded (0ms)
			ExecutionOrderSort2 (0ms)
			AwakeInstancesAfterBackupRestoration (15ms)
Platform modules already initialized, skipping
Refreshing native plugins compatible for Editor in 14.91 ms, found 3 plugins.
Preloading 0 native plugins for Editor in 0.00 ms.
Unloading 3379 Unused Serialized files (Serialized files now loaded: 0)
Unloading 20 unused Assets / (79.8 KB). Loaded Objects now: 3870.
Memory consumption went from 123.1 MB to 123.0 MB.
Total: 46.408984 ms (FindLiveObjects: 1.131437 ms CreateObjectMapping: 0.346474 ms MarkObjects: 44.597964 ms  DeleteObjects: 0.327968 ms)

AssetImportParameters requested are different than current active one (requested -> active):
  custom:video-decoder-ogg-theora: a1e56fd34408186e4bbccfd4996cb3dc -> 
  custom:container-muxer-webm: aa71ff27fc2769a1b78a27578f13a17b -> 
  custom:container-demuxer-webm: 4f35f7cbe854078d1ac9338744f61a02 -> 
  custom:video-encoder-webm-vp8: eb34c28f22e8b96e1ab97ce403110664 -> 
  custom:video-codec-MediaFoundation-h265: 746d11721c4dcdbdad8f713fa42b33f4 -> 
  custom:audio-encoder-webm-vorbis: bf7c407c2cedff20999df2af8eb42d56 -> 
  custom:framework-win-MediaFoundation: 216162199b28c13a410421893ffa2e32 -> 
  custom:container-demuxer-ogg: 62fdf1f143b41e24485cea50d1cbac27 -> 
  custom:video-decoder-webm-vp8: 9c59270c3fd7afecdb556c50c9e8de78 -> 
  custom:audio-decoder-ogg-vorbis: bf7c407c2cedff20999df2af8eb42d56 -> 
========================================================================
Received Import Request.
  Time since last request: 28.324966 seconds.
  path: Assets/PreFabs/TowerPrefabs/Turret_1.prefab
  artifactKey: Guid(e79eff340f82f86468f00e92498d9e69) Importer(815301076,1909f56bfc062723c751e8b465ee728b)
Start importing Assets/PreFabs/TowerPrefabs/Turret_1.prefab using Guid(e79eff340f82f86468f00e92498d9e69) Importer(815301076,1909f56bfc062723c751e8b465ee728b)  -> (artifact id: '8d7638476604041a58eb79c56dd11961') in 0.354893 seconds 
========================================================================
Received Import Request.
  Time since last request: 0.000042 seconds.
  path: Assets/PreFabs/TowerPrefabs/Turret_4.prefab
  artifactKey: Guid(2141c6879ddc3fb4b857d5b2917034ac) Importer(815301076,1909f56bfc062723c751e8b465ee728b)
Start importing Assets/PreFabs/TowerPrefabs/Turret_4.prefab using Guid(2141c6879ddc3fb4b857d5b2917034ac) Importer(815301076,1909f56bfc062723c751e8b465ee728b)  -> (artifact id: '649982c964589d4b9f4fb3e85ea2f1d3') in 0.334945 seconds 
========================================================================
Received Import Request.
  Time since last request: 0.000077 seconds.
  path: Assets/PreFabs/TowerPrefabs/Turret_2.prefab
  artifactKey: Guid(713eabbd44d57ff46b3d1e8c28ca2681) Importer(815301076,1909f56bfc062723c751e8b465ee728b)
Start importing Assets/PreFabs/TowerPrefabs/Turret_2.prefab using Guid(713eabbd44d57ff46b3d1e8c28ca2681) Importer(815301076,1909f56bfc062723c751e8b465ee728b)  -> (artifact id: 'c8037056596f896f809e77f9543aa0e8') in 0.126652 seconds 
========================================================================
Received Import Request.
  Time since last request: 0.000080 seconds.
  path: Assets/PreFabs/TowerPrefabs/Turret_3.prefab
  artifactKey: Guid(9f16a9eeb0efb6e4e8c0ec2e8ad2a228) Importer(815301076,1909f56bfc062723c751e8b465ee728b)
Start importing Assets/PreFabs/TowerPrefabs/Turret_3.prefab using Guid(9f16a9eeb0efb6e4e8c0ec2e8ad2a228) Importer(815301076,1909f56bfc062723c751e8b465ee728b)  -> (artifact id: 'c3147d44ddeb8c4759a35c7851477a67') in 0.112054 seconds 
========================================================================
Received Import Request.
  Time since last request: 173.650841 seconds.
  path: Assets/PreFabs/TowerPrefabs/Turret_1.prefab
  artifactKey: Guid(e79eff340f82f86468f00e92498d9e69) Importer(815301076,1909f56bfc062723c751e8b465ee728b)
Start importing Assets/PreFabs/TowerPrefabs/Turret_1.prefab using Guid(e79eff340f82f86468f00e92498d9e69) Importer(815301076,1909f56bfc062723c751e8b465ee728b)  -> (artifact id: '32004985e0e03cdd9ae12ac229f7f719') in 0.851281 seconds 
========================================================================
Received Import Request.
  Time since last request: 0.000590 seconds.
  path: Assets/PreFabs/TowerPrefabs/Turret_4.prefab
  artifactKey: Guid(2141c6879ddc3fb4b857d5b2917034ac) Importer(815301076,1909f56bfc062723c751e8b465ee728b)
Start importing Assets/PreFabs/TowerPrefabs/Turret_4.prefab using Guid(2141c6879ddc3fb4b857d5b2917034ac) Importer(815301076,1909f56bfc062723c751e8b465ee728b)  -> (artifact id: 'ed34641a8acdf830724ac90d020e68f1') in 0.108337 seconds 
========================================================================
Received Import Request.
  Time since last request: 0.000945 seconds.
  path: Assets/PreFabs/TowerPrefabs/Turret_2.prefab
  artifactKey: Guid(713eabbd44d57ff46b3d1e8c28ca2681) Importer(815301076,1909f56bfc062723c751e8b465ee728b)
Start importing Assets/PreFabs/TowerPrefabs/Turret_2.prefab using Guid(713eabbd44d57ff46b3d1e8c28ca2681) Importer(815301076,1909f56bfc062723c751e8b465ee728b)  -> (artifact id: 'cefdf59aab1cef702706d7c573a10725') in 0.080684 seconds 
========================================================================
Received Import Request.
  Time since last request: 0.000060 seconds.
  path: Assets/PreFabs/TowerPrefabs/Turret_3.prefab
  artifactKey: Guid(9f16a9eeb0efb6e4e8c0ec2e8ad2a228) Importer(815301076,1909f56bfc062723c751e8b465ee728b)
Start importing Assets/PreFabs/TowerPrefabs/Turret_3.prefab using Guid(9f16a9eeb0efb6e4e8c0ec2e8ad2a228) Importer(815301076,1909f56bfc062723c751e8b465ee728b)  -> (artifact id: '5e5fe009ad25a17f1f7bb0a84d0f9c71') in 1.083239 seconds 
========================================================================
Received Prepare
Registering precompiled user dll's ...
Registered in 0.039517 seconds.
Begin MonoManager ReloadAssembly
Symbol file LoadedFromMemory doesn't match image C:\Users\bqo97\Documents\GitHub\TowerDifence\TowerDifence2.0\Library\PackageCache\com.unity.visualscripting@1.7.8\Editor\VisualScripting.Core\Dependencies\YamlDotNet\Unity.VisualScripting.YamlDotNet.dll
Symbol file LoadedFromMemory doesn't match image C:\Users\bqo97\Documents\GitHub\TowerDifence\TowerDifence2.0\Library\PackageCache\com.unity.visualscripting@1.7.8\Editor\VisualScripting.Core\Dependencies\DotNetZip\Unity.VisualScripting.IonicZip.dll
Native extension for WindowsStandalone target not found
Native extension for WebGL target not found
Refreshing native plugins compatible for Editor in 2.47 ms, found 3 plugins.
Preloading 0 native plugins for Editor in 0.00 ms.
Mono: successfully reloaded assembly
- Completed reload, in  7.119 seconds
Domain Reload Profiling:
	ReloadAssembly (7126ms)
		BeginReloadAssembly (1690ms)
			ExecutionOrderSort (0ms)
			DisableScriptedObjects (60ms)
			BackupInstance (0ms)
			ReleaseScriptingObjects (0ms)
			CreateAndSetChildDomain (785ms)
		EndReloadAssembly (4500ms)
			LoadAssemblies (1347ms)
			RebuildTransferFunctionScriptingTraits (1ms)
			SetupTypeCache (1611ms)
			ReleaseScriptCaches (5ms)
			RebuildScriptCaches (120ms)
			SetupLoadedEditorAssemblies (1429ms)
				LogAssemblyErrors (0ms)
				InitializePlatformSupportModulesInManaged (47ms)
				SetLoadedEditorAssemblies (1ms)
				RefreshPlugins (3ms)
				BeforeProcessingInitializeOnLoad (278ms)
				ProcessInitializeOnLoadAttributes (927ms)
				ProcessInitializeOnLoadMethodAttributes (113ms)
				AfterProcessingInitializeOnLoad (56ms)
				EditorAssembliesLoaded (3ms)
			ExecutionOrderSort2 (0ms)
			AwakeInstancesAfterBackupRestoration (30ms)
Platform modules already initialized, skipping
Refreshing native plugins compatible for Editor in 8.77 ms, found 3 plugins.
Preloading 0 native plugins for Editor in 0.00 ms.
Unloading 3379 Unused Serialized files (Serialized files now loaded: 0)
Unloading 20 unused Assets / (79.7 KB). Loaded Objects now: 3873.
Memory consumption went from 123.2 MB to 123.1 MB.
Total: 9.489475 ms (FindLiveObjects: 0.605044 ms CreateObjectMapping: 0.369092 ms MarkObjects: 8.371918 ms  DeleteObjects: 0.140851 ms)

AssetImportParameters requested are different than current active one (requested -> active):
  custom:video-decoder-ogg-theora: a1e56fd34408186e4bbccfd4996cb3dc -> 
  custom:container-muxer-webm: aa71ff27fc2769a1b78a27578f13a17b -> 
  custom:container-demuxer-webm: 4f35f7cbe854078d1ac9338744f61a02 -> 
  custom:video-encoder-webm-vp8: eb34c28f22e8b96e1ab97ce403110664 -> 
  custom:video-codec-MediaFoundation-h265: 746d11721c4dcdbdad8f713fa42b33f4 -> 
  custom:audio-encoder-webm-vorbis: bf7c407c2cedff20999df2af8eb42d56 -> 
  custom:framework-win-MediaFoundation: 216162199b28c13a410421893ffa2e32 -> 
  custom:container-demuxer-ogg: 62fdf1f143b41e24485cea50d1cbac27 -> 
  custom:video-decoder-webm-vp8: 9c59270c3fd7afecdb556c50c9e8de78 -> 
  custom:audio-decoder-ogg-vorbis: bf7c407c2cedff20999df2af8eb42d56 -> 
========================================================================
Received Import Request.
  Time since last request: 25.930593 seconds.
  path: Assets/PreFabs/TowerPrefabs/Turret_1.prefab
  artifactKey: Guid(e79eff340f82f86468f00e92498d9e69) Importer(815301076,1909f56bfc062723c751e8b465ee728b)
Start importing Assets/PreFabs/TowerPrefabs/Turret_1.prefab using Guid(e79eff340f82f86468f00e92498d9e69) Importer(815301076,1909f56bfc062723c751e8b465ee728b)  -> (artifact id: 'cb720b8dab842bf0dd0e346b0eaa1ed0') in 0.176646 seconds 
========================================================================
Received Import Request.
  Time since last request: 0.000036 seconds.
  path: Assets/PreFabs/TowerPrefabs/Turret_4.prefab
  artifactKey: Guid(2141c6879ddc3fb4b857d5b2917034ac) Importer(815301076,1909f56bfc062723c751e8b465ee728b)
Start importing Assets/PreFabs/TowerPrefabs/Turret_4.prefab using Guid(2141c6879ddc3fb4b857d5b2917034ac) Importer(815301076,1909f56bfc062723c751e8b465ee728b)  -> (artifact id: 'f868556e07b78168114e8487466c89d7') in 0.224184 seconds 
========================================================================
Received Import Request.
  Time since last request: 0.000041 seconds.
  path: Assets/PreFabs/TowerPrefabs/Turret_2.prefab
  artifactKey: Guid(713eabbd44d57ff46b3d1e8c28ca2681) Importer(815301076,1909f56bfc062723c751e8b465ee728b)
Start importing Assets/PreFabs/TowerPrefabs/Turret_2.prefab using Guid(713eabbd44d57ff46b3d1e8c28ca2681) Importer(815301076,1909f56bfc062723c751e8b465ee728b)  -> (artifact id: '0fe31a9ecaa379b9334e1337e300cdbf') in 0.102298 seconds 
========================================================================
Received Import Request.
  Time since last request: 0.000046 seconds.
  path: Assets/PreFabs/TowerPrefabs/Turret_3.prefab
  artifactKey: Guid(9f16a9eeb0efb6e4e8c0ec2e8ad2a228) Importer(815301076,1909f56bfc062723c751e8b465ee728b)
Start importing Assets/PreFabs/TowerPrefabs/Turret_3.prefab using Guid(9f16a9eeb0efb6e4e8c0ec2e8ad2a228) Importer(815301076,1909f56bfc062723c751e8b465ee728b)  -> (artifact id: '03e086cb3085859ca909b1255d58525d') in 0.184531 seconds 
